[INFO ] 24-11-04 14:43:03 [CrudApplication:50] - Starting CrudApplication using Java 17.0.2 with PID 16356 (D:\jinju\07_SpringBoot\10-crud\build\classes\java\main started by user in D:\jinju\07_SpringBoot\10-crud)
[DEBUG] 24-11-04 14:43:03 [CrudApplication:51] - Running with Spring Boot v3.3.5, Spring v6.1.14
[INFO ] 24-11-04 14:43:03 [CrudApplication:654] - No active profile set, falling back to 1 default profile: "default"
[DEBUG] 24-11-04 14:43:05 [LogFactory:109] - Logging initialized using 'class org.apache.ibatis.logging.slf4j.Slf4jImpl' adapter.
[INFO ] 24-11-04 14:43:06 [CrudApplication:56] - Started CrudApplication in 3.233 seconds (process running for 3.926)
[INFO ] 24-11-04 14:43:13 [MyInterceptor:45] - -------------- new client connect --------------
[INFO ] 24-11-04 14:43:13 [MyInterceptor:63] - [Client] 0:0:0:0:0:0:0:1, Other, Windows 10, Chrome 130.0
[INFO ] 24-11-04 14:43:13 [MyInterceptor:81] - [GET] http://localhost:8080/api/department
[DEBUG] 24-11-04 14:43:13 [selectCount:135] - ==>  Preparing: SELECT COUNT(*) AS cnt FROM department
[DEBUG] 24-11-04 14:43:13 [selectCount:135] - ==> Parameters: 
[INFO ] 24-11-04 14:43:13 [sqlonly:228] - SELECT COUNT(*) AS cnt FROM department

[INFO ] 24-11-04 14:43:13 [resultsettable:610] - 
|----|
|cnt |
|----|
|19  |
|----|

[DEBUG] 24-11-04 14:43:13 [selectCount:135] - <==      Total: 1
[DEBUG] 24-11-04 14:43:13 [Pagination:88] - Pagination(nowPage=1, totalCount=19, listCount=10, groupCount=5, totalPage=2, startPage=1, endPage=2, prevPage=0, nextPage=0, offset=0)
[DEBUG] 24-11-04 14:43:13 [selectList:135] - ==>  Preparing: SELECT deptno, dname, loc FROM department ORDER BY deptno DESC LIMIT ?, ?
[DEBUG] 24-11-04 14:43:13 [selectList:135] - ==> Parameters: 0(Integer), 10(Integer)
[INFO ] 24-11-04 14:43:13 [sqlonly:228] - SELECT deptno, dname, loc FROM department  ORDER BY deptno DESC  LIMIT 0, 10

[INFO ] 24-11-04 14:43:13 [resultsettable:610] - 
|-------|---------|--------|
|deptno |dname    |loc     |
|-------|---------|--------|
|360    |신대리화이팅   |에이드입니다  |
|358    |짬뽕먹을래요1  |안팔아요1   |
|357    |짜장면1인분이요 |총5억입니다  |
|355    |추가요      |네       |
|354    |김대리학과    |화이팅     |
|352    |등록수정     |등록수정    |
|331    |테스트학과2   |테스트강의실3 |
|330    |테스트학과1   |테스트강의실2 |
|324    |스프링학과    |강의실     |
|322    |테스트 학과   |강남      |
|-------|---------|--------|

[DEBUG] 24-11-04 14:43:13 [selectList:135] - <==      Total: 10
[INFO ] 24-11-04 14:43:13 [MyInterceptor:118] - running time : 652(ms)
[INFO ] 24-11-04 14:43:19 [MyInterceptor:45] - -------------- new client connect --------------
[INFO ] 24-11-04 14:43:19 [MyInterceptor:63] - [Client] 0:0:0:0:0:0:0:1, Other, Windows 10, Chrome 130.0
[INFO ] 24-11-04 14:43:19 [MyInterceptor:81] - [GET] http://localhost:8080/department
[DEBUG] 24-11-04 14:43:19 [selectCount:135] - ==>  Preparing: SELECT COUNT(*) AS cnt FROM department
[DEBUG] 24-11-04 14:43:19 [selectCount:135] - ==> Parameters: 
[INFO ] 24-11-04 14:43:19 [sqlonly:228] - SELECT COUNT(*) AS cnt FROM department

[INFO ] 24-11-04 14:43:19 [resultsettable:610] - 
|----|
|cnt |
|----|
|19  |
|----|

[DEBUG] 24-11-04 14:43:19 [selectCount:135] - <==      Total: 1
[DEBUG] 24-11-04 14:43:19 [Pagination:88] - Pagination(nowPage=1, totalCount=19, listCount=10, groupCount=5, totalPage=2, startPage=1, endPage=2, prevPage=0, nextPage=0, offset=0)
[DEBUG] 24-11-04 14:43:19 [selectList:135] - ==>  Preparing: SELECT deptno, dname, loc FROM department ORDER BY deptno DESC LIMIT ?, ?
[DEBUG] 24-11-04 14:43:19 [selectList:135] - ==> Parameters: 0(Integer), 10(Integer)
[INFO ] 24-11-04 14:43:19 [sqlonly:228] - SELECT deptno, dname, loc FROM department  ORDER BY deptno DESC  LIMIT 0, 10

[INFO ] 24-11-04 14:43:19 [resultsettable:610] - 
|-------|---------|--------|
|deptno |dname    |loc     |
|-------|---------|--------|
|360    |신대리화이팅   |에이드입니다  |
|358    |짬뽕먹을래요1  |안팔아요1   |
|357    |짜장면1인분이요 |총5억입니다  |
|355    |추가요      |네       |
|354    |김대리학과    |화이팅     |
|352    |등록수정     |등록수정    |
|331    |테스트학과2   |테스트강의실3 |
|330    |테스트학과1   |테스트강의실2 |
|324    |스프링학과    |강의실     |
|322    |테스트 학과   |강남      |
|-------|---------|--------|

[DEBUG] 24-11-04 14:43:19 [selectList:135] - <==      Total: 10
[INFO ] 24-11-04 14:43:19 [MyInterceptor:118] - running time : 79(ms)
[INFO ] 24-11-04 14:43:24 [MyInterceptor:45] - -------------- new client connect --------------
[INFO ] 24-11-04 14:43:24 [MyInterceptor:63] - [Client] 0:0:0:0:0:0:0:1, Other, Windows 10, Chrome 130.0
[INFO ] 24-11-04 14:43:24 [MyInterceptor:81] - [GET] http://localhost:8080/department/view/322
[INFO ] 24-11-04 14:43:24 [MyInterceptor:97] - - REFERER : time=4933, url=http://localhost:8080/department
[DEBUG] 24-11-04 14:43:24 [selectItem:135] - ==>  Preparing: SELECT deptno, dname, loc FROM department WHERE deptno=?
[DEBUG] 24-11-04 14:43:24 [selectItem:135] - ==> Parameters: 322(Integer)
[INFO ] 24-11-04 14:43:24 [sqlonly:228] - SELECT deptno, dname, loc FROM department WHERE deptno=322

[INFO ] 24-11-04 14:43:24 [resultsettable:610] - 
|-------|-------|----|
|deptno |dname  |loc |
|-------|-------|----|
|322    |테스트 학과 |강남  |
|-------|-------|----|

[DEBUG] 24-11-04 14:43:24 [selectItem:135] - <==      Total: 1
[DEBUG] 24-11-04 14:43:24 [selectList:135] - ==>  Preparing: SELECT profno, name, userid, position, sal, DATE_FORMAT(hiredate, '%Y-%m-%d') AS hiredate, comm, p.deptno AS deptno, dname FROM professor p INNER JOIN department d ON p.deptno = d.deptno WHERE p.deptNo = ? ORDER BY profno DESC
[DEBUG] 24-11-04 14:43:24 [selectList:135] - ==> Parameters: 322(Integer)
[INFO ] 24-11-04 14:43:24 [sqlonly:228] - SELECT profno, name, userid, position, sal, DATE_FORMAT(hiredate, '%Y-%m-%d') AS hiredate, comm, p.deptno AS deptno, dname FROM professor p INNER JOIN department d ON p.deptno = d.deptno  WHERE p.deptNo = 322 ORDER BY profno DESC

[INFO ] 24-11-04 14:43:24 [resultsettable:610] - 
|-------|-----|-------|---------|----|---------|-----|-------|------|
|profno |name |userid |position |sal |hiredate |comm |deptno |dname |
|-------|-----|-------|---------|----|---------|-----|-------|------|
|-------|-----|-------|---------|----|---------|-----|-------|------|

[DEBUG] 24-11-04 14:43:24 [selectList:135] - <==      Total: 0
[INFO ] 24-11-04 14:43:24 [MyInterceptor:118] - running time : 66(ms)
[INFO ] 24-11-04 14:43:29 [MyInterceptor:45] - -------------- new client connect --------------
[INFO ] 24-11-04 14:43:29 [MyInterceptor:63] - [Client] 0:0:0:0:0:0:0:1, Other, Windows 10, Chrome 130.0
[INFO ] 24-11-04 14:43:29 [MyInterceptor:81] - [GET] http://localhost:8080/department?keyword=&page=2
[INFO ] 24-11-04 14:43:29 [MyInterceptor:88] - param <-- keyword = 
[INFO ] 24-11-04 14:43:29 [MyInterceptor:88] - param <-- page = 2
[INFO ] 24-11-04 14:43:29 [MyInterceptor:97] - - REFERER : time=5176, url=http://localhost:8080/department
[DEBUG] 24-11-04 14:43:29 [selectCount:135] - ==>  Preparing: SELECT COUNT(*) AS cnt FROM department WHERE dname LIKE concat('%', ?, '%') OR loc LIKE concat('%', ?, '%')
[DEBUG] 24-11-04 14:43:29 [selectCount:135] - ==> Parameters: (String), (String)
[INFO ] 24-11-04 14:43:29 [sqlonly:228] - SELECT COUNT(*) AS cnt FROM department WHERE dname LIKE concat('%', '', '%') OR loc LIKE concat('%', '', '%')

[INFO ] 24-11-04 14:43:29 [resultsettable:610] - 
|----|
|cnt |
|----|
|19  |
|----|

[DEBUG] 24-11-04 14:43:29 [selectCount:135] - <==      Total: 1
[DEBUG] 24-11-04 14:43:29 [Pagination:88] - Pagination(nowPage=2, totalCount=19, listCount=10, groupCount=5, totalPage=2, startPage=1, endPage=2, prevPage=0, nextPage=0, offset=10)
[DEBUG] 24-11-04 14:43:29 [selectList:135] - ==>  Preparing: SELECT deptno, dname, loc FROM department WHERE dname LIKE concat('%', ?, '%') OR loc LIKE concat('%', ?, '%') ORDER BY deptno DESC LIMIT ?, ?
[DEBUG] 24-11-04 14:43:29 [selectList:135] - ==> Parameters: (String), (String), 10(Integer), 10(Integer)
[INFO ] 24-11-04 14:43:29 [sqlonly:228] - SELECT deptno, dname, loc FROM department WHERE dname LIKE concat('%', '', '%') OR loc LIKE concat('%', '', '%') ORDER BY deptno DESC  LIMIT 10, 10

[INFO ] 24-11-04 14:43:29 [resultsettable:610] - 
|-------|-------|-------|
|deptno |dname  |loc    |
|-------|-------|-------|
|320    |자바     |학원     |
|319    |인터넷정보과 |공학관    |
|316    |수정학과   |수정위치   |
|315    |자바수정   |학원2수정  |
|202    |hello  |world  |
|201    |hello  |world  |
|103    |hello  |world  |
|102    |학과수정2  |강의실수정3 |
|101    |컴퓨터공학과 |1호관    |
|-------|-------|-------|

[DEBUG] 24-11-04 14:43:29 [selectList:135] - <==      Total: 9
[INFO ] 24-11-04 14:43:29 [MyInterceptor:118] - running time : 77(ms)
[INFO ] 24-11-04 14:43:30 [MyInterceptor:45] - -------------- new client connect --------------
[INFO ] 24-11-04 14:43:30 [MyInterceptor:63] - [Client] 0:0:0:0:0:0:0:1, Other, Windows 10, Chrome 130.0
[INFO ] 24-11-04 14:43:30 [MyInterceptor:81] - [GET] http://localhost:8080/department/view/320
[INFO ] 24-11-04 14:43:30 [MyInterceptor:97] - - REFERER : time=876, url=http://localhost:8080/department?keyword=&page=2
[DEBUG] 24-11-04 14:43:30 [selectItem:135] - ==>  Preparing: SELECT deptno, dname, loc FROM department WHERE deptno=?
[DEBUG] 24-11-04 14:43:30 [selectItem:135] - ==> Parameters: 320(Integer)
[INFO ] 24-11-04 14:43:30 [sqlonly:228] - SELECT deptno, dname, loc FROM department WHERE deptno=320

[INFO ] 24-11-04 14:43:30 [resultsettable:610] - 
|-------|------|----|
|deptno |dname |loc |
|-------|------|----|
|320    |자바    |학원  |
|-------|------|----|

[DEBUG] 24-11-04 14:43:30 [selectItem:135] - <==      Total: 1
[DEBUG] 24-11-04 14:43:30 [selectList:135] - ==>  Preparing: SELECT profno, name, userid, position, sal, DATE_FORMAT(hiredate, '%Y-%m-%d') AS hiredate, comm, p.deptno AS deptno, dname FROM professor p INNER JOIN department d ON p.deptno = d.deptno WHERE p.deptNo = ? ORDER BY profno DESC
[DEBUG] 24-11-04 14:43:30 [selectList:135] - ==> Parameters: 320(Integer)
[INFO ] 24-11-04 14:43:30 [sqlonly:228] - SELECT profno, name, userid, position, sal, DATE_FORMAT(hiredate, '%Y-%m-%d') AS hiredate, comm, p.deptno AS deptno, dname FROM professor p INNER JOIN department d ON p.deptno = d.deptno  WHERE p.deptNo = 320 ORDER BY profno DESC

[INFO ] 24-11-04 14:43:30 [resultsettable:610] - 
|-------|-----|-------|---------|----|---------|-----|-------|------|
|profno |name |userid |position |sal |hiredate |comm |deptno |dname |
|-------|-----|-------|---------|----|---------|-----|-------|------|
|-------|-----|-------|---------|----|---------|-----|-------|------|

[DEBUG] 24-11-04 14:43:30 [selectList:135] - <==      Total: 0
[INFO ] 24-11-04 14:43:30 [MyInterceptor:118] - running time : 51(ms)
[INFO ] 24-11-04 14:43:32 [MyInterceptor:45] - -------------- new client connect --------------
[INFO ] 24-11-04 14:43:32 [MyInterceptor:63] - [Client] 0:0:0:0:0:0:0:1, Other, Windows 10, Chrome 130.0
[INFO ] 24-11-04 14:43:32 [MyInterceptor:81] - [GET] http://localhost:8080/department/view/101
[INFO ] 24-11-04 14:43:32 [MyInterceptor:97] - - REFERER : time=2071, url=http://localhost:8080/department?keyword=&page=2
[DEBUG] 24-11-04 14:43:32 [selectItem:135] - ==>  Preparing: SELECT deptno, dname, loc FROM department WHERE deptno=?
[DEBUG] 24-11-04 14:43:32 [selectItem:135] - ==> Parameters: 101(Integer)
[INFO ] 24-11-04 14:43:32 [sqlonly:228] - SELECT deptno, dname, loc FROM department WHERE deptno=101

[INFO ] 24-11-04 14:43:32 [resultsettable:610] - 
|-------|-------|----|
|deptno |dname  |loc |
|-------|-------|----|
|101    |컴퓨터공학과 |1호관 |
|-------|-------|----|

[DEBUG] 24-11-04 14:43:32 [selectItem:135] - <==      Total: 1
[DEBUG] 24-11-04 14:43:32 [selectList:135] - ==>  Preparing: SELECT profno, name, userid, position, sal, DATE_FORMAT(hiredate, '%Y-%m-%d') AS hiredate, comm, p.deptno AS deptno, dname FROM professor p INNER JOIN department d ON p.deptno = d.deptno WHERE p.deptNo = ? ORDER BY profno DESC
[DEBUG] 24-11-04 14:43:32 [selectList:135] - ==> Parameters: 101(Integer)
[INFO ] 24-11-04 14:43:32 [sqlonly:228] - SELECT profno, name, userid, position, sal, DATE_FORMAT(hiredate, '%Y-%m-%d') AS hiredate, comm, p.deptno AS deptno, dname FROM professor p INNER JOIN department d ON p.deptno = d.deptno  WHERE p.deptNo = 101 ORDER BY profno DESC

[INFO ] 24-11-04 14:43:32 [resultsettable:610] - 
|-------|------|----------|---------|-----|-----------|-------|-------|-------|
|profno |name  |userid    |position |sal  |hiredate   |comm   |deptno |dname  |
|-------|------|----------|---------|-----|-----------|-------|-------|-------|
|9923   |교수테스트 |id        |교수       |100  |2024-10-01 |[null] |101    |컴퓨터공학과 |
|9918   |이름수정2 |id        |교수       |10   |2020-10-10 |[null] |101    |컴퓨터공학과 |
|9916   |테스트이름 |abcd1234  |교수       |500  |2024-01-01 |20     |101    |컴퓨터공학과 |
|9915   |테스트이름 |abcd1234  |교수       |500  |2024-01-01 |20     |101    |컴퓨터공학과 |
|9914   |테스트이름 |abcd1234  |교수       |500  |2024-01-01 |20     |101    |컴퓨터공학과 |
|9912   |테스트이름 |abcd1234  |교수       |500  |2024-01-01 |20     |101    |컴퓨터공학과 |
|9910   |심진주   |jinju0323 |총장       |9000 |2023-10-01 |500    |101    |컴퓨터공학과 |
|9907   |전은지   |totoro    |전임강사     |210  |2001-05-11 |[null] |101    |컴퓨터공학과 |
|9906   |이만식   |pocari    |부교수      |420  |1988-07-11 |[null] |101    |컴퓨터공학과 |
|9903   |성연희   |pascal    |조교수      |360  |1993-03-17 |15     |101    |컴퓨터공학과 |
|9901   |김도훈   |capool    |교수       |500  |1982-06-12 |20     |101    |컴퓨터공학과 |
|-------|------|----------|---------|-----|-----------|-------|-------|-------|

[DEBUG] 24-11-04 14:43:32 [selectList:135] - <==      Total: 11
[INFO ] 24-11-04 14:43:32 [MyInterceptor:118] - running time : 48(ms)
[INFO ] 24-11-04 14:43:40 [MyInterceptor:45] - -------------- new client connect --------------
[INFO ] 24-11-04 14:43:40 [MyInterceptor:63] - [Client] 0:0:0:0:0:0:0:1, Other, Windows 10, Chrome 130.0
[INFO ] 24-11-04 14:43:40 [MyInterceptor:81] - [GET] http://localhost:8080/department
[INFO ] 24-11-04 14:43:41 [MyInterceptor:97] - - REFERER : time=8248, url=http://localhost:8080/department/view/101
[DEBUG] 24-11-04 14:43:41 [selectCount:135] - ==>  Preparing: SELECT COUNT(*) AS cnt FROM department
[DEBUG] 24-11-04 14:43:41 [selectCount:135] - ==> Parameters: 
[INFO ] 24-11-04 14:43:41 [sqlonly:228] - SELECT COUNT(*) AS cnt FROM department

[INFO ] 24-11-04 14:43:41 [resultsettable:610] - 
|----|
|cnt |
|----|
|19  |
|----|

[DEBUG] 24-11-04 14:43:41 [selectCount:135] - <==      Total: 1
[DEBUG] 24-11-04 14:43:41 [Pagination:88] - Pagination(nowPage=1, totalCount=19, listCount=10, groupCount=5, totalPage=2, startPage=1, endPage=2, prevPage=0, nextPage=0, offset=0)
[DEBUG] 24-11-04 14:43:41 [selectList:135] - ==>  Preparing: SELECT deptno, dname, loc FROM department ORDER BY deptno DESC LIMIT ?, ?
[DEBUG] 24-11-04 14:43:41 [selectList:135] - ==> Parameters: 0(Integer), 10(Integer)
[INFO ] 24-11-04 14:43:41 [sqlonly:228] - SELECT deptno, dname, loc FROM department  ORDER BY deptno DESC  LIMIT 0, 10

[INFO ] 24-11-04 14:43:41 [resultsettable:610] - 
|-------|---------|--------|
|deptno |dname    |loc     |
|-------|---------|--------|
|360    |신대리화이팅   |에이드입니다  |
|358    |짬뽕먹을래요1  |안팔아요1   |
|357    |짜장면1인분이요 |총5억입니다  |
|355    |추가요      |네       |
|354    |김대리학과    |화이팅     |
|352    |등록수정     |등록수정    |
|331    |테스트학과2   |테스트강의실3 |
|330    |테스트학과1   |테스트강의실2 |
|324    |스프링학과    |강의실     |
|322    |테스트 학과   |강남      |
|-------|---------|--------|

[DEBUG] 24-11-04 14:43:41 [selectList:135] - <==      Total: 10
[INFO ] 24-11-04 14:43:41 [MyInterceptor:118] - running time : 44(ms)
[INFO ] 24-11-04 14:43:44 [MyInterceptor:45] - -------------- new client connect --------------
[INFO ] 24-11-04 14:43:44 [MyInterceptor:63] - [Client] 0:0:0:0:0:0:0:1, Other, Windows 10, Chrome 130.0
[INFO ] 24-11-04 14:43:44 [MyInterceptor:81] - [GET] http://localhost:8080/department/view/360
[INFO ] 24-11-04 14:43:44 [MyInterceptor:97] - - REFERER : time=3451, url=http://localhost:8080/department
[DEBUG] 24-11-04 14:43:44 [selectItem:135] - ==>  Preparing: SELECT deptno, dname, loc FROM department WHERE deptno=?
[DEBUG] 24-11-04 14:43:44 [selectItem:135] - ==> Parameters: 360(Integer)
[INFO ] 24-11-04 14:43:44 [sqlonly:228] - SELECT deptno, dname, loc FROM department WHERE deptno=360

[INFO ] 24-11-04 14:43:44 [resultsettable:610] - 
|-------|-------|-------|
|deptno |dname  |loc    |
|-------|-------|-------|
|360    |신대리화이팅 |에이드입니다 |
|-------|-------|-------|

[DEBUG] 24-11-04 14:43:44 [selectItem:135] - <==      Total: 1
[DEBUG] 24-11-04 14:43:44 [selectList:135] - ==>  Preparing: SELECT profno, name, userid, position, sal, DATE_FORMAT(hiredate, '%Y-%m-%d') AS hiredate, comm, p.deptno AS deptno, dname FROM professor p INNER JOIN department d ON p.deptno = d.deptno WHERE p.deptNo = ? ORDER BY profno DESC
[DEBUG] 24-11-04 14:43:44 [selectList:135] - ==> Parameters: 360(Integer)
[INFO ] 24-11-04 14:43:44 [sqlonly:228] - SELECT profno, name, userid, position, sal, DATE_FORMAT(hiredate, '%Y-%m-%d') AS hiredate, comm, p.deptno AS deptno, dname FROM professor p INNER JOIN department d ON p.deptno = d.deptno  WHERE p.deptNo = 360 ORDER BY profno DESC

[INFO ] 24-11-04 14:43:44 [resultsettable:610] - 
|-------|-----|-------|---------|----|---------|-----|-------|------|
|profno |name |userid |position |sal |hiredate |comm |deptno |dname |
|-------|-----|-------|---------|----|---------|-----|-------|------|
|-------|-----|-------|---------|----|---------|-----|-------|------|

[DEBUG] 24-11-04 14:43:44 [selectList:135] - <==      Total: 0
[INFO ] 24-11-04 14:43:44 [MyInterceptor:118] - running time : 44(ms)
[INFO ] 24-11-04 14:43:46 [MyInterceptor:45] - -------------- new client connect --------------
[INFO ] 24-11-04 14:43:46 [MyInterceptor:63] - [Client] 0:0:0:0:0:0:0:1, Other, Windows 10, Chrome 130.0
[INFO ] 24-11-04 14:43:46 [MyInterceptor:81] - [GET] http://localhost:8080/department/view/358
[INFO ] 24-11-04 14:43:46 [MyInterceptor:97] - - REFERER : time=1666, url=http://localhost:8080/department
[DEBUG] 24-11-04 14:43:46 [selectItem:135] - ==>  Preparing: SELECT deptno, dname, loc FROM department WHERE deptno=?
[DEBUG] 24-11-04 14:43:46 [selectItem:135] - ==> Parameters: 358(Integer)
[INFO ] 24-11-04 14:43:46 [sqlonly:228] - SELECT deptno, dname, loc FROM department WHERE deptno=358

[INFO ] 24-11-04 14:43:46 [resultsettable:610] - 
|-------|--------|------|
|deptno |dname   |loc   |
|-------|--------|------|
|358    |짬뽕먹을래요1 |안팔아요1 |
|-------|--------|------|

[DEBUG] 24-11-04 14:43:46 [selectItem:135] - <==      Total: 1
[DEBUG] 24-11-04 14:43:46 [selectList:135] - ==>  Preparing: SELECT profno, name, userid, position, sal, DATE_FORMAT(hiredate, '%Y-%m-%d') AS hiredate, comm, p.deptno AS deptno, dname FROM professor p INNER JOIN department d ON p.deptno = d.deptno WHERE p.deptNo = ? ORDER BY profno DESC
[DEBUG] 24-11-04 14:43:46 [selectList:135] - ==> Parameters: 358(Integer)
[INFO ] 24-11-04 14:43:46 [sqlonly:228] - SELECT profno, name, userid, position, sal, DATE_FORMAT(hiredate, '%Y-%m-%d') AS hiredate, comm, p.deptno AS deptno, dname FROM professor p INNER JOIN department d ON p.deptno = d.deptno  WHERE p.deptNo = 358 ORDER BY profno DESC

[INFO ] 24-11-04 14:43:46 [resultsettable:610] - 
|-------|-----|-------|---------|----|---------|-----|-------|------|
|profno |name |userid |position |sal |hiredate |comm |deptno |dname |
|-------|-----|-------|---------|----|---------|-----|-------|------|
|-------|-----|-------|---------|----|---------|-----|-------|------|

[DEBUG] 24-11-04 14:43:46 [selectList:135] - <==      Total: 0
[INFO ] 24-11-04 14:43:46 [MyInterceptor:118] - running time : 36(ms)
[INFO ] 24-11-04 14:43:47 [MyInterceptor:45] - -------------- new client connect --------------
[INFO ] 24-11-04 14:43:47 [MyInterceptor:63] - [Client] 0:0:0:0:0:0:0:1, Other, Windows 10, Chrome 130.0
[INFO ] 24-11-04 14:43:47 [MyInterceptor:81] - [GET] http://localhost:8080/department/view/357
[INFO ] 24-11-04 14:43:47 [MyInterceptor:97] - - REFERER : time=1118, url=http://localhost:8080/department
[DEBUG] 24-11-04 14:43:47 [selectItem:135] - ==>  Preparing: SELECT deptno, dname, loc FROM department WHERE deptno=?
[DEBUG] 24-11-04 14:43:47 [selectItem:135] - ==> Parameters: 357(Integer)
[INFO ] 24-11-04 14:43:47 [sqlonly:228] - SELECT deptno, dname, loc FROM department WHERE deptno=357

[INFO ] 24-11-04 14:43:47 [resultsettable:610] - 
|-------|---------|-------|
|deptno |dname    |loc    |
|-------|---------|-------|
|357    |짜장면1인분이요 |총5억입니다 |
|-------|---------|-------|

[DEBUG] 24-11-04 14:43:47 [selectItem:135] - <==      Total: 1
[DEBUG] 24-11-04 14:43:47 [selectList:135] - ==>  Preparing: SELECT profno, name, userid, position, sal, DATE_FORMAT(hiredate, '%Y-%m-%d') AS hiredate, comm, p.deptno AS deptno, dname FROM professor p INNER JOIN department d ON p.deptno = d.deptno WHERE p.deptNo = ? ORDER BY profno DESC
[DEBUG] 24-11-04 14:43:47 [selectList:135] - ==> Parameters: 357(Integer)
[INFO ] 24-11-04 14:43:47 [sqlonly:228] - SELECT profno, name, userid, position, sal, DATE_FORMAT(hiredate, '%Y-%m-%d') AS hiredate, comm, p.deptno AS deptno, dname FROM professor p INNER JOIN department d ON p.deptno = d.deptno  WHERE p.deptNo = 357 ORDER BY profno DESC

[INFO ] 24-11-04 14:43:47 [resultsettable:610] - 
|-------|-----|-------|---------|----|---------|-----|-------|------|
|profno |name |userid |position |sal |hiredate |comm |deptno |dname |
|-------|-----|-------|---------|----|---------|-----|-------|------|
|-------|-----|-------|---------|----|---------|-----|-------|------|

[DEBUG] 24-11-04 14:43:47 [selectList:135] - <==      Total: 0
[INFO ] 24-11-04 14:43:47 [MyInterceptor:118] - running time : 35(ms)
[INFO ] 24-11-04 14:43:48 [MyInterceptor:45] - -------------- new client connect --------------
[INFO ] 24-11-04 14:43:48 [MyInterceptor:63] - [Client] 0:0:0:0:0:0:0:1, Other, Windows 10, Chrome 130.0
[INFO ] 24-11-04 14:43:48 [MyInterceptor:81] - [GET] http://localhost:8080/department/view/355
[INFO ] 24-11-04 14:43:48 [MyInterceptor:97] - - REFERER : time=1106, url=http://localhost:8080/department
[DEBUG] 24-11-04 14:43:48 [selectItem:135] - ==>  Preparing: SELECT deptno, dname, loc FROM department WHERE deptno=?
[DEBUG] 24-11-04 14:43:48 [selectItem:135] - ==> Parameters: 355(Integer)
[INFO ] 24-11-04 14:43:48 [sqlonly:228] - SELECT deptno, dname, loc FROM department WHERE deptno=355

[INFO ] 24-11-04 14:43:48 [resultsettable:610] - 
|-------|------|----|
|deptno |dname |loc |
|-------|------|----|
|355    |추가요   |네   |
|-------|------|----|

[DEBUG] 24-11-04 14:43:48 [selectItem:135] - <==      Total: 1
[DEBUG] 24-11-04 14:43:48 [selectList:135] - ==>  Preparing: SELECT profno, name, userid, position, sal, DATE_FORMAT(hiredate, '%Y-%m-%d') AS hiredate, comm, p.deptno AS deptno, dname FROM professor p INNER JOIN department d ON p.deptno = d.deptno WHERE p.deptNo = ? ORDER BY profno DESC
[DEBUG] 24-11-04 14:43:48 [selectList:135] - ==> Parameters: 355(Integer)
[INFO ] 24-11-04 14:43:48 [sqlonly:228] - SELECT profno, name, userid, position, sal, DATE_FORMAT(hiredate, '%Y-%m-%d') AS hiredate, comm, p.deptno AS deptno, dname FROM professor p INNER JOIN department d ON p.deptno = d.deptno  WHERE p.deptNo = 355 ORDER BY profno DESC

[INFO ] 24-11-04 14:43:48 [resultsettable:610] - 
|-------|-----|-------|---------|----|---------|-----|-------|------|
|profno |name |userid |position |sal |hiredate |comm |deptno |dname |
|-------|-----|-------|---------|----|---------|-----|-------|------|
|-------|-----|-------|---------|----|---------|-----|-------|------|

[DEBUG] 24-11-04 14:43:48 [selectList:135] - <==      Total: 0
[INFO ] 24-11-04 14:43:48 [MyInterceptor:118] - running time : 32(ms)
[INFO ] 24-11-04 14:43:51 [MyInterceptor:45] - -------------- new client connect --------------
[INFO ] 24-11-04 14:43:51 [MyInterceptor:63] - [Client] 0:0:0:0:0:0:0:1, Other, Windows 10, Chrome 130.0
[INFO ] 24-11-04 14:43:51 [MyInterceptor:81] - [GET] http://localhost:8080/department/view/354
[INFO ] 24-11-04 14:43:51 [MyInterceptor:97] - - REFERER : time=3065, url=http://localhost:8080/department
[DEBUG] 24-11-04 14:43:51 [selectItem:135] - ==>  Preparing: SELECT deptno, dname, loc FROM department WHERE deptno=?
[DEBUG] 24-11-04 14:43:51 [selectItem:135] - ==> Parameters: 354(Integer)
[INFO ] 24-11-04 14:43:51 [sqlonly:228] - SELECT deptno, dname, loc FROM department WHERE deptno=354

[INFO ] 24-11-04 14:43:51 [resultsettable:610] - 
|-------|------|----|
|deptno |dname |loc |
|-------|------|----|
|354    |김대리학과 |화이팅 |
|-------|------|----|

[DEBUG] 24-11-04 14:43:51 [selectItem:135] - <==      Total: 1
[DEBUG] 24-11-04 14:43:51 [selectList:135] - ==>  Preparing: SELECT profno, name, userid, position, sal, DATE_FORMAT(hiredate, '%Y-%m-%d') AS hiredate, comm, p.deptno AS deptno, dname FROM professor p INNER JOIN department d ON p.deptno = d.deptno WHERE p.deptNo = ? ORDER BY profno DESC
[DEBUG] 24-11-04 14:43:51 [selectList:135] - ==> Parameters: 354(Integer)
[INFO ] 24-11-04 14:43:51 [sqlonly:228] - SELECT profno, name, userid, position, sal, DATE_FORMAT(hiredate, '%Y-%m-%d') AS hiredate, comm, p.deptno AS deptno, dname FROM professor p INNER JOIN department d ON p.deptno = d.deptno  WHERE p.deptNo = 354 ORDER BY profno DESC

[INFO ] 24-11-04 14:43:51 [resultsettable:610] - 
|-------|-----|-------|---------|----|---------|-----|-------|------|
|profno |name |userid |position |sal |hiredate |comm |deptno |dname |
|-------|-----|-------|---------|----|---------|-----|-------|------|
|-------|-----|-------|---------|----|---------|-----|-------|------|

[DEBUG] 24-11-04 14:43:51 [selectList:135] - <==      Total: 0
[INFO ] 24-11-04 14:43:51 [MyInterceptor:118] - running time : 33(ms)
[INFO ] 24-11-04 14:43:52 [MyInterceptor:45] - -------------- new client connect --------------
[INFO ] 24-11-04 14:43:52 [MyInterceptor:63] - [Client] 0:0:0:0:0:0:0:1, Other, Windows 10, Chrome 130.0
[INFO ] 24-11-04 14:43:52 [MyInterceptor:81] - [GET] http://localhost:8080/department/view/352
[INFO ] 24-11-04 14:43:52 [MyInterceptor:97] - - REFERER : time=1264, url=http://localhost:8080/department
[DEBUG] 24-11-04 14:43:52 [selectItem:135] - ==>  Preparing: SELECT deptno, dname, loc FROM department WHERE deptno=?
[DEBUG] 24-11-04 14:43:52 [selectItem:135] - ==> Parameters: 352(Integer)
[INFO ] 24-11-04 14:43:52 [sqlonly:228] - SELECT deptno, dname, loc FROM department WHERE deptno=352

[INFO ] 24-11-04 14:43:52 [resultsettable:610] - 
|-------|------|-----|
|deptno |dname |loc  |
|-------|------|-----|
|352    |등록수정  |등록수정 |
|-------|------|-----|

[DEBUG] 24-11-04 14:43:52 [selectItem:135] - <==      Total: 1
[DEBUG] 24-11-04 14:43:52 [selectList:135] - ==>  Preparing: SELECT profno, name, userid, position, sal, DATE_FORMAT(hiredate, '%Y-%m-%d') AS hiredate, comm, p.deptno AS deptno, dname FROM professor p INNER JOIN department d ON p.deptno = d.deptno WHERE p.deptNo = ? ORDER BY profno DESC
[DEBUG] 24-11-04 14:43:52 [selectList:135] - ==> Parameters: 352(Integer)
[INFO ] 24-11-04 14:43:52 [sqlonly:228] - SELECT profno, name, userid, position, sal, DATE_FORMAT(hiredate, '%Y-%m-%d') AS hiredate, comm, p.deptno AS deptno, dname FROM professor p INNER JOIN department d ON p.deptno = d.deptno  WHERE p.deptNo = 352 ORDER BY profno DESC

[INFO ] 24-11-04 14:43:52 [resultsettable:610] - 
|-------|-----|-------|---------|----|---------|-----|-------|------|
|profno |name |userid |position |sal |hiredate |comm |deptno |dname |
|-------|-----|-------|---------|----|---------|-----|-------|------|
|-------|-----|-------|---------|----|---------|-----|-------|------|

[DEBUG] 24-11-04 14:43:52 [selectList:135] - <==      Total: 0
[INFO ] 24-11-04 14:43:52 [MyInterceptor:118] - running time : 29(ms)
[INFO ] 24-11-04 14:43:53 [MyInterceptor:45] - -------------- new client connect --------------
[INFO ] 24-11-04 14:43:53 [MyInterceptor:63] - [Client] 0:0:0:0:0:0:0:1, Other, Windows 10, Chrome 130.0
[INFO ] 24-11-04 14:43:53 [MyInterceptor:81] - [GET] http://localhost:8080/department/view/331
[INFO ] 24-11-04 14:43:53 [MyInterceptor:97] - - REFERER : time=886, url=http://localhost:8080/department
[DEBUG] 24-11-04 14:43:53 [selectItem:135] - ==>  Preparing: SELECT deptno, dname, loc FROM department WHERE deptno=?
[DEBUG] 24-11-04 14:43:53 [selectItem:135] - ==> Parameters: 331(Integer)
[INFO ] 24-11-04 14:43:53 [sqlonly:228] - SELECT deptno, dname, loc FROM department WHERE deptno=331

[INFO ] 24-11-04 14:43:53 [resultsettable:610] - 
|-------|-------|--------|
|deptno |dname  |loc     |
|-------|-------|--------|
|331    |테스트학과2 |테스트강의실3 |
|-------|-------|--------|

[DEBUG] 24-11-04 14:43:53 [selectItem:135] - <==      Total: 1
[DEBUG] 24-11-04 14:43:53 [selectList:135] - ==>  Preparing: SELECT profno, name, userid, position, sal, DATE_FORMAT(hiredate, '%Y-%m-%d') AS hiredate, comm, p.deptno AS deptno, dname FROM professor p INNER JOIN department d ON p.deptno = d.deptno WHERE p.deptNo = ? ORDER BY profno DESC
[DEBUG] 24-11-04 14:43:53 [selectList:135] - ==> Parameters: 331(Integer)
[INFO ] 24-11-04 14:43:53 [sqlonly:228] - SELECT profno, name, userid, position, sal, DATE_FORMAT(hiredate, '%Y-%m-%d') AS hiredate, comm, p.deptno AS deptno, dname FROM professor p INNER JOIN department d ON p.deptno = d.deptno  WHERE p.deptNo = 331 ORDER BY profno DESC

[INFO ] 24-11-04 14:43:53 [resultsettable:610] - 
|-------|-----|-------|---------|----|---------|-----|-------|------|
|profno |name |userid |position |sal |hiredate |comm |deptno |dname |
|-------|-----|-------|---------|----|---------|-----|-------|------|
|-------|-----|-------|---------|----|---------|-----|-------|------|

[DEBUG] 24-11-04 14:43:53 [selectList:135] - <==      Total: 0
[INFO ] 24-11-04 14:43:53 [MyInterceptor:118] - running time : 29(ms)
[INFO ] 24-11-04 14:43:54 [MyInterceptor:45] - -------------- new client connect --------------
[INFO ] 24-11-04 14:43:54 [MyInterceptor:63] - [Client] 0:0:0:0:0:0:0:1, Other, Windows 10, Chrome 130.0
[INFO ] 24-11-04 14:43:54 [MyInterceptor:81] - [GET] http://localhost:8080/department/view/330
[INFO ] 24-11-04 14:43:54 [MyInterceptor:97] - - REFERER : time=1028, url=http://localhost:8080/department
[DEBUG] 24-11-04 14:43:54 [selectItem:135] - ==>  Preparing: SELECT deptno, dname, loc FROM department WHERE deptno=?
[DEBUG] 24-11-04 14:43:54 [selectItem:135] - ==> Parameters: 330(Integer)
[INFO ] 24-11-04 14:43:54 [sqlonly:228] - SELECT deptno, dname, loc FROM department WHERE deptno=330

[INFO ] 24-11-04 14:43:54 [resultsettable:610] - 
|-------|-------|--------|
|deptno |dname  |loc     |
|-------|-------|--------|
|330    |테스트학과1 |테스트강의실2 |
|-------|-------|--------|

[DEBUG] 24-11-04 14:43:54 [selectItem:135] - <==      Total: 1
[DEBUG] 24-11-04 14:43:54 [selectList:135] - ==>  Preparing: SELECT profno, name, userid, position, sal, DATE_FORMAT(hiredate, '%Y-%m-%d') AS hiredate, comm, p.deptno AS deptno, dname FROM professor p INNER JOIN department d ON p.deptno = d.deptno WHERE p.deptNo = ? ORDER BY profno DESC
[DEBUG] 24-11-04 14:43:54 [selectList:135] - ==> Parameters: 330(Integer)
[INFO ] 24-11-04 14:43:54 [sqlonly:228] - SELECT profno, name, userid, position, sal, DATE_FORMAT(hiredate, '%Y-%m-%d') AS hiredate, comm, p.deptno AS deptno, dname FROM professor p INNER JOIN department d ON p.deptno = d.deptno  WHERE p.deptNo = 330 ORDER BY profno DESC

[INFO ] 24-11-04 14:43:54 [resultsettable:610] - 
|-------|-----|-------|---------|----|---------|-----|-------|------|
|profno |name |userid |position |sal |hiredate |comm |deptno |dname |
|-------|-----|-------|---------|----|---------|-----|-------|------|
|-------|-----|-------|---------|----|---------|-----|-------|------|

[DEBUG] 24-11-04 14:43:54 [selectList:135] - <==      Total: 0
[INFO ] 24-11-04 14:43:54 [MyInterceptor:118] - running time : 28(ms)
[INFO ] 24-11-04 14:43:55 [MyInterceptor:45] - -------------- new client connect --------------
[INFO ] 24-11-04 14:43:55 [MyInterceptor:63] - [Client] 0:0:0:0:0:0:0:1, Other, Windows 10, Chrome 130.0
[INFO ] 24-11-04 14:43:55 [MyInterceptor:81] - [GET] http://localhost:8080/department/view/324
[INFO ] 24-11-04 14:43:55 [MyInterceptor:97] - - REFERER : time=851, url=http://localhost:8080/department
[DEBUG] 24-11-04 14:43:55 [selectItem:135] - ==>  Preparing: SELECT deptno, dname, loc FROM department WHERE deptno=?
[DEBUG] 24-11-04 14:43:55 [selectItem:135] - ==> Parameters: 324(Integer)
[INFO ] 24-11-04 14:43:55 [sqlonly:228] - SELECT deptno, dname, loc FROM department WHERE deptno=324

[INFO ] 24-11-04 14:43:55 [resultsettable:610] - 
|-------|------|----|
|deptno |dname |loc |
|-------|------|----|
|324    |스프링학과 |강의실 |
|-------|------|----|

[DEBUG] 24-11-04 14:43:55 [selectItem:135] - <==      Total: 1
[DEBUG] 24-11-04 14:43:55 [selectList:135] - ==>  Preparing: SELECT profno, name, userid, position, sal, DATE_FORMAT(hiredate, '%Y-%m-%d') AS hiredate, comm, p.deptno AS deptno, dname FROM professor p INNER JOIN department d ON p.deptno = d.deptno WHERE p.deptNo = ? ORDER BY profno DESC
[DEBUG] 24-11-04 14:43:55 [selectList:135] - ==> Parameters: 324(Integer)
[INFO ] 24-11-04 14:43:55 [sqlonly:228] - SELECT profno, name, userid, position, sal, DATE_FORMAT(hiredate, '%Y-%m-%d') AS hiredate, comm, p.deptno AS deptno, dname FROM professor p INNER JOIN department d ON p.deptno = d.deptno  WHERE p.deptNo = 324 ORDER BY profno DESC

[INFO ] 24-11-04 14:43:55 [resultsettable:610] - 
|-------|-----|-------|---------|----|---------|-----|-------|------|
|profno |name |userid |position |sal |hiredate |comm |deptno |dname |
|-------|-----|-------|---------|----|---------|-----|-------|------|
|-------|-----|-------|---------|----|---------|-----|-------|------|

[DEBUG] 24-11-04 14:43:55 [selectList:135] - <==      Total: 0
[INFO ] 24-11-04 14:43:55 [MyInterceptor:118] - running time : 29(ms)
[INFO ] 24-11-04 14:43:56 [MyInterceptor:45] - -------------- new client connect --------------
[INFO ] 24-11-04 14:43:56 [MyInterceptor:63] - [Client] 0:0:0:0:0:0:0:1, Other, Windows 10, Chrome 130.0
[INFO ] 24-11-04 14:43:56 [MyInterceptor:81] - [GET] http://localhost:8080/department/view/322
[INFO ] 24-11-04 14:43:56 [MyInterceptor:97] - - REFERER : time=1230, url=http://localhost:8080/department
[DEBUG] 24-11-04 14:43:56 [selectItem:135] - ==>  Preparing: SELECT deptno, dname, loc FROM department WHERE deptno=?
[DEBUG] 24-11-04 14:43:56 [selectItem:135] - ==> Parameters: 322(Integer)
[INFO ] 24-11-04 14:43:56 [sqlonly:228] - SELECT deptno, dname, loc FROM department WHERE deptno=322

[INFO ] 24-11-04 14:43:57 [resultsettable:610] - 
|-------|-------|----|
|deptno |dname  |loc |
|-------|-------|----|
|322    |테스트 학과 |강남  |
|-------|-------|----|

[DEBUG] 24-11-04 14:43:57 [selectItem:135] - <==      Total: 1
[DEBUG] 24-11-04 14:43:57 [selectList:135] - ==>  Preparing: SELECT profno, name, userid, position, sal, DATE_FORMAT(hiredate, '%Y-%m-%d') AS hiredate, comm, p.deptno AS deptno, dname FROM professor p INNER JOIN department d ON p.deptno = d.deptno WHERE p.deptNo = ? ORDER BY profno DESC
[DEBUG] 24-11-04 14:43:57 [selectList:135] - ==> Parameters: 322(Integer)
[INFO ] 24-11-04 14:43:57 [sqlonly:228] - SELECT profno, name, userid, position, sal, DATE_FORMAT(hiredate, '%Y-%m-%d') AS hiredate, comm, p.deptno AS deptno, dname FROM professor p INNER JOIN department d ON p.deptno = d.deptno  WHERE p.deptNo = 322 ORDER BY profno DESC

[INFO ] 24-11-04 14:43:57 [resultsettable:610] - 
|-------|-----|-------|---------|----|---------|-----|-------|------|
|profno |name |userid |position |sal |hiredate |comm |deptno |dname |
|-------|-----|-------|---------|----|---------|-----|-------|------|
|-------|-----|-------|---------|----|---------|-----|-------|------|

[DEBUG] 24-11-04 14:43:57 [selectList:135] - <==      Total: 0
[INFO ] 24-11-04 14:43:57 [MyInterceptor:118] - running time : 28(ms)
[INFO ] 24-11-04 14:43:58 [MyInterceptor:45] - -------------- new client connect --------------
[INFO ] 24-11-04 14:43:58 [MyInterceptor:63] - [Client] 0:0:0:0:0:0:0:1, Other, Windows 10, Chrome 130.0
[INFO ] 24-11-04 14:43:58 [MyInterceptor:81] - [GET] http://localhost:8080/department?keyword=&page=2
[INFO ] 24-11-04 14:43:58 [MyInterceptor:88] - param <-- keyword = 
[INFO ] 24-11-04 14:43:58 [MyInterceptor:88] - param <-- page = 2
[INFO ] 24-11-04 14:43:58 [MyInterceptor:97] - - REFERER : time=1112, url=http://localhost:8080/department
[DEBUG] 24-11-04 14:43:58 [selectCount:135] - ==>  Preparing: SELECT COUNT(*) AS cnt FROM department WHERE dname LIKE concat('%', ?, '%') OR loc LIKE concat('%', ?, '%')
[DEBUG] 24-11-04 14:43:58 [selectCount:135] - ==> Parameters: (String), (String)
[INFO ] 24-11-04 14:43:58 [sqlonly:228] - SELECT COUNT(*) AS cnt FROM department WHERE dname LIKE concat('%', '', '%') OR loc LIKE concat('%', '', '%')

[INFO ] 24-11-04 14:43:58 [resultsettable:610] - 
|----|
|cnt |
|----|
|19  |
|----|

[DEBUG] 24-11-04 14:43:58 [selectCount:135] - <==      Total: 1
[DEBUG] 24-11-04 14:43:58 [Pagination:88] - Pagination(nowPage=2, totalCount=19, listCount=10, groupCount=5, totalPage=2, startPage=1, endPage=2, prevPage=0, nextPage=0, offset=10)
[DEBUG] 24-11-04 14:43:58 [selectList:135] - ==>  Preparing: SELECT deptno, dname, loc FROM department WHERE dname LIKE concat('%', ?, '%') OR loc LIKE concat('%', ?, '%') ORDER BY deptno DESC LIMIT ?, ?
[DEBUG] 24-11-04 14:43:58 [selectList:135] - ==> Parameters: (String), (String), 10(Integer), 10(Integer)
[INFO ] 24-11-04 14:43:58 [sqlonly:228] - SELECT deptno, dname, loc FROM department WHERE dname LIKE concat('%', '', '%') OR loc LIKE concat('%', '', '%') ORDER BY deptno DESC  LIMIT 10, 10

[INFO ] 24-11-04 14:43:58 [resultsettable:610] - 
|-------|-------|-------|
|deptno |dname  |loc    |
|-------|-------|-------|
|320    |자바     |학원     |
|319    |인터넷정보과 |공학관    |
|316    |수정학과   |수정위치   |
|315    |자바수정   |학원2수정  |
|202    |hello  |world  |
|201    |hello  |world  |
|103    |hello  |world  |
|102    |학과수정2  |강의실수정3 |
|101    |컴퓨터공학과 |1호관    |
|-------|-------|-------|

[DEBUG] 24-11-04 14:43:58 [selectList:135] - <==      Total: 9
[INFO ] 24-11-04 14:43:58 [MyInterceptor:118] - running time : 30(ms)
[INFO ] 24-11-04 14:44:00 [MyInterceptor:45] - -------------- new client connect --------------
[INFO ] 24-11-04 14:44:00 [MyInterceptor:63] - [Client] 0:0:0:0:0:0:0:1, Other, Windows 10, Chrome 130.0
[INFO ] 24-11-04 14:44:00 [MyInterceptor:81] - [GET] http://localhost:8080/department/view/102
[INFO ] 24-11-04 14:44:00 [MyInterceptor:97] - - REFERER : time=2618, url=http://localhost:8080/department?keyword=&page=2
[DEBUG] 24-11-04 14:44:00 [selectItem:135] - ==>  Preparing: SELECT deptno, dname, loc FROM department WHERE deptno=?
[DEBUG] 24-11-04 14:44:00 [selectItem:135] - ==> Parameters: 102(Integer)
[INFO ] 24-11-04 14:44:00 [sqlonly:228] - SELECT deptno, dname, loc FROM department WHERE deptno=102

[INFO ] 24-11-04 14:44:00 [resultsettable:610] - 
|-------|------|-------|
|deptno |dname |loc    |
|-------|------|-------|
|102    |학과수정2 |강의실수정3 |
|-------|------|-------|

[DEBUG] 24-11-04 14:44:00 [selectItem:135] - <==      Total: 1
[DEBUG] 24-11-04 14:44:00 [selectList:135] - ==>  Preparing: SELECT profno, name, userid, position, sal, DATE_FORMAT(hiredate, '%Y-%m-%d') AS hiredate, comm, p.deptno AS deptno, dname FROM professor p INNER JOIN department d ON p.deptno = d.deptno WHERE p.deptNo = ? ORDER BY profno DESC
[DEBUG] 24-11-04 14:44:00 [selectList:135] - ==> Parameters: 102(Integer)
[INFO ] 24-11-04 14:44:00 [sqlonly:228] - SELECT profno, name, userid, position, sal, DATE_FORMAT(hiredate, '%Y-%m-%d') AS hiredate, comm, p.deptno AS deptno, dname FROM professor p INNER JOIN department d ON p.deptno = d.deptno  WHERE p.deptNo = 102 ORDER BY profno DESC

[INFO ] 24-11-04 14:44:00 [resultsettable:610] - 
|-------|-----|--------|---------|----|-----------|-------|-------|------|
|profno |name |userid  |position |sal |hiredate   |comm   |deptno |dname |
|-------|-----|--------|---------|----|-----------|-------|-------|------|
|9925   |test |test    |부교수      |122 |2024-10-09 |[null] |102    |학과수정2 |
|9905   |권혁일  |refresh |교수       |450 |1986-02-11 |25     |102    |학과수정2 |
|9904   |염일웅  |blue77  |전임강사     |240 |1998-10-11 |[null] |102    |학과수정2 |
|-------|-----|--------|---------|----|-----------|-------|-------|------|

[DEBUG] 24-11-04 14:44:00 [selectList:135] - <==      Total: 3
[INFO ] 24-11-04 14:44:00 [MyInterceptor:118] - running time : 31(ms)
[INFO ] 24-11-04 14:44:04 [MyInterceptor:45] - -------------- new client connect --------------
[INFO ] 24-11-04 14:44:04 [MyInterceptor:63] - [Client] 0:0:0:0:0:0:0:1, Other, Windows 10, Chrome 130.0
[INFO ] 24-11-04 14:44:04 [MyInterceptor:81] - [GET] http://localhost:8080/department/delete/102
[INFO ] 24-11-04 14:44:04 [MyInterceptor:97] - - REFERER : time=3615, url=http://localhost:8080/department/view/102
[INFO ] 24-11-04 14:44:29 [MyInterceptor:45] - -------------- new client connect --------------
[INFO ] 24-11-04 14:44:29 [MyInterceptor:63] - [Client] 0:0:0:0:0:0:0:1, Other, Windows 10, Chrome 130.0
[INFO ] 24-11-04 14:44:29 [MyInterceptor:81] - [GET] http://localhost:8080/professor/edit/9925
[INFO ] 24-11-04 14:44:29 [MyInterceptor:97] - - REFERER : time=28874, url=http://localhost:8080/department/view/102
[DEBUG] 24-11-04 14:44:29 [selectItem:135] - ==>  Preparing: SELECT profno, name, userid, position, sal, DATE_FORMAT(hiredate, '%Y-%m-%d') AS hiredate, comm, p.deptno AS deptno, dname FROM professor p INNER JOIN department d ON p.deptno = d.deptno WHERE profno=?
[DEBUG] 24-11-04 14:44:29 [selectItem:135] - ==> Parameters: 9925(Integer)
[INFO ] 24-11-04 14:44:29 [sqlonly:228] - SELECT profno, name, userid, position, sal, DATE_FORMAT(hiredate, '%Y-%m-%d') AS hiredate, comm, p.deptno AS deptno, dname FROM professor p INNER JOIN department d ON p.deptno = d.deptno WHERE profno=9925

[INFO ] 24-11-04 14:44:29 [resultsettable:610] - 
|-------|-----|-------|---------|----|-----------|-------|-------|------|
|profno |name |userid |position |sal |hiredate   |comm   |deptno |dname |
|-------|-----|-------|---------|----|-----------|-------|-------|------|
|9925   |test |test   |부교수      |122 |2024-10-09 |[null] |102    |학과수정2 |
|-------|-----|-------|---------|----|-----------|-------|-------|------|

[DEBUG] 24-11-04 14:44:29 [selectItem:135] - <==      Total: 1
[DEBUG] 24-11-04 14:44:29 [selectList:135] - ==>  Preparing: SELECT deptno, dname, loc FROM department ORDER BY deptno DESC
[DEBUG] 24-11-04 14:44:29 [selectList:135] - ==> Parameters: 
[INFO ] 24-11-04 14:44:29 [sqlonly:228] - SELECT deptno, dname, loc FROM department  ORDER BY deptno DESC

[INFO ] 24-11-04 14:44:29 [resultsettable:610] - 
|-------|---------|--------|
|deptno |dname    |loc     |
|-------|---------|--------|
|360    |신대리화이팅   |에이드입니다  |
|358    |짬뽕먹을래요1  |안팔아요1   |
|357    |짜장면1인분이요 |총5억입니다  |
|355    |추가요      |네       |
|354    |김대리학과    |화이팅     |
|352    |등록수정     |등록수정    |
|331    |테스트학과2   |테스트강의실3 |
|330    |테스트학과1   |테스트강의실2 |
|324    |스프링학과    |강의실     |
|322    |테스트 학과   |강남      |
|320    |자바       |학원      |
|319    |인터넷정보과   |공학관     |
|316    |수정학과     |수정위치    |
|315    |자바수정     |학원2수정   |
|202    |hello    |world   |
|201    |hello    |world   |
|103    |hello    |world   |
|102    |학과수정2    |강의실수정3  |
|101    |컴퓨터공학과   |1호관     |
|-------|---------|--------|

[DEBUG] 24-11-04 14:44:29 [selectList:135] - <==      Total: 19
[INFO ] 24-11-04 14:44:29 [MyInterceptor:118] - running time : 34(ms)
[INFO ] 24-11-04 14:44:29 [MyInterceptor:45] - -------------- new client connect --------------
[INFO ] 24-11-04 14:44:29 [MyInterceptor:63] - [Client] 0:0:0:0:0:0:0:1, Other, Windows 10, Chrome 130.0
[INFO ] 24-11-04 14:44:29 [MyInterceptor:81] - [GET] http://localhost:8080/api/professor/9925
[INFO ] 24-11-04 14:44:29 [MyInterceptor:97] - - REFERER : time=36, url=http://localhost:8080/professor/edit/9925
[DEBUG] 24-11-04 14:44:29 [selectItem:135] - ==>  Preparing: SELECT profno, name, userid, position, sal, DATE_FORMAT(hiredate, '%Y-%m-%d') AS hiredate, comm, p.deptno AS deptno, dname FROM professor p INNER JOIN department d ON p.deptno = d.deptno WHERE profno=?
[DEBUG] 24-11-04 14:44:29 [selectItem:135] - ==> Parameters: 9925(Integer)
[INFO ] 24-11-04 14:44:29 [sqlonly:228] - SELECT profno, name, userid, position, sal, DATE_FORMAT(hiredate, '%Y-%m-%d') AS hiredate, comm, p.deptno AS deptno, dname FROM professor p INNER JOIN department d ON p.deptno = d.deptno WHERE profno=9925

[INFO ] 24-11-04 14:44:29 [resultsettable:610] - 
|-------|-----|-------|---------|----|-----------|-------|-------|------|
|profno |name |userid |position |sal |hiredate   |comm   |deptno |dname |
|-------|-----|-------|---------|----|-----------|-------|-------|------|
|9925   |test |test   |부교수      |122 |2024-10-09 |[null] |102    |학과수정2 |
|-------|-----|-------|---------|----|-----------|-------|-------|------|

[DEBUG] 24-11-04 14:44:29 [selectItem:135] - <==      Total: 1
[INFO ] 24-11-04 14:44:29 [MyInterceptor:118] - running time : 44(ms)
[INFO ] 24-11-04 14:44:55 [MyInterceptor:45] - -------------- new client connect --------------
[INFO ] 24-11-04 14:44:55 [MyInterceptor:63] - [Client] 0:0:0:0:0:0:0:1, Other, Windows 10, Chrome 130.0
[INFO ] 24-11-04 14:44:55 [MyInterceptor:81] - [PUT] http://localhost:8080/api/professor/9925
[INFO ] 24-11-04 14:44:55 [MyInterceptor:88] - param <-- deptNo = ,358
[INFO ] 24-11-04 14:44:55 [MyInterceptor:88] - param <-- name = 등록이안됨
[INFO ] 24-11-04 14:44:55 [MyInterceptor:88] - param <-- userId = why
[INFO ] 24-11-04 14:44:55 [MyInterceptor:88] - param <-- position = 부교수
[INFO ] 24-11-04 14:44:55 [MyInterceptor:88] - param <-- sal = 1000
[INFO ] 24-11-04 14:44:55 [MyInterceptor:88] - param <-- hireDate = 2024-10-29
[INFO ] 24-11-04 14:44:55 [MyInterceptor:88] - param <-- comm = 1
[INFO ] 24-11-04 14:44:55 [MyInterceptor:97] - - REFERER : time=25952, url=http://localhost:8080/professor/edit/9925
[WARN ] 24-11-04 14:44:55 [DefaultHandlerExceptionResolver:247] - Resolved [org.springframework.web.method.annotation.MethodArgumentTypeMismatchException: Method parameter 'deptNo': Failed to convert value of type 'java.lang.String[]' to required type 'int'; For input string: ",358"]
