[INFO ] 24-12-24 10:48:14 [MyshopApplication:50] - Starting MyshopApplication using Java 17.0.2 with PID 9648 (D:\jinju\07_SpringBoot\13-myshop\build\classes\java\main started by tlawl in D:\jinju\07_SpringBoot\13-myshop)
[DEBUG] 24-12-24 10:48:14 [MyshopApplication:51] - Running with Spring Boot v3.3.5, Spring v6.1.14
[INFO ] 24-12-24 10:48:14 [MyshopApplication:654] - No active profile set, falling back to 1 default profile: "default"
[DEBUG] 24-12-24 10:48:16 [LogFactory:109] - Logging initialized using 'class org.apache.ibatis.logging.slf4j.Slf4jImpl' adapter.
[INFO ] 24-12-24 10:48:21 [MyshopApplication:56] - Started MyshopApplication in 7.365 seconds (process running for 8.438)
[INFO ] 24-12-24 10:48:21 [MyInterceptor:44] - -------- new client connect ----------
[INFO ] 24-12-24 10:48:22 [MyInterceptor:62] - [Client] 0:0:0:0:0:0:0:1, Other, Windows 10, Chrome 131.0
[INFO ] 24-12-24 10:48:22 [MyInterceptor:80] - [GET] http://localhost/api-docs
[INFO ] 24-12-24 10:48:22 [MyInterceptor:117] - running time: 579(ms)
[INFO ] 24-12-24 10:48:22 [MyInterceptor:44] - -------- new client connect ----------
[INFO ] 24-12-24 10:48:22 [MyInterceptor:62] - [Client] 0:0:0:0:0:0:0:1, Other, Windows 10, Chrome 131.0
[INFO ] 24-12-24 10:48:22 [MyInterceptor:80] - [GET] http://localhost/swagger-ui/index.html
[INFO ] 24-12-24 10:48:22 [MyInterceptor:117] - running time: 215(ms)
[INFO ] 24-12-24 10:48:22 [MyInterceptor:44] - -------- new client connect ----------
[INFO ] 24-12-24 10:48:22 [MyInterceptor:44] - -------- new client connect ----------
[INFO ] 24-12-24 10:48:22 [MyInterceptor:44] - -------- new client connect ----------
[INFO ] 24-12-24 10:48:22 [MyInterceptor:44] - -------- new client connect ----------
[INFO ] 24-12-24 10:48:22 [MyInterceptor:44] - -------- new client connect ----------
[INFO ] 24-12-24 10:48:23 [MyInterceptor:62] - [Client] 0:0:0:0:0:0:0:1, Other, Windows 10, Chrome 131.0
[INFO ] 24-12-24 10:48:23 [MyInterceptor:80] - [GET] http://localhost/swagger-ui/index.css
[INFO ] 24-12-24 10:48:23 [MyInterceptor:96] -  - REFERER : time = 107, url = http://localhost/swagger-ui/index.html 
[INFO ] 24-12-24 10:48:23 [MyInterceptor:117] - running time: 211(ms)
[INFO ] 24-12-24 10:48:23 [MyInterceptor:62] - [Client] 0:0:0:0:0:0:0:1, Other, Windows 10, Chrome 131.0
[INFO ] 24-12-24 10:48:23 [MyInterceptor:80] - [GET] http://localhost/swagger-ui/swagger-initializer.js
[INFO ] 24-12-24 10:48:23 [MyInterceptor:96] -  - REFERER : time = -211, url = http://localhost/swagger-ui/index.html 
[INFO ] 24-12-24 10:48:23 [MyInterceptor:62] - [Client] 0:0:0:0:0:0:0:1, Other, Windows 10, Chrome 131.0
[INFO ] 24-12-24 10:48:23 [MyInterceptor:80] - [GET] http://localhost/swagger-ui/swagger-ui.css
[INFO ] 24-12-24 10:48:23 [MyInterceptor:96] -  - REFERER : time = -211, url = http://localhost/swagger-ui/index.html 
[INFO ] 24-12-24 10:48:23 [MyInterceptor:117] - running time: 260(ms)
[INFO ] 24-12-24 10:48:23 [MyInterceptor:117] - running time: 275(ms)
[INFO ] 24-12-24 10:48:23 [MyInterceptor:62] - [Client] 0:0:0:0:0:0:0:1, Other, Windows 10, Chrome 131.0
[INFO ] 24-12-24 10:48:23 [MyInterceptor:80] - [GET] http://localhost/swagger-ui/swagger-ui-standalone-preset.js
[INFO ] 24-12-24 10:48:23 [MyInterceptor:96] -  - REFERER : time = -275, url = http://localhost/swagger-ui/index.html 
[INFO ] 24-12-24 10:48:23 [MyInterceptor:62] - [Client] 0:0:0:0:0:0:0:1, Other, Windows 10, Chrome 131.0
[INFO ] 24-12-24 10:48:23 [MyInterceptor:117] - running time: 433(ms)
[INFO ] 24-12-24 10:48:23 [MyInterceptor:80] - [GET] http://localhost/swagger-ui/swagger-ui-bundle.js
[INFO ] 24-12-24 10:48:23 [MyInterceptor:96] -  - REFERER : time = -433, url = http://localhost/swagger-ui/index.html 
[INFO ] 24-12-24 10:48:23 [MyInterceptor:117] - running time: 506(ms)
[INFO ] 24-12-24 10:48:23 [MyInterceptor:44] - -------- new client connect ----------
[INFO ] 24-12-24 10:48:23 [MyInterceptor:44] - -------- new client connect ----------
[INFO ] 24-12-24 10:48:23 [MyInterceptor:62] - [Client] 0:0:0:0:0:0:0:1, Other, Windows 10, Chrome 131.0
[INFO ] 24-12-24 10:48:23 [MyInterceptor:80] - [GET] http://localhost/v3/api-docs/swagger-config
[INFO ] 24-12-24 10:48:23 [MyInterceptor:96] -  - REFERER : time = 398, url = http://localhost/swagger-ui/index.html 
[INFO ] 24-12-24 10:48:24 [MyInterceptor:117] - running time: 172(ms)
[INFO ] 24-12-24 10:48:24 [MyInterceptor:62] - [Client] 0:0:0:0:0:0:0:1, Other, Windows 10, Chrome 131.0
[INFO ] 24-12-24 10:48:24 [MyInterceptor:80] - [GET] http://localhost/swagger-ui/favicon-32x32.png
[INFO ] 24-12-24 10:48:24 [MyInterceptor:96] -  - REFERER : time = -172, url = http://localhost/swagger-ui/index.html 
[INFO ] 24-12-24 10:48:24 [MyInterceptor:117] - running time: 192(ms)
[INFO ] 24-12-24 10:48:24 [MyInterceptor:44] - -------- new client connect ----------
[INFO ] 24-12-24 10:48:24 [MyInterceptor:62] - [Client] 0:0:0:0:0:0:0:1, Other, Windows 10, Chrome 131.0
[INFO ] 24-12-24 10:48:24 [MyInterceptor:80] - [GET] http://localhost/v3/api-docs
[INFO ] 24-12-24 10:48:24 [MyInterceptor:96] -  - REFERER : time = 21, url = http://localhost/swagger-ui/index.html 
[INFO ] 24-12-24 10:48:25 [MyInterceptor:117] - running time: 1050(ms)
[INFO ] 24-12-24 10:49:00 [sqlonly:228] - DELETE FROM SPRING_SESSION
WHERE EXPIRY_TIME < 1735004940010

[INFO ] 24-12-24 10:50:00 [sqlonly:228] - DELETE FROM SPRING_SESSION
WHERE EXPIRY_TIME < 1735005000008

[INFO ] 24-12-24 10:50:18 [MyshopApplication:50] - Starting MyshopApplication using Java 17.0.2 with PID 9648 (D:\jinju\07_SpringBoot\13-myshop\build\classes\java\main started by tlawl in D:\jinju\07_SpringBoot\13-myshop)
[DEBUG] 24-12-24 10:50:18 [MyshopApplication:51] - Running with Spring Boot v3.3.5, Spring v6.1.14
[INFO ] 24-12-24 10:50:18 [MyshopApplication:654] - No active profile set, falling back to 1 default profile: "default"
[INFO ] 24-12-24 10:50:20 [MyshopApplication:56] - Started MyshopApplication in 2.237 seconds (process running for 127.788)
[INFO ] 24-12-24 10:51:00 [sqlonly:228] - DELETE FROM SPRING_SESSION
WHERE EXPIRY_TIME < 1735005060017

[INFO ] 24-12-24 10:52:00 [sqlonly:228] - DELETE FROM SPRING_SESSION
WHERE EXPIRY_TIME < 1735005120013

[INFO ] 24-12-24 10:52:28 [MyshopApplication:50] - Starting MyshopApplication using Java 17.0.2 with PID 9648 (D:\jinju\07_SpringBoot\13-myshop\build\classes\java\main started by tlawl in D:\jinju\07_SpringBoot\13-myshop)
[DEBUG] 24-12-24 10:52:28 [MyshopApplication:51] - Running with Spring Boot v3.3.5, Spring v6.1.14
[INFO ] 24-12-24 10:52:28 [MyshopApplication:654] - No active profile set, falling back to 1 default profile: "default"
[INFO ] 24-12-24 10:52:32 [MyshopApplication:56] - Started MyshopApplication in 4.285 seconds (process running for 260.323)
[INFO ] 24-12-24 10:52:34 [MyshopApplication:50] - Starting MyshopApplication using Java 17.0.2 with PID 9648 (D:\jinju\07_SpringBoot\13-myshop\build\classes\java\main started by tlawl in D:\jinju\07_SpringBoot\13-myshop)
[DEBUG] 24-12-24 10:52:34 [MyshopApplication:51] - Running with Spring Boot v3.3.5, Spring v6.1.14
[INFO ] 24-12-24 10:52:34 [MyshopApplication:654] - No active profile set, falling back to 1 default profile: "default"
[INFO ] 24-12-24 10:52:37 [MyshopApplication:56] - Started MyshopApplication in 2.333 seconds (process running for 264.487)
[INFO ] 24-12-24 10:52:47 [MyshopApplication:50] - Starting MyshopApplication using Java 17.0.2 with PID 9648 (D:\jinju\07_SpringBoot\13-myshop\build\classes\java\main started by tlawl in D:\jinju\07_SpringBoot\13-myshop)
[DEBUG] 24-12-24 10:52:47 [MyshopApplication:51] - Running with Spring Boot v3.3.5, Spring v6.1.14
[INFO ] 24-12-24 10:52:47 [MyshopApplication:654] - No active profile set, falling back to 1 default profile: "default"
[INFO ] 24-12-24 10:52:50 [MyshopApplication:56] - Started MyshopApplication in 3.065 seconds (process running for 277.577)
[INFO ] 24-12-24 10:52:51 [MyshopApplication:50] - Starting MyshopApplication using Java 17.0.2 with PID 9648 (D:\jinju\07_SpringBoot\13-myshop\build\classes\java\main started by tlawl in D:\jinju\07_SpringBoot\13-myshop)
[DEBUG] 24-12-24 10:52:51 [MyshopApplication:51] - Running with Spring Boot v3.3.5, Spring v6.1.14
[INFO ] 24-12-24 10:52:51 [MyshopApplication:654] - No active profile set, falling back to 1 default profile: "default"
[INFO ] 24-12-24 10:52:53 [MyshopApplication:56] - Started MyshopApplication in 1.443 seconds (process running for 280.607)
[INFO ] 24-12-24 10:53:00 [sqlonly:228] - DELETE FROM SPRING_SESSION
WHERE EXPIRY_TIME < 1735005180014

[INFO ] 24-12-24 11:05:12 [MyshopApplication:50] - Starting MyshopApplication using Java 17.0.2 with PID 10760 (D:\jinju\07_SpringBoot\13-myshop\build\classes\java\main started by tlawl in D:\jinju\07_SpringBoot\13-myshop)
[DEBUG] 24-12-24 11:05:12 [MyshopApplication:51] - Running with Spring Boot v3.3.5, Spring v6.1.14
[INFO ] 24-12-24 11:05:12 [MyshopApplication:654] - No active profile set, falling back to 1 default profile: "default"
[DEBUG] 24-12-24 11:05:14 [LogFactory:109] - Logging initialized using 'class org.apache.ibatis.logging.slf4j.Slf4jImpl' adapter.
[INFO ] 24-12-24 11:05:19 [MyshopApplication:56] - Started MyshopApplication in 6.853 seconds (process running for 7.91)
[INFO ] 24-12-24 11:05:24 [MyInterceptor:44] - -------- new client connect ----------
[INFO ] 24-12-24 11:05:24 [MyInterceptor:62] - [Client] 0:0:0:0:0:0:0:1, Other, Windows 10, Chrome 131.0
[INFO ] 24-12-24 11:05:24 [MyInterceptor:80] - [GET] http://localhost/api-docs
[INFO ] 24-12-24 11:05:24 [MyInterceptor:117] - running time: 291(ms)
[INFO ] 24-12-24 11:05:24 [MyInterceptor:44] - -------- new client connect ----------
[INFO ] 24-12-24 11:05:24 [MyInterceptor:62] - [Client] 0:0:0:0:0:0:0:1, Other, Windows 10, Chrome 131.0
[INFO ] 24-12-24 11:05:24 [MyInterceptor:80] - [GET] http://localhost/swagger-ui/index.html
[INFO ] 24-12-24 11:05:24 [MyInterceptor:117] - running time: 71(ms)
[INFO ] 24-12-24 11:05:24 [MyInterceptor:44] - -------- new client connect ----------
[INFO ] 24-12-24 11:05:24 [MyInterceptor:44] - -------- new client connect ----------
[INFO ] 24-12-24 11:05:24 [MyInterceptor:44] - -------- new client connect ----------
[INFO ] 24-12-24 11:05:24 [MyInterceptor:44] - -------- new client connect ----------
[INFO ] 24-12-24 11:05:24 [MyInterceptor:44] - -------- new client connect ----------
[INFO ] 24-12-24 11:05:24 [MyInterceptor:62] - [Client] 0:0:0:0:0:0:0:1, Other, Windows 10, Chrome 131.0
[INFO ] 24-12-24 11:05:24 [MyInterceptor:80] - [GET] http://localhost/swagger-ui/swagger-ui.css
[INFO ] 24-12-24 11:05:24 [MyInterceptor:62] - [Client] 0:0:0:0:0:0:0:1, Other, Windows 10, Chrome 131.0
[INFO ] 24-12-24 11:05:24 [MyInterceptor:80] - [GET] http://localhost/swagger-ui/swagger-initializer.js
[INFO ] 24-12-24 11:05:24 [MyInterceptor:96] -  - REFERER : time = 37, url = http://localhost/swagger-ui/index.html 
[INFO ] 24-12-24 11:05:24 [MyInterceptor:96] -  - REFERER : time = 37, url = http://localhost/swagger-ui/index.html 
[INFO ] 24-12-24 11:05:24 [MyInterceptor:117] - running time: 107(ms)
[INFO ] 24-12-24 11:05:24 [MyInterceptor:62] - [Client] 0:0:0:0:0:0:0:1, Other, Windows 10, Chrome 131.0
[INFO ] 24-12-24 11:05:24 [MyInterceptor:80] - [GET] http://localhost/swagger-ui/swagger-ui-standalone-preset.js
[INFO ] 24-12-24 11:05:24 [MyInterceptor:96] -  - REFERER : time = -107, url = http://localhost/swagger-ui/index.html 
[INFO ] 24-12-24 11:05:24 [MyInterceptor:117] - running time: 129(ms)
[INFO ] 24-12-24 11:05:24 [MyInterceptor:62] - [Client] 0:0:0:0:0:0:0:1, Other, Windows 10, Chrome 131.0
[INFO ] 24-12-24 11:05:24 [MyInterceptor:80] - [GET] http://localhost/swagger-ui/index.css
[INFO ] 24-12-24 11:05:24 [MyInterceptor:96] -  - REFERER : time = -129, url = http://localhost/swagger-ui/index.html 
[INFO ] 24-12-24 11:05:24 [MyInterceptor:62] - [Client] 0:0:0:0:0:0:0:1, Other, Windows 10, Chrome 131.0
[INFO ] 24-12-24 11:05:24 [MyInterceptor:117] - running time: 139(ms)
[INFO ] 24-12-24 11:05:24 [MyInterceptor:80] - [GET] http://localhost/swagger-ui/swagger-ui-bundle.js
[INFO ] 24-12-24 11:05:24 [MyInterceptor:117] - running time: 139(ms)
[INFO ] 24-12-24 11:05:24 [MyInterceptor:96] -  - REFERER : time = -139, url = http://localhost/swagger-ui/index.html 
[INFO ] 24-12-24 11:05:24 [MyInterceptor:117] - running time: 143(ms)
[INFO ] 24-12-24 11:05:25 [MyInterceptor:44] - -------- new client connect ----------
[INFO ] 24-12-24 11:05:25 [MyInterceptor:44] - -------- new client connect ----------
[INFO ] 24-12-24 11:05:25 [MyInterceptor:62] - [Client] 0:0:0:0:0:0:0:1, Other, Windows 10, Chrome 131.0
[INFO ] 24-12-24 11:05:25 [MyInterceptor:80] - [GET] http://localhost/v3/api-docs/swagger-config
[INFO ] 24-12-24 11:05:25 [MyInterceptor:96] -  - REFERER : time = 265, url = http://localhost/swagger-ui/index.html 
[INFO ] 24-12-24 11:05:25 [MyInterceptor:62] - [Client] 0:0:0:0:0:0:0:1, Other, Windows 10, Chrome 131.0
[INFO ] 24-12-24 11:05:25 [MyInterceptor:80] - [GET] http://localhost/swagger-ui/favicon-32x32.png
[INFO ] 24-12-24 11:05:25 [MyInterceptor:96] -  - REFERER : time = 265, url = http://localhost/swagger-ui/index.html 
[INFO ] 24-12-24 11:05:25 [MyInterceptor:117] - running time: 56(ms)
[INFO ] 24-12-24 11:05:25 [MyInterceptor:117] - running time: 59(ms)
[INFO ] 24-12-24 11:05:25 [MyInterceptor:44] - -------- new client connect ----------
[INFO ] 24-12-24 11:05:25 [MyInterceptor:62] - [Client] 0:0:0:0:0:0:0:1, Other, Windows 10, Chrome 131.0
[INFO ] 24-12-24 11:05:25 [MyInterceptor:80] - [GET] http://localhost/v3/api-docs
[INFO ] 24-12-24 11:05:25 [MyInterceptor:96] -  - REFERER : time = 29, url = http://localhost/swagger-ui/index.html 
[INFO ] 24-12-24 11:05:25 [MyInterceptor:117] - running time: 432(ms)
[INFO ] 24-12-24 11:06:00 [sqlonly:228] - DELETE FROM SPRING_SESSION
WHERE EXPIRY_TIME < 1735005960018

[INFO ] 24-12-24 11:06:24 [MyInterceptor:44] - -------- new client connect ----------
[INFO ] 24-12-24 11:06:24 [MyInterceptor:62] - [Client] 0:0:0:0:0:0:0:1, Other, Windows 10, Chrome 131.0
[INFO ] 24-12-24 11:06:24 [MyInterceptor:80] - [GET] http://localhost/api/account/id_unique_check?user_id=jinju
[INFO ] 24-12-24 11:06:24 [MyInterceptor:87] - (param) <-- user_id = jinju
[INFO ] 24-12-24 11:06:24 [MyInterceptor:96] -  - REFERER : time = 59115, url = http://localhost/swagger-ui/index.html 
[DEBUG] 24-12-24 11:06:24 [selectCount:135] - ==>  Preparing: SELECT COUNT(*) FROM members WHERE user_id = ?
[DEBUG] 24-12-24 11:06:25 [selectCount:135] - ==> Parameters: jinju(String)
[INFO ] 24-12-24 11:06:25 [sqlonly:228] - SELECT COUNT(*) FROM members  WHERE user_id = 'jinju'

[INFO ] 24-12-24 11:06:25 [resultsettable:610] - 
|---------|
|count(*) |
|---------|
|0        |
|---------|

[DEBUG] 24-12-24 11:06:25 [selectCount:135] - <==      Total: 1
[INFO ] 24-12-24 11:06:25 [MyInterceptor:117] - running time: 244(ms)
[INFO ] 24-12-24 11:06:32 [MyInterceptor:44] - -------- new client connect ----------
[INFO ] 24-12-24 11:06:33 [MyInterceptor:62] - [Client] 0:0:0:0:0:0:0:1, Other, Windows 10, Chrome 131.0
[INFO ] 24-12-24 11:06:33 [MyInterceptor:80] - [GET] http://localhost/api/account/id_unique_check?user_id=jinju123
[INFO ] 24-12-24 11:06:33 [MyInterceptor:87] - (param) <-- user_id = jinju123
[INFO ] 24-12-24 11:06:33 [MyInterceptor:96] -  - REFERER : time = 7882, url = http://localhost/swagger-ui/index.html 
[DEBUG] 24-12-24 11:06:33 [selectCount:135] - ==>  Preparing: SELECT COUNT(*) FROM members WHERE user_id = ?
[DEBUG] 24-12-24 11:06:33 [selectCount:135] - ==> Parameters: jinju123(String)
[INFO ] 24-12-24 11:06:33 [sqlonly:228] - SELECT COUNT(*) FROM members  WHERE user_id = 'jinju123'

[INFO ] 24-12-24 11:06:33 [resultsettable:610] - 
|---------|
|count(*) |
|---------|
|1        |
|---------|

[DEBUG] 24-12-24 11:06:33 [selectCount:135] - <==      Total: 1
[ERROR] 24-12-24 11:06:33 [MemberServiceImpl:140] - 아이디 중복검사에 실패했습니다.
java.lang.Exception: 사용할 수 없는 아이디 입니다.
	at kr.jinju.myshop.services.impl.MemberServiceImpl.isUniqueUserId(MemberServiceImpl.java:137)
	at kr.jinju.myshop.controllers.apis.AccountRestController.idUniqueCheck(AccountRestController.java:76)
	at java.base/jdk.internal.reflect.NativeMethodAccessorImpl.invoke0(Native Method)
	at java.base/jdk.internal.reflect.NativeMethodAccessorImpl.invoke(NativeMethodAccessorImpl.java:77)
	at java.base/jdk.internal.reflect.DelegatingMethodAccessorImpl.invoke(DelegatingMethodAccessorImpl.java:43)
	at java.base/java.lang.reflect.Method.invoke(Method.java:568)
	at org.springframework.web.method.support.InvocableHandlerMethod.doInvoke(InvocableHandlerMethod.java:255)
	at org.springframework.web.method.support.InvocableHandlerMethod.invokeForRequest(InvocableHandlerMethod.java:188)
	at org.springframework.web.servlet.mvc.method.annotation.ServletInvocableHandlerMethod.invokeAndHandle(ServletInvocableHandlerMethod.java:118)
	at org.springframework.web.servlet.mvc.method.annotation.RequestMappingHandlerAdapter.invokeHandlerMethod(RequestMappingHandlerAdapter.java:926)
	at org.springframework.web.servlet.mvc.method.annotation.RequestMappingHandlerAdapter.handleInternal(RequestMappingHandlerAdapter.java:831)
	at org.springframework.web.servlet.mvc.method.AbstractHandlerMethodAdapter.handle(AbstractHandlerMethodAdapter.java:87)
	at org.springframework.web.servlet.DispatcherServlet.doDispatch(DispatcherServlet.java:1089)
	at org.springframework.web.servlet.DispatcherServlet.doService(DispatcherServlet.java:979)
	at org.springframework.web.servlet.FrameworkServlet.processRequest(FrameworkServlet.java:1014)
	at org.springframework.web.servlet.FrameworkServlet.doGet(FrameworkServlet.java:903)
	at jakarta.servlet.http.HttpServlet.service(HttpServlet.java:564)
	at org.springframework.web.servlet.FrameworkServlet.service(FrameworkServlet.java:885)
	at jakarta.servlet.http.HttpServlet.service(HttpServlet.java:658)
	at org.apache.catalina.core.ApplicationFilterChain.internalDoFilter(ApplicationFilterChain.java:195)
	at org.apache.catalina.core.ApplicationFilterChain.doFilter(ApplicationFilterChain.java:140)
	at org.apache.tomcat.websocket.server.WsFilter.doFilter(WsFilter.java:51)
	at org.apache.catalina.core.ApplicationFilterChain.internalDoFilter(ApplicationFilterChain.java:164)
	at org.apache.catalina.core.ApplicationFilterChain.doFilter(ApplicationFilterChain.java:140)
	at org.springframework.web.servlet.resource.ResourceUrlEncodingFilter.doFilter(ResourceUrlEncodingFilter.java:66)
	at org.apache.catalina.core.ApplicationFilterChain.internalDoFilter(ApplicationFilterChain.java:164)
	at org.apache.catalina.core.ApplicationFilterChain.doFilter(ApplicationFilterChain.java:140)
	at org.springframework.web.filter.RequestContextFilter.doFilterInternal(RequestContextFilter.java:100)
	at org.springframework.web.filter.OncePerRequestFilter.doFilter(OncePerRequestFilter.java:116)
	at org.apache.catalina.core.ApplicationFilterChain.internalDoFilter(ApplicationFilterChain.java:164)
	at org.apache.catalina.core.ApplicationFilterChain.doFilter(ApplicationFilterChain.java:140)
	at org.springframework.web.filter.FormContentFilter.doFilterInternal(FormContentFilter.java:93)
	at org.springframework.web.filter.OncePerRequestFilter.doFilter(OncePerRequestFilter.java:116)
	at org.apache.catalina.core.ApplicationFilterChain.internalDoFilter(ApplicationFilterChain.java:164)
	at org.apache.catalina.core.ApplicationFilterChain.doFilter(ApplicationFilterChain.java:140)
	at org.springframework.session.web.http.SessionRepositoryFilter.doFilterInternal(SessionRepositoryFilter.java:142)
	at org.springframework.session.web.http.OncePerRequestFilter.doFilter(OncePerRequestFilter.java:82)
	at org.springframework.web.filter.DelegatingFilterProxy.invokeDelegate(DelegatingFilterProxy.java:362)
	at org.springframework.web.filter.DelegatingFilterProxy.doFilter(DelegatingFilterProxy.java:278)
	at org.apache.catalina.core.ApplicationFilterChain.internalDoFilter(ApplicationFilterChain.java:164)
	at org.apache.catalina.core.ApplicationFilterChain.doFilter(ApplicationFilterChain.java:140)
	at org.springframework.web.filter.ServerHttpObservationFilter.doFilterInternal(ServerHttpObservationFilter.java:113)
	at org.springframework.web.filter.OncePerRequestFilter.doFilter(OncePerRequestFilter.java:116)
	at org.apache.catalina.core.ApplicationFilterChain.internalDoFilter(ApplicationFilterChain.java:164)
	at org.apache.catalina.core.ApplicationFilterChain.doFilter(ApplicationFilterChain.java:140)
	at org.springframework.web.filter.CharacterEncodingFilter.doFilterInternal(CharacterEncodingFilter.java:201)
	at org.springframework.web.filter.OncePerRequestFilter.doFilter(OncePerRequestFilter.java:116)
	at org.apache.catalina.core.ApplicationFilterChain.internalDoFilter(ApplicationFilterChain.java:164)
	at org.apache.catalina.core.ApplicationFilterChain.doFilter(ApplicationFilterChain.java:140)
	at org.apache.catalina.core.StandardWrapperValve.invoke(StandardWrapperValve.java:167)
	at org.apache.catalina.core.StandardContextValve.invoke(StandardContextValve.java:90)
	at org.apache.catalina.authenticator.AuthenticatorBase.invoke(AuthenticatorBase.java:483)
	at org.apache.catalina.core.StandardHostValve.invoke(StandardHostValve.java:115)
	at org.apache.catalina.valves.ErrorReportValve.invoke(ErrorReportValve.java:93)
	at org.apache.catalina.core.StandardEngineValve.invoke(StandardEngineValve.java:74)
	at org.apache.catalina.connector.CoyoteAdapter.service(CoyoteAdapter.java:344)
	at org.apache.coyote.http11.Http11Processor.service(Http11Processor.java:384)
	at org.apache.coyote.AbstractProcessorLight.process(AbstractProcessorLight.java:63)
	at org.apache.coyote.AbstractProtocol$ConnectionHandler.process(AbstractProtocol.java:905)
	at org.apache.tomcat.util.net.NioEndpoint$SocketProcessor.doRun(NioEndpoint.java:1741)
	at org.apache.tomcat.util.net.SocketProcessorBase.run(SocketProcessorBase.java:52)
	at org.apache.tomcat.util.threads.ThreadPoolExecutor.runWorker(ThreadPoolExecutor.java:1190)
	at org.apache.tomcat.util.threads.ThreadPoolExecutor$Worker.run(ThreadPoolExecutor.java:659)
	at org.apache.tomcat.util.threads.TaskThread$WrappingRunnable.run(TaskThread.java:63)
	at java.base/java.lang.Thread.run(Thread.java:833)
[INFO ] 24-12-24 11:06:33 [MyInterceptor:117] - running time: 87(ms)
[INFO ] 24-12-24 11:06:33 [MyInterceptor:44] - -------- new client connect ----------
[INFO ] 24-12-24 11:06:33 [MyInterceptor:62] - [Client] 0:0:0:0:0:0:0:1, Other, Windows 10, Chrome 131.0
[INFO ] 24-12-24 11:06:33 [MyInterceptor:80] - [GET] http://localhost/api/account/id_unique_check?user_id=jinju123
[INFO ] 24-12-24 11:06:33 [MyInterceptor:87] - (param) <-- user_id = jinju123
[INFO ] 24-12-24 11:06:33 [MyInterceptor:96] -  - REFERER : time = 873, url = http://localhost/swagger-ui/index.html 
[DEBUG] 24-12-24 11:06:33 [selectCount:135] - ==>  Preparing: SELECT COUNT(*) FROM members WHERE user_id = ?
[DEBUG] 24-12-24 11:06:33 [selectCount:135] - ==> Parameters: jinju123(String)
[INFO ] 24-12-24 11:06:33 [sqlonly:228] - SELECT COUNT(*) FROM members  WHERE user_id = 'jinju123'

[INFO ] 24-12-24 11:06:33 [resultsettable:610] - 
|---------|
|count(*) |
|---------|
|1        |
|---------|

[DEBUG] 24-12-24 11:06:33 [selectCount:135] - <==      Total: 1
[ERROR] 24-12-24 11:06:33 [MemberServiceImpl:140] - 아이디 중복검사에 실패했습니다.
java.lang.Exception: 사용할 수 없는 아이디 입니다.
	at kr.jinju.myshop.services.impl.MemberServiceImpl.isUniqueUserId(MemberServiceImpl.java:137)
	at kr.jinju.myshop.controllers.apis.AccountRestController.idUniqueCheck(AccountRestController.java:76)
	at java.base/jdk.internal.reflect.NativeMethodAccessorImpl.invoke0(Native Method)
	at java.base/jdk.internal.reflect.NativeMethodAccessorImpl.invoke(NativeMethodAccessorImpl.java:77)
	at java.base/jdk.internal.reflect.DelegatingMethodAccessorImpl.invoke(DelegatingMethodAccessorImpl.java:43)
	at java.base/java.lang.reflect.Method.invoke(Method.java:568)
	at org.springframework.web.method.support.InvocableHandlerMethod.doInvoke(InvocableHandlerMethod.java:255)
	at org.springframework.web.method.support.InvocableHandlerMethod.invokeForRequest(InvocableHandlerMethod.java:188)
	at org.springframework.web.servlet.mvc.method.annotation.ServletInvocableHandlerMethod.invokeAndHandle(ServletInvocableHandlerMethod.java:118)
	at org.springframework.web.servlet.mvc.method.annotation.RequestMappingHandlerAdapter.invokeHandlerMethod(RequestMappingHandlerAdapter.java:926)
	at org.springframework.web.servlet.mvc.method.annotation.RequestMappingHandlerAdapter.handleInternal(RequestMappingHandlerAdapter.java:831)
	at org.springframework.web.servlet.mvc.method.AbstractHandlerMethodAdapter.handle(AbstractHandlerMethodAdapter.java:87)
	at org.springframework.web.servlet.DispatcherServlet.doDispatch(DispatcherServlet.java:1089)
	at org.springframework.web.servlet.DispatcherServlet.doService(DispatcherServlet.java:979)
	at org.springframework.web.servlet.FrameworkServlet.processRequest(FrameworkServlet.java:1014)
	at org.springframework.web.servlet.FrameworkServlet.doGet(FrameworkServlet.java:903)
	at jakarta.servlet.http.HttpServlet.service(HttpServlet.java:564)
	at org.springframework.web.servlet.FrameworkServlet.service(FrameworkServlet.java:885)
	at jakarta.servlet.http.HttpServlet.service(HttpServlet.java:658)
	at org.apache.catalina.core.ApplicationFilterChain.internalDoFilter(ApplicationFilterChain.java:195)
	at org.apache.catalina.core.ApplicationFilterChain.doFilter(ApplicationFilterChain.java:140)
	at org.apache.tomcat.websocket.server.WsFilter.doFilter(WsFilter.java:51)
	at org.apache.catalina.core.ApplicationFilterChain.internalDoFilter(ApplicationFilterChain.java:164)
	at org.apache.catalina.core.ApplicationFilterChain.doFilter(ApplicationFilterChain.java:140)
	at org.springframework.web.servlet.resource.ResourceUrlEncodingFilter.doFilter(ResourceUrlEncodingFilter.java:66)
	at org.apache.catalina.core.ApplicationFilterChain.internalDoFilter(ApplicationFilterChain.java:164)
	at org.apache.catalina.core.ApplicationFilterChain.doFilter(ApplicationFilterChain.java:140)
	at org.springframework.web.filter.RequestContextFilter.doFilterInternal(RequestContextFilter.java:100)
	at org.springframework.web.filter.OncePerRequestFilter.doFilter(OncePerRequestFilter.java:116)
	at org.apache.catalina.core.ApplicationFilterChain.internalDoFilter(ApplicationFilterChain.java:164)
	at org.apache.catalina.core.ApplicationFilterChain.doFilter(ApplicationFilterChain.java:140)
	at org.springframework.web.filter.FormContentFilter.doFilterInternal(FormContentFilter.java:93)
	at org.springframework.web.filter.OncePerRequestFilter.doFilter(OncePerRequestFilter.java:116)
	at org.apache.catalina.core.ApplicationFilterChain.internalDoFilter(ApplicationFilterChain.java:164)
	at org.apache.catalina.core.ApplicationFilterChain.doFilter(ApplicationFilterChain.java:140)
	at org.springframework.session.web.http.SessionRepositoryFilter.doFilterInternal(SessionRepositoryFilter.java:142)
	at org.springframework.session.web.http.OncePerRequestFilter.doFilter(OncePerRequestFilter.java:82)
	at org.springframework.web.filter.DelegatingFilterProxy.invokeDelegate(DelegatingFilterProxy.java:362)
	at org.springframework.web.filter.DelegatingFilterProxy.doFilter(DelegatingFilterProxy.java:278)
	at org.apache.catalina.core.ApplicationFilterChain.internalDoFilter(ApplicationFilterChain.java:164)
	at org.apache.catalina.core.ApplicationFilterChain.doFilter(ApplicationFilterChain.java:140)
	at org.springframework.web.filter.ServerHttpObservationFilter.doFilterInternal(ServerHttpObservationFilter.java:113)
	at org.springframework.web.filter.OncePerRequestFilter.doFilter(OncePerRequestFilter.java:116)
	at org.apache.catalina.core.ApplicationFilterChain.internalDoFilter(ApplicationFilterChain.java:164)
	at org.apache.catalina.core.ApplicationFilterChain.doFilter(ApplicationFilterChain.java:140)
	at org.springframework.web.filter.CharacterEncodingFilter.doFilterInternal(CharacterEncodingFilter.java:201)
	at org.springframework.web.filter.OncePerRequestFilter.doFilter(OncePerRequestFilter.java:116)
	at org.apache.catalina.core.ApplicationFilterChain.internalDoFilter(ApplicationFilterChain.java:164)
	at org.apache.catalina.core.ApplicationFilterChain.doFilter(ApplicationFilterChain.java:140)
	at org.apache.catalina.core.StandardWrapperValve.invoke(StandardWrapperValve.java:167)
	at org.apache.catalina.core.StandardContextValve.invoke(StandardContextValve.java:90)
	at org.apache.catalina.authenticator.AuthenticatorBase.invoke(AuthenticatorBase.java:483)
	at org.apache.catalina.core.StandardHostValve.invoke(StandardHostValve.java:115)
	at org.apache.catalina.valves.ErrorReportValve.invoke(ErrorReportValve.java:93)
	at org.apache.catalina.core.StandardEngineValve.invoke(StandardEngineValve.java:74)
	at org.apache.catalina.connector.CoyoteAdapter.service(CoyoteAdapter.java:344)
	at org.apache.coyote.http11.Http11Processor.service(Http11Processor.java:384)
	at org.apache.coyote.AbstractProcessorLight.process(AbstractProcessorLight.java:63)
	at org.apache.coyote.AbstractProtocol$ConnectionHandler.process(AbstractProtocol.java:905)
	at org.apache.tomcat.util.net.NioEndpoint$SocketProcessor.doRun(NioEndpoint.java:1741)
	at org.apache.tomcat.util.net.SocketProcessorBase.run(SocketProcessorBase.java:52)
	at org.apache.tomcat.util.threads.ThreadPoolExecutor.runWorker(ThreadPoolExecutor.java:1190)
	at org.apache.tomcat.util.threads.ThreadPoolExecutor$Worker.run(ThreadPoolExecutor.java:659)
	at org.apache.tomcat.util.threads.TaskThread$WrappingRunnable.run(TaskThread.java:63)
	at java.base/java.lang.Thread.run(Thread.java:833)
[INFO ] 24-12-24 11:06:33 [MyInterceptor:117] - running time: 48(ms)
[INFO ] 24-12-24 11:07:00 [sqlonly:228] - DELETE FROM SPRING_SESSION
WHERE EXPIRY_TIME < 1735006020007

[INFO ] 24-12-24 11:08:00 [sqlonly:228] - DELETE FROM SPRING_SESSION
WHERE EXPIRY_TIME < 1735006080004

[INFO ] 24-12-24 11:09:00 [sqlonly:228] - DELETE FROM SPRING_SESSION
WHERE EXPIRY_TIME < 1735006140008

[INFO ] 24-12-24 11:10:00 [sqlonly:228] - DELETE FROM SPRING_SESSION
WHERE EXPIRY_TIME < 1735006200013

[INFO ] 24-12-24 11:11:00 [sqlonly:228] - DELETE FROM SPRING_SESSION
WHERE EXPIRY_TIME < 1735006260016

[INFO ] 24-12-24 11:12:00 [sqlonly:228] - DELETE FROM SPRING_SESSION
WHERE EXPIRY_TIME < 1735006320003

[WARN ] 24-12-24 11:15:55 [HikariPool:797] - HikariPool-1 - Thread starvation or clock leap detected (housekeeper delta=3m38s911ms937µs301ns).
[INFO ] 24-12-24 11:16:08 [sqlonly:228] - DELETE FROM SPRING_SESSION
WHERE EXPIRY_TIME < 1735006568909

[INFO ] 24-12-24 11:17:00 [sqlonly:228] - DELETE FROM SPRING_SESSION
WHERE EXPIRY_TIME < 1735006620006

[INFO ] 24-12-24 11:17:11 [MyshopApplication:50] - Starting MyshopApplication using Java 17.0.2 with PID 10760 (D:\jinju\07_SpringBoot\13-myshop\build\classes\java\main started by tlawl in D:\jinju\07_SpringBoot\13-myshop)
[DEBUG] 24-12-24 11:17:11 [MyshopApplication:51] - Running with Spring Boot v3.3.5, Spring v6.1.14
[INFO ] 24-12-24 11:17:11 [MyshopApplication:654] - No active profile set, falling back to 1 default profile: "default"
[INFO ] 24-12-24 11:17:13 [MyshopApplication:56] - Started MyshopApplication in 2.423 seconds (process running for 722.339)
[INFO ] 24-12-24 11:17:17 [MyInterceptor:44] - -------- new client connect ----------
[INFO ] 24-12-24 11:17:17 [MyInterceptor:62] - [Client] 127.0.0.1, Other, Windows 10, Chrome 131.0
[INFO ] 24-12-24 11:17:17 [MyInterceptor:80] - [GET] http://localhost/swagger-ui/index.html
[INFO ] 24-12-24 11:17:17 [MyInterceptor:117] - running time: 124(ms)
[INFO ] 24-12-24 11:17:17 [MyInterceptor:44] - -------- new client connect ----------
[INFO ] 24-12-24 11:17:17 [MyInterceptor:44] - -------- new client connect ----------
[INFO ] 24-12-24 11:17:17 [MyInterceptor:44] - -------- new client connect ----------
[INFO ] 24-12-24 11:17:17 [MyInterceptor:44] - -------- new client connect ----------
[INFO ] 24-12-24 11:17:17 [MyInterceptor:44] - -------- new client connect ----------
[INFO ] 24-12-24 11:17:17 [MyInterceptor:62] - [Client] 0:0:0:0:0:0:0:1, Other, Windows 10, Chrome 131.0
[INFO ] 24-12-24 11:17:17 [MyInterceptor:80] - [GET] http://localhost/swagger-ui/swagger-ui-standalone-preset.js
[INFO ] 24-12-24 11:17:17 [MyInterceptor:96] -  - REFERER : time = 66, url = http://localhost/swagger-ui/index.html 
[INFO ] 24-12-24 11:17:17 [MyInterceptor:117] - running time: 59(ms)
[INFO ] 24-12-24 11:17:17 [MyInterceptor:62] - [Client] 127.0.0.1, Other, Windows 10, Chrome 131.0
[INFO ] 24-12-24 11:17:17 [MyInterceptor:80] - [GET] http://localhost/swagger-ui/swagger-ui.css
[INFO ] 24-12-24 11:17:17 [MyInterceptor:96] -  - REFERER : time = -59, url = http://localhost/swagger-ui/index.html 
[INFO ] 24-12-24 11:17:17 [MyInterceptor:117] - running time: 106(ms)
[INFO ] 24-12-24 11:17:17 [MyInterceptor:62] - [Client] 0:0:0:0:0:0:0:1, Other, Windows 10, Chrome 131.0
[INFO ] 24-12-24 11:17:17 [MyInterceptor:62] - [Client] 0:0:0:0:0:0:0:1, Other, Windows 10, Chrome 131.0
[INFO ] 24-12-24 11:17:17 [MyInterceptor:62] - [Client] 0:0:0:0:0:0:0:1, Other, Windows 10, Chrome 131.0
[INFO ] 24-12-24 11:17:17 [MyInterceptor:80] - [GET] http://localhost/swagger-ui/index.css
[INFO ] 24-12-24 11:17:17 [MyInterceptor:80] - [GET] http://localhost/swagger-ui/swagger-ui-bundle.js
[INFO ] 24-12-24 11:17:17 [MyInterceptor:80] - [GET] http://localhost/swagger-ui/swagger-initializer.js
[INFO ] 24-12-24 11:17:17 [MyInterceptor:96] -  - REFERER : time = -106, url = http://localhost/swagger-ui/index.html 
[INFO ] 24-12-24 11:17:17 [MyInterceptor:96] -  - REFERER : time = -106, url = http://localhost/swagger-ui/index.html 
[INFO ] 24-12-24 11:17:17 [MyInterceptor:117] - running time: 187(ms)
[INFO ] 24-12-24 11:17:17 [MyInterceptor:117] - running time: 195(ms)
[INFO ] 24-12-24 11:17:17 [MyInterceptor:96] -  - REFERER : time = -195, url = http://localhost/swagger-ui/index.html 
[INFO ] 24-12-24 11:17:17 [MyInterceptor:117] - running time: 220(ms)
[INFO ] 24-12-24 11:17:17 [MyInterceptor:44] - -------- new client connect ----------
[INFO ] 24-12-24 11:17:17 [MyInterceptor:44] - -------- new client connect ----------
[INFO ] 24-12-24 11:17:17 [MyInterceptor:62] - [Client] 0:0:0:0:0:0:0:1, Other, Windows 10, Chrome 131.0
[INFO ] 24-12-24 11:17:17 [MyInterceptor:80] - [GET] http://localhost/v3/api-docs/swagger-config
[INFO ] 24-12-24 11:17:17 [MyInterceptor:96] -  - REFERER : time = 271, url = http://localhost/swagger-ui/index.html 
[INFO ] 24-12-24 11:17:17 [MyInterceptor:62] - [Client] 0:0:0:0:0:0:0:1, Other, Windows 10, Chrome 131.0
[INFO ] 24-12-24 11:17:17 [MyInterceptor:80] - [GET] http://localhost/swagger-ui/favicon-32x32.png
[INFO ] 24-12-24 11:17:17 [MyInterceptor:96] -  - REFERER : time = 271, url = http://localhost/swagger-ui/index.html 
[INFO ] 24-12-24 11:17:17 [MyInterceptor:117] - running time: 98(ms)
[INFO ] 24-12-24 11:17:17 [MyInterceptor:117] - running time: 108(ms)
[INFO ] 24-12-24 11:17:17 [MyInterceptor:44] - -------- new client connect ----------
[INFO ] 24-12-24 11:17:17 [MyInterceptor:62] - [Client] 0:0:0:0:0:0:0:1, Other, Windows 10, Chrome 131.0
[INFO ] 24-12-24 11:17:17 [MyInterceptor:80] - [GET] http://localhost/v3/api-docs
[INFO ] 24-12-24 11:17:17 [MyInterceptor:96] -  - REFERER : time = 22, url = http://localhost/swagger-ui/index.html 
[INFO ] 24-12-24 11:17:18 [MyInterceptor:117] - running time: 360(ms)
[INFO ] 24-12-24 11:17:58 [MyInterceptor:44] - -------- new client connect ----------
[INFO ] 24-12-24 11:17:58 [MyInterceptor:62] - [Client] 0:0:0:0:0:0:0:1, Other, Windows 10, Chrome 131.0
[INFO ] 24-12-24 11:17:58 [MyInterceptor:80] - [GET] http://localhost/swagger-ui/index.html
[INFO ] 24-12-24 11:17:58 [MyInterceptor:117] - running time: 40(ms)
[INFO ] 24-12-24 11:17:58 [MyInterceptor:44] - -------- new client connect ----------
[INFO ] 24-12-24 11:17:58 [MyInterceptor:62] - [Client] 0:0:0:0:0:0:0:1, Other, Windows 10, Chrome 131.0
[INFO ] 24-12-24 11:17:58 [MyInterceptor:80] - [GET] http://localhost/swagger-ui/swagger-initializer.js
[INFO ] 24-12-24 11:17:58 [MyInterceptor:96] -  - REFERER : time = 42, url = http://localhost/swagger-ui/index.html 
[INFO ] 24-12-24 11:17:58 [MyInterceptor:117] - running time: 38(ms)
[INFO ] 24-12-24 11:17:58 [MyInterceptor:44] - -------- new client connect ----------
[INFO ] 24-12-24 11:17:58 [MyInterceptor:62] - [Client] 0:0:0:0:0:0:0:1, Other, Windows 10, Chrome 131.0
[INFO ] 24-12-24 11:17:58 [MyInterceptor:80] - [GET] http://localhost/v3/api-docs/swagger-config
[INFO ] 24-12-24 11:17:58 [MyInterceptor:96] -  - REFERER : time = 284, url = http://localhost/swagger-ui/index.html 
[INFO ] 24-12-24 11:17:58 [MyInterceptor:117] - running time: 54(ms)
[INFO ] 24-12-24 11:17:58 [MyInterceptor:44] - -------- new client connect ----------
[INFO ] 24-12-24 11:17:58 [MyInterceptor:62] - [Client] 0:0:0:0:0:0:0:1, Other, Windows 10, Chrome 131.0
[INFO ] 24-12-24 11:17:58 [MyInterceptor:80] - [GET] http://localhost/v3/api-docs
[INFO ] 24-12-24 11:17:58 [MyInterceptor:96] -  - REFERER : time = 28, url = http://localhost/swagger-ui/index.html 
[INFO ] 24-12-24 11:17:58 [MyInterceptor:117] - running time: 52(ms)
[INFO ] 24-12-24 11:17:59 [MyshopApplication:50] - Starting MyshopApplication using Java 17.0.2 with PID 10760 (D:\jinju\07_SpringBoot\13-myshop\build\classes\java\main started by tlawl in D:\jinju\07_SpringBoot\13-myshop)
[DEBUG] 24-12-24 11:17:59 [MyshopApplication:51] - Running with Spring Boot v3.3.5, Spring v6.1.14
[INFO ] 24-12-24 11:17:59 [MyshopApplication:654] - No active profile set, falling back to 1 default profile: "default"
[INFO ] 24-12-24 11:18:08 [MyshopApplication:56] - Started MyshopApplication in 8.711 seconds (process running for 777.419)
[INFO ] 24-12-24 11:18:11 [MyshopApplication:50] - Starting MyshopApplication using Java 17.0.2 with PID 10760 (D:\jinju\07_SpringBoot\13-myshop\build\classes\java\main started by tlawl in D:\jinju\07_SpringBoot\13-myshop)
[DEBUG] 24-12-24 11:18:11 [MyshopApplication:51] - Running with Spring Boot v3.3.5, Spring v6.1.14
[INFO ] 24-12-24 11:18:11 [MyshopApplication:654] - No active profile set, falling back to 1 default profile: "default"
[INFO ] 24-12-24 11:18:18 [MyshopApplication:56] - Started MyshopApplication in 7.635 seconds (process running for 787.751)
[INFO ] 24-12-24 11:18:22 [MyInterceptor:44] - -------- new client connect ----------
[INFO ] 24-12-24 11:18:22 [MyInterceptor:62] - [Client] 0:0:0:0:0:0:0:1, Other, Windows 10, Chrome 131.0
[INFO ] 24-12-24 11:18:22 [MyInterceptor:80] - [GET] http://localhost/swagger-ui/index.html
[INFO ] 24-12-24 11:18:22 [MyInterceptor:117] - running time: 59(ms)
[INFO ] 24-12-24 11:18:22 [MyInterceptor:44] - -------- new client connect ----------
[INFO ] 24-12-24 11:18:22 [MyInterceptor:62] - [Client] 0:0:0:0:0:0:0:1, Other, Windows 10, Chrome 131.0
[INFO ] 24-12-24 11:18:22 [MyInterceptor:80] - [GET] http://localhost/swagger-ui/swagger-initializer.js
[INFO ] 24-12-24 11:18:22 [MyInterceptor:96] -  - REFERER : time = 48, url = http://localhost/swagger-ui/index.html 
[INFO ] 24-12-24 11:18:22 [MyInterceptor:117] - running time: 33(ms)
[INFO ] 24-12-24 11:18:23 [MyInterceptor:44] - -------- new client connect ----------
[INFO ] 24-12-24 11:18:23 [MyInterceptor:62] - [Client] 0:0:0:0:0:0:0:1, Other, Windows 10, Chrome 131.0
[INFO ] 24-12-24 11:18:23 [MyInterceptor:80] - [GET] http://localhost/v3/api-docs/swagger-config
[INFO ] 24-12-24 11:18:23 [MyInterceptor:96] -  - REFERER : time = 53, url = http://localhost/swagger-ui/index.html 
[INFO ] 24-12-24 11:18:23 [MyInterceptor:117] - running time: 36(ms)
[INFO ] 24-12-24 11:18:23 [MyInterceptor:44] - -------- new client connect ----------
[INFO ] 24-12-24 11:18:23 [MyInterceptor:62] - [Client] 0:0:0:0:0:0:0:1, Other, Windows 10, Chrome 131.0
[INFO ] 24-12-24 11:18:23 [MyInterceptor:80] - [GET] http://localhost/v3/api-docs
[INFO ] 24-12-24 11:18:23 [MyInterceptor:96] -  - REFERER : time = 28, url = http://localhost/swagger-ui/index.html 
[INFO ] 24-12-24 11:18:23 [MyInterceptor:117] - running time: 148(ms)
[INFO ] 24-12-24 11:18:32 [MyshopApplication:50] - Starting MyshopApplication using Java 17.0.2 with PID 10760 (D:\jinju\07_SpringBoot\13-myshop\build\classes\java\main started by tlawl in D:\jinju\07_SpringBoot\13-myshop)
[DEBUG] 24-12-24 11:18:32 [MyshopApplication:51] - Running with Spring Boot v3.3.5, Spring v6.1.14
[INFO ] 24-12-24 11:18:32 [MyshopApplication:654] - No active profile set, falling back to 1 default profile: "default"
[INFO ] 24-12-24 11:18:37 [MyshopApplication:56] - Started MyshopApplication in 5.108 seconds (process running for 806.29)
[INFO ] 24-12-24 11:18:40 [MyshopApplication:50] - Starting MyshopApplication using Java 17.0.2 with PID 10760 (D:\jinju\07_SpringBoot\13-myshop\build\classes\java\main started by tlawl in D:\jinju\07_SpringBoot\13-myshop)
[DEBUG] 24-12-24 11:18:40 [MyshopApplication:51] - Running with Spring Boot v3.3.5, Spring v6.1.14
[INFO ] 24-12-24 11:18:40 [MyshopApplication:654] - No active profile set, falling back to 1 default profile: "default"
[INFO ] 24-12-24 11:18:41 [MyshopApplication:56] - Started MyshopApplication in 1.498 seconds (process running for 810.452)
[INFO ] 24-12-24 11:18:42 [MyInterceptor:44] - -------- new client connect ----------
[INFO ] 24-12-24 11:18:42 [MyInterceptor:62] - [Client] 0:0:0:0:0:0:0:1, Other, Windows 10, Chrome 131.0
[INFO ] 24-12-24 11:18:42 [MyInterceptor:80] - [GET] http://localhost/swagger-ui/index.html
[INFO ] 24-12-24 11:18:42 [MyInterceptor:117] - running time: 33(ms)
[INFO ] 24-12-24 11:18:42 [MyInterceptor:44] - -------- new client connect ----------
[INFO ] 24-12-24 11:18:42 [MyInterceptor:62] - [Client] 0:0:0:0:0:0:0:1, Other, Windows 10, Chrome 131.0
[INFO ] 24-12-24 11:18:42 [MyInterceptor:80] - [GET] http://localhost/swagger-ui/swagger-initializer.js
[INFO ] 24-12-24 11:18:42 [MyInterceptor:96] -  - REFERER : time = 23, url = http://localhost/swagger-ui/index.html 
[INFO ] 24-12-24 11:18:42 [MyInterceptor:117] - running time: 40(ms)
[INFO ] 24-12-24 11:18:42 [MyInterceptor:44] - -------- new client connect ----------
[INFO ] 24-12-24 11:18:42 [MyInterceptor:62] - [Client] 0:0:0:0:0:0:0:1, Other, Windows 10, Chrome 131.0
[INFO ] 24-12-24 11:18:42 [MyInterceptor:80] - [GET] http://localhost/v3/api-docs/swagger-config
[INFO ] 24-12-24 11:18:42 [MyInterceptor:96] -  - REFERER : time = 42, url = http://localhost/swagger-ui/index.html 
[INFO ] 24-12-24 11:18:42 [MyInterceptor:117] - running time: 33(ms)
[INFO ] 24-12-24 11:18:42 [MyInterceptor:44] - -------- new client connect ----------
[INFO ] 24-12-24 11:18:42 [MyInterceptor:62] - [Client] 0:0:0:0:0:0:0:1, Other, Windows 10, Chrome 131.0
[INFO ] 24-12-24 11:18:42 [MyInterceptor:80] - [GET] http://localhost/v3/api-docs
[INFO ] 24-12-24 11:18:42 [MyInterceptor:96] -  - REFERER : time = 27, url = http://localhost/swagger-ui/index.html 
[INFO ] 24-12-24 11:18:42 [MyInterceptor:117] - running time: 155(ms)
[INFO ] 24-12-24 11:18:45 [MyshopApplication:50] - Starting MyshopApplication using Java 17.0.2 with PID 10760 (D:\jinju\07_SpringBoot\13-myshop\build\classes\java\main started by tlawl in D:\jinju\07_SpringBoot\13-myshop)
[DEBUG] 24-12-24 11:18:45 [MyshopApplication:51] - Running with Spring Boot v3.3.5, Spring v6.1.14
[INFO ] 24-12-24 11:18:45 [MyshopApplication:654] - No active profile set, falling back to 1 default profile: "default"
[INFO ] 24-12-24 11:18:49 [MyshopApplication:56] - Started MyshopApplication in 4.086 seconds (process running for 818.7)
[INFO ] 24-12-24 11:18:50 [MyInterceptor:44] - -------- new client connect ----------
[INFO ] 24-12-24 11:18:50 [MyInterceptor:62] - [Client] 0:0:0:0:0:0:0:1, Other, Windows 10, Chrome 131.0
[INFO ] 24-12-24 11:18:50 [MyInterceptor:80] - [GET] http://localhost/swagger-ui/index.html
[INFO ] 24-12-24 11:18:50 [MyInterceptor:117] - running time: 79(ms)
[INFO ] 24-12-24 11:18:50 [MyInterceptor:44] - -------- new client connect ----------
[INFO ] 24-12-24 11:18:50 [MyInterceptor:62] - [Client] 0:0:0:0:0:0:0:1, Other, Windows 10, Chrome 131.0
[INFO ] 24-12-24 11:18:50 [MyInterceptor:80] - [GET] http://localhost/swagger-ui/swagger-initializer.js
[INFO ] 24-12-24 11:18:50 [MyInterceptor:96] -  - REFERER : time = 38, url = http://localhost/swagger-ui/index.html 
[INFO ] 24-12-24 11:18:50 [MyInterceptor:117] - running time: 76(ms)
[INFO ] 24-12-24 11:18:50 [MyInterceptor:44] - -------- new client connect ----------
[INFO ] 24-12-24 11:18:50 [MyInterceptor:62] - [Client] 0:0:0:0:0:0:0:1, Other, Windows 10, Chrome 131.0
[INFO ] 24-12-24 11:18:50 [MyInterceptor:80] - [GET] http://localhost/v3/api-docs/swagger-config
[INFO ] 24-12-24 11:18:50 [MyInterceptor:96] -  - REFERER : time = 57, url = http://localhost/swagger-ui/index.html 
[INFO ] 24-12-24 11:18:50 [MyInterceptor:117] - running time: 67(ms)
[INFO ] 24-12-24 11:18:50 [MyInterceptor:44] - -------- new client connect ----------
[INFO ] 24-12-24 11:18:50 [MyInterceptor:62] - [Client] 0:0:0:0:0:0:0:1, Other, Windows 10, Chrome 131.0
[INFO ] 24-12-24 11:18:50 [MyInterceptor:80] - [GET] http://localhost/v3/api-docs
[INFO ] 24-12-24 11:18:50 [MyInterceptor:96] -  - REFERER : time = 35, url = http://localhost/swagger-ui/index.html 
[INFO ] 24-12-24 11:18:50 [MyInterceptor:117] - running time: 425(ms)
[INFO ] 24-12-24 11:19:00 [sqlonly:228] - DELETE FROM SPRING_SESSION
WHERE EXPIRY_TIME < 1735006740008

[INFO ] 24-12-24 11:20:00 [sqlonly:228] - DELETE FROM SPRING_SESSION
WHERE EXPIRY_TIME < 1735006800013

[INFO ] 24-12-24 11:52:42 [MyshopApplication:50] - Starting MyshopApplication using Java 17.0.2 with PID 6100 (D:\jinju\07_SpringBoot\13-myshop\build\classes\java\main started by tlawl in D:\jinju\07_SpringBoot\13-myshop)
[DEBUG] 24-12-24 11:52:42 [MyshopApplication:51] - Running with Spring Boot v3.3.5, Spring v6.1.14
[INFO ] 24-12-24 11:52:42 [MyshopApplication:654] - No active profile set, falling back to 1 default profile: "default"
[DEBUG] 24-12-24 11:52:44 [LogFactory:109] - Logging initialized using 'class org.apache.ibatis.logging.slf4j.Slf4jImpl' adapter.
[INFO ] 24-12-24 11:52:48 [MyshopApplication:56] - Started MyshopApplication in 6.851 seconds (process running for 7.899)
[INFO ] 24-12-24 11:52:49 [MyInterceptor:44] - -------- new client connect ----------
[INFO ] 24-12-24 11:52:49 [MyInterceptor:62] - [Client] 0:0:0:0:0:0:0:1, Other, Windows 10, Chrome 131.0
[INFO ] 24-12-24 11:52:49 [MyInterceptor:80] - [GET] http://localhost/swagger-ui/index.html
[INFO ] 24-12-24 11:52:49 [MyInterceptor:117] - running time: 233(ms)
[INFO ] 24-12-24 11:52:49 [MyInterceptor:44] - -------- new client connect ----------
[INFO ] 24-12-24 11:52:49 [MyInterceptor:44] - -------- new client connect ----------
[INFO ] 24-12-24 11:52:49 [MyInterceptor:44] - -------- new client connect ----------
[INFO ] 24-12-24 11:52:49 [MyInterceptor:44] - -------- new client connect ----------
[INFO ] 24-12-24 11:52:49 [MyInterceptor:44] - -------- new client connect ----------
[INFO ] 24-12-24 11:52:49 [MyInterceptor:62] - [Client] 0:0:0:0:0:0:0:1, Other, Windows 10, Chrome 131.0
[INFO ] 24-12-24 11:52:49 [MyInterceptor:62] - [Client] 0:0:0:0:0:0:0:1, Other, Windows 10, Chrome 131.0
[INFO ] 24-12-24 11:52:49 [MyInterceptor:80] - [GET] http://localhost/swagger-ui/swagger-ui.css
[INFO ] 24-12-24 11:52:49 [MyInterceptor:80] - [GET] http://localhost/swagger-ui/swagger-ui-standalone-preset.js
[INFO ] 24-12-24 11:52:49 [MyInterceptor:96] -  - REFERER : time = 56, url = http://localhost/swagger-ui/index.html 
[INFO ] 24-12-24 11:52:49 [MyInterceptor:96] -  - REFERER : time = 56, url = http://localhost/swagger-ui/index.html 
[INFO ] 24-12-24 11:52:49 [MyInterceptor:117] - running time: 213(ms)
[INFO ] 24-12-24 11:52:49 [MyInterceptor:117] - running time: 214(ms)
[INFO ] 24-12-24 11:52:49 [MyInterceptor:62] - [Client] 0:0:0:0:0:0:0:1, Other, Windows 10, Chrome 131.0
[INFO ] 24-12-24 11:52:49 [MyInterceptor:62] - [Client] 0:0:0:0:0:0:0:1, Other, Windows 10, Chrome 131.0
[INFO ] 24-12-24 11:52:49 [MyInterceptor:62] - [Client] 0:0:0:0:0:0:0:1, Other, Windows 10, Chrome 131.0
[INFO ] 24-12-24 11:52:49 [MyInterceptor:80] - [GET] http://localhost/swagger-ui/index.css
[INFO ] 24-12-24 11:52:49 [MyInterceptor:80] - [GET] http://localhost/swagger-ui/swagger-ui-bundle.js
[INFO ] 24-12-24 11:52:49 [MyInterceptor:80] - [GET] http://localhost/swagger-ui/swagger-initializer.js
[INFO ] 24-12-24 11:52:49 [MyInterceptor:96] -  - REFERER : time = -214, url = http://localhost/swagger-ui/index.html 
[INFO ] 24-12-24 11:52:49 [MyInterceptor:96] -  - REFERER : time = -214, url = http://localhost/swagger-ui/index.html 
[INFO ] 24-12-24 11:52:49 [MyInterceptor:96] -  - REFERER : time = -214, url = http://localhost/swagger-ui/index.html 
[INFO ] 24-12-24 11:52:49 [MyInterceptor:117] - running time: 260(ms)
[INFO ] 24-12-24 11:52:49 [MyInterceptor:117] - running time: 260(ms)
[INFO ] 24-12-24 11:52:49 [MyInterceptor:117] - running time: 310(ms)
[INFO ] 24-12-24 11:52:49 [MyInterceptor:44] - -------- new client connect ----------
[INFO ] 24-12-24 11:52:49 [MyInterceptor:44] - -------- new client connect ----------
[INFO ] 24-12-24 11:52:49 [MyInterceptor:62] - [Client] 0:0:0:0:0:0:0:1, Other, Windows 10, Chrome 131.0
[INFO ] 24-12-24 11:52:49 [MyInterceptor:62] - [Client] 0:0:0:0:0:0:0:1, Other, Windows 10, Chrome 131.0
[INFO ] 24-12-24 11:52:49 [MyInterceptor:80] - [GET] http://localhost/swagger-ui/favicon-32x32.png
[INFO ] 24-12-24 11:52:49 [MyInterceptor:80] - [GET] http://localhost/v3/api-docs/swagger-config
[INFO ] 24-12-24 11:52:49 [MyInterceptor:96] -  - REFERER : time = 184, url = http://localhost/swagger-ui/index.html 
[INFO ] 24-12-24 11:52:49 [MyInterceptor:96] -  - REFERER : time = 184, url = http://localhost/swagger-ui/index.html 
[INFO ] 24-12-24 11:52:49 [MyInterceptor:117] - running time: 93(ms)
[INFO ] 24-12-24 11:52:49 [MyInterceptor:117] - running time: 133(ms)
[INFO ] 24-12-24 11:52:49 [MyInterceptor:44] - -------- new client connect ----------
[INFO ] 24-12-24 11:52:50 [MyInterceptor:62] - [Client] 0:0:0:0:0:0:0:1, Other, Windows 10, Chrome 131.0
[INFO ] 24-12-24 11:52:50 [MyInterceptor:80] - [GET] http://localhost/v3/api-docs
[INFO ] 24-12-24 11:52:50 [MyInterceptor:96] -  - REFERER : time = 26, url = http://localhost/swagger-ui/index.html 
[INFO ] 24-12-24 11:52:50 [MyInterceptor:117] - running time: 522(ms)
[INFO ] 24-12-24 11:53:00 [sqlonly:228] - DELETE FROM SPRING_SESSION
WHERE EXPIRY_TIME < 1735008780021

