[INFO ] 24-10-27 19:45:31 [DatabaseApplication:50] - Starting DatabaseApplication using Java 17.0.2 with PID 11720 (D:\jinju\07_SpringBoot\08-database\build\classes\java\main started by tlawl in D:\jinju\07_SpringBoot\08-database)
[DEBUG] 24-10-27 19:45:31 [DatabaseApplication:51] - Running with Spring Boot v3.3.5, Spring v6.1.14
[INFO ] 24-10-27 19:45:31 [DatabaseApplication:654] - No active profile set, falling back to 1 default profile: "default"
[DEBUG] 24-10-27 19:45:32 [LogFactory:109] - Logging initialized using 'class org.apache.ibatis.logging.slf4j.Slf4jImpl' adapter.
[INFO ] 24-10-27 19:45:34 [DatabaseApplication:56] - Started DatabaseApplication in 3.383 seconds (process running for 4.048)
[INFO ] 24-10-27 19:45:44 [MyInterceptor:45] - -------------- new client connect --------------
[INFO ] 24-10-27 19:45:44 [MyInterceptor:63] - [Client] 0:0:0:0:0:0:0:1, Other, Windows 10, Chrome 129.0
[INFO ] 24-10-27 19:45:44 [MyInterceptor:81] - [GET] http://localhost:8080/department
[DEBUG] 24-10-27 19:45:44 [selectList:135] - ==>  Preparing: SELECT deptno, dname, loc FROM department ORDER BY deptno;
[DEBUG] 24-10-27 19:45:44 [selectList:135] - ==> Parameters: 
[INFO ] 24-10-27 19:45:44 [sqlonly:228] - SELECT deptno, dname, loc FROM department ORDER BY deptno;

[INFO ] 24-10-27 19:45:44 [resultsettable:610] - 
|-------|--------|----|
|deptno |dname   |loc |
|-------|--------|----|
|101    |컴퓨터공학과  |1호관 |
|102    |멀티미디어학과 |2호관 |
|201    |전자공학과   |3호관 |
|202    |기계공학과   |4호관 |
|-------|--------|----|

[DEBUG] 24-10-27 19:45:44 [selectList:135] - <==      Total: 4
[INFO ] 24-10-27 19:45:44 [MyInterceptor:118] - running time : 625(ms)
[INFO ] 24-10-27 19:45:49 [MyInterceptor:45] - -------------- new client connect --------------
[INFO ] 24-10-27 19:45:49 [MyInterceptor:63] - [Client] 0:0:0:0:0:0:0:1, Other, Windows 10, Chrome 129.0
[INFO ] 24-10-27 19:45:49 [MyInterceptor:81] - [GET] http://localhost:8080/department
[INFO ] 24-10-27 19:45:49 [MyInterceptor:97] - - REFERER : time=5143, url=http://localhost:8080/department
[DEBUG] 24-10-27 19:45:49 [selectList:135] - ==>  Preparing: SELECT deptno, dname, loc FROM department ORDER BY deptno;
[DEBUG] 24-10-27 19:45:49 [selectList:135] - ==> Parameters: 
[INFO ] 24-10-27 19:45:49 [sqlonly:228] - SELECT deptno, dname, loc FROM department ORDER BY deptno;

[INFO ] 24-10-27 19:45:49 [resultsettable:610] - 
|-------|--------|----|
|deptno |dname   |loc |
|-------|--------|----|
|101    |컴퓨터공학과  |1호관 |
|102    |멀티미디어학과 |2호관 |
|201    |전자공학과   |3호관 |
|202    |기계공학과   |4호관 |
|-------|--------|----|

[DEBUG] 24-10-27 19:45:49 [selectList:135] - <==      Total: 4
[INFO ] 24-10-27 19:45:49 [MyInterceptor:118] - running time : 159(ms)
[INFO ] 24-10-27 19:45:50 [MyInterceptor:45] - -------------- new client connect --------------
[INFO ] 24-10-27 19:45:51 [MyInterceptor:63] - [Client] 0:0:0:0:0:0:0:1, Other, Windows 10, Chrome 129.0
[INFO ] 24-10-27 19:45:51 [MyInterceptor:81] - [GET] http://localhost:8080/professor
[INFO ] 24-10-27 19:45:51 [MyInterceptor:97] - - REFERER : time=949, url=http://localhost:8080/department
[DEBUG] 24-10-27 19:45:51 [selectList:135] - ==>  Preparing: SELECT profno, name, userid, position, sal, hiredate, comm, deptno FROM professor ORDER BY profno;
[DEBUG] 24-10-27 19:45:51 [selectList:135] - ==> Parameters: 
[INFO ] 24-10-27 19:45:51 [sqlonly:228] - SELECT profno, name, userid, position, sal, hiredate, comm, deptno FROM professor ORDER BY profno;

[INFO ] 24-10-27 19:45:51 [resultsettable:610] - 
|-------|-----|---------|---------|----|--------------------|-------|-------|
|profno |name |userid   |position |sal |hiredate            |comm   |deptno |
|-------|-----|---------|---------|----|--------------------|-------|-------|
|9901   |김도훈  |capool   |교수       |500 |1982-06-12 00:00:00 |20     |101    |
|9902   |이재우  |sweat413 |조교수      |320 |1995-04-12 00:00:00 |[null] |201    |
|9903   |성연희  |pascal   |조교수      |360 |1993-03-17 00:00:00 |15     |101    |
|9904   |염일웅  |blue77   |전임강사     |240 |1998-10-11 00:00:00 |[null] |102    |
|9905   |권혁일  |refresh  |교수       |450 |1986-02-11 00:00:00 |25     |102    |
|9906   |이만식  |pocari   |부교수      |420 |1988-07-11 00:00:00 |[null] |101    |
|9907   |전은지  |totoro   |전임강사     |210 |2001-05-11 00:00:00 |[null] |101    |
|9908   |남은혁  |bird13   |부교수      |400 |1990-10-18 00:00:00 |17     |202    |
|-------|-----|---------|---------|----|--------------------|-------|-------|

[DEBUG] 24-10-27 19:45:51 [selectList:135] - <==      Total: 8
[INFO ] 24-10-27 19:45:51 [MyInterceptor:118] - running time : 174(ms)
[INFO ] 24-10-27 19:45:53 [MyInterceptor:45] - -------------- new client connect --------------
[INFO ] 24-10-27 19:45:53 [MyInterceptor:63] - [Client] 0:0:0:0:0:0:0:1, Other, Windows 10, Chrome 129.0
[INFO ] 24-10-27 19:45:53 [MyInterceptor:81] - [GET] http://localhost:8080/student
[INFO ] 24-10-27 19:45:53 [MyInterceptor:97] - - REFERER : time=2591, url=http://localhost:8080/professor
[DEBUG] 24-10-27 19:45:53 [selectList:135] - ==>  Preparing: SELECT studno, name, userid, grade, idnum, birthdate, tel, height, weight, deptno, profno FROM student ORDER BY studno;
[DEBUG] 24-10-27 19:45:53 [selectList:135] - ==> Parameters: 
[INFO ] 24-10-27 19:45:53 [sqlonly:228] - SELECT studno, name, userid, grade, idnum, birthdate, tel, height, weight, deptno, profno FROM student ORDER BY studno;

[INFO ] 24-10-27 19:45:53 [resultsettable:610] - 
|-------|-----|---------|------|--------------|--------------------|-------------|-------|-------|-------|-------|
|studno |name |userid   |grade |idnum         |birthdate           |tel          |height |weight |deptno |profno |
|-------|-----|---------|------|--------------|--------------------|-------------|-------|-------|-------|-------|
|10101  |전인하  |jun123   |4     |7907021369824 |1979-07-02 00:00:00 |051)781-2158 |176    |72     |101    |9903   |
|10102  |박미경  |ansel414 |1     |8405162123648 |1984-05-16 00:00:00 |055)261-8947 |168    |52     |101    |[null] |
|10103  |김영균  |mandu    |3     |8103211063421 |1981-03-21 00:00:00 |051)824-9637 |170    |88     |101    |9906   |
|10104  |지은경  |gomo00   |2     |8004122298371 |1980-04-12 00:00:00 |055)418-9627 |161    |42     |101    |9907   |
|10105  |임유진  |youjin12 |2     |8301212196482 |1983-01-21 00:00:00 |02)312-9838  |171    |54     |101    |9907   |
|10106  |서재진  |seolly   |1     |8511291186273 |1985-11-29 00:00:00 |051)239-4861 |186    |72     |101    |[null] |
|10107  |이광훈  |huriky   |4     |8109131276431 |1981-09-13 00:00:00 |055)736-4981 |175    |92     |101    |9903   |
|10108  |류민정  |cleansky |2     |8108192157498 |1981-08-19 00:00:00 |055)248-3679 |162    |72     |101    |9907   |
|10201  |김진영  |simply   |2     |8206062186327 |1982-06-06 00:00:00 |055)419-6328 |164    |48     |102    |9905   |
|10202  |오유석  |yousuk   |4     |7709121128379 |1977-09-12 00:00:00 |051)724-9618 |177    |92     |102    |9905   |
|10203  |하나리  |hanal    |1     |8501092378641 |1985-01-09 00:00:00 |055)296-3784 |160    |68     |102    |[null] |
|10204  |윤진욱  |samba7   |3     |7904021358671 |1979-04-02 00:00:00 |053)487-2698 |171    |70     |102    |9905   |
|20101  |이동훈  |dals     |1     |8312101128467 |1983-12-10 00:00:00 |055)426-1752 |172    |64     |201    |[null] |
|20102  |박동진  |ping2    |1     |8511241639826 |1985-11-24 00:00:00 |051)742-6384 |182    |70     |201    |[null] |
|20103  |김진경  |lovely   |2     |8302282169387 |1983-02-28 00:00:00 |052)175-3941 |166    |51     |201    |9902   |
|20104  |조명훈  |rader214 |1     |8412141254963 |1984-12-14 00:00:00 |02)785-6984  |184    |62     |201    |[null] |
|-------|-----|---------|------|--------------|--------------------|-------------|-------|-------|-------|-------|

[DEBUG] 24-10-27 19:45:53 [selectList:135] - <==      Total: 16
[INFO ] 24-10-27 19:45:53 [MyInterceptor:118] - running time : 177(ms)
[INFO ] 24-10-27 19:45:54 [MyInterceptor:45] - -------------- new client connect --------------
[INFO ] 24-10-27 19:45:55 [MyInterceptor:63] - [Client] 0:0:0:0:0:0:0:1, Other, Windows 10, Chrome 129.0
[INFO ] 24-10-27 19:45:55 [MyInterceptor:81] - [GET] http://localhost:8080/professor
[INFO ] 24-10-27 19:45:55 [MyInterceptor:97] - - REFERER : time=1115, url=http://localhost:8080/student
[DEBUG] 24-10-27 19:45:55 [selectList:135] - ==>  Preparing: SELECT profno, name, userid, position, sal, hiredate, comm, deptno FROM professor ORDER BY profno;
[DEBUG] 24-10-27 19:45:55 [selectList:135] - ==> Parameters: 
[INFO ] 24-10-27 19:45:55 [sqlonly:228] - SELECT profno, name, userid, position, sal, hiredate, comm, deptno FROM professor ORDER BY profno;

[INFO ] 24-10-27 19:45:55 [resultsettable:610] - 
|-------|-----|---------|---------|----|--------------------|-------|-------|
|profno |name |userid   |position |sal |hiredate            |comm   |deptno |
|-------|-----|---------|---------|----|--------------------|-------|-------|
|9901   |김도훈  |capool   |교수       |500 |1982-06-12 00:00:00 |20     |101    |
|9902   |이재우  |sweat413 |조교수      |320 |1995-04-12 00:00:00 |[null] |201    |
|9903   |성연희  |pascal   |조교수      |360 |1993-03-17 00:00:00 |15     |101    |
|9904   |염일웅  |blue77   |전임강사     |240 |1998-10-11 00:00:00 |[null] |102    |
|9905   |권혁일  |refresh  |교수       |450 |1986-02-11 00:00:00 |25     |102    |
|9906   |이만식  |pocari   |부교수      |420 |1988-07-11 00:00:00 |[null] |101    |
|9907   |전은지  |totoro   |전임강사     |210 |2001-05-11 00:00:00 |[null] |101    |
|9908   |남은혁  |bird13   |부교수      |400 |1990-10-18 00:00:00 |17     |202    |
|-------|-----|---------|---------|----|--------------------|-------|-------|

[DEBUG] 24-10-27 19:45:55 [selectList:135] - <==      Total: 8
[INFO ] 24-10-27 19:45:55 [MyInterceptor:118] - running time : 109(ms)
[INFO ] 24-10-27 19:45:55 [MyInterceptor:45] - -------------- new client connect --------------
[INFO ] 24-10-27 19:45:55 [MyInterceptor:63] - [Client] 0:0:0:0:0:0:0:1, Other, Windows 10, Chrome 129.0
[INFO ] 24-10-27 19:45:55 [MyInterceptor:81] - [GET] http://localhost:8080/department
[INFO ] 24-10-27 19:45:55 [MyInterceptor:97] - - REFERER : time=669, url=http://localhost:8080/professor
[DEBUG] 24-10-27 19:45:55 [selectList:135] - ==>  Preparing: SELECT deptno, dname, loc FROM department ORDER BY deptno;
[DEBUG] 24-10-27 19:45:55 [selectList:135] - ==> Parameters: 
[INFO ] 24-10-27 19:45:55 [sqlonly:228] - SELECT deptno, dname, loc FROM department ORDER BY deptno;

[INFO ] 24-10-27 19:45:55 [resultsettable:610] - 
|-------|--------|----|
|deptno |dname   |loc |
|-------|--------|----|
|101    |컴퓨터공학과  |1호관 |
|102    |멀티미디어학과 |2호관 |
|201    |전자공학과   |3호관 |
|202    |기계공학과   |4호관 |
|-------|--------|----|

[DEBUG] 24-10-27 19:45:55 [selectList:135] - <==      Total: 4
[INFO ] 24-10-27 19:45:55 [MyInterceptor:118] - running time : 86(ms)
[INFO ] 24-10-27 19:45:56 [MyInterceptor:45] - -------------- new client connect --------------
[INFO ] 24-10-27 19:45:56 [MyInterceptor:63] - [Client] 0:0:0:0:0:0:0:1, Other, Windows 10, Chrome 129.0
[INFO ] 24-10-27 19:45:56 [MyInterceptor:81] - [GET] http://localhost:8080/professor
[INFO ] 24-10-27 19:45:56 [MyInterceptor:97] - - REFERER : time=954, url=http://localhost:8080/department
[DEBUG] 24-10-27 19:45:56 [selectList:135] - ==>  Preparing: SELECT profno, name, userid, position, sal, hiredate, comm, deptno FROM professor ORDER BY profno;
[DEBUG] 24-10-27 19:45:56 [selectList:135] - ==> Parameters: 
[INFO ] 24-10-27 19:45:56 [sqlonly:228] - SELECT profno, name, userid, position, sal, hiredate, comm, deptno FROM professor ORDER BY profno;

[INFO ] 24-10-27 19:45:56 [resultsettable:610] - 
|-------|-----|---------|---------|----|--------------------|-------|-------|
|profno |name |userid   |position |sal |hiredate            |comm   |deptno |
|-------|-----|---------|---------|----|--------------------|-------|-------|
|9901   |김도훈  |capool   |교수       |500 |1982-06-12 00:00:00 |20     |101    |
|9902   |이재우  |sweat413 |조교수      |320 |1995-04-12 00:00:00 |[null] |201    |
|9903   |성연희  |pascal   |조교수      |360 |1993-03-17 00:00:00 |15     |101    |
|9904   |염일웅  |blue77   |전임강사     |240 |1998-10-11 00:00:00 |[null] |102    |
|9905   |권혁일  |refresh  |교수       |450 |1986-02-11 00:00:00 |25     |102    |
|9906   |이만식  |pocari   |부교수      |420 |1988-07-11 00:00:00 |[null] |101    |
|9907   |전은지  |totoro   |전임강사     |210 |2001-05-11 00:00:00 |[null] |101    |
|9908   |남은혁  |bird13   |부교수      |400 |1990-10-18 00:00:00 |17     |202    |
|-------|-----|---------|---------|----|--------------------|-------|-------|

[DEBUG] 24-10-27 19:45:56 [selectList:135] - <==      Total: 8
[INFO ] 24-10-27 19:45:56 [MyInterceptor:118] - running time : 87(ms)
[INFO ] 24-10-27 19:46:00 [MyInterceptor:45] - -------------- new client connect --------------
[INFO ] 24-10-27 19:46:00 [MyInterceptor:63] - [Client] 0:0:0:0:0:0:0:1, Other, Windows 10, Chrome 129.0
[INFO ] 24-10-27 19:46:00 [MyInterceptor:81] - [GET] http://localhost:8080/department
[INFO ] 24-10-27 19:46:00 [MyInterceptor:97] - - REFERER : time=3425, url=http://localhost:8080/professor
[DEBUG] 24-10-27 19:46:00 [selectList:135] - ==>  Preparing: SELECT deptno, dname, loc FROM department ORDER BY deptno;
[DEBUG] 24-10-27 19:46:00 [selectList:135] - ==> Parameters: 
[INFO ] 24-10-27 19:46:00 [sqlonly:228] - SELECT deptno, dname, loc FROM department ORDER BY deptno;

[INFO ] 24-10-27 19:46:00 [resultsettable:610] - 
|-------|--------|----|
|deptno |dname   |loc |
|-------|--------|----|
|101    |컴퓨터공학과  |1호관 |
|102    |멀티미디어학과 |2호관 |
|201    |전자공학과   |3호관 |
|202    |기계공학과   |4호관 |
|-------|--------|----|

[DEBUG] 24-10-27 19:46:00 [selectList:135] - <==      Total: 4
[INFO ] 24-10-27 19:46:00 [MyInterceptor:118] - running time : 70(ms)
[INFO ] 24-10-27 19:46:01 [MyInterceptor:45] - -------------- new client connect --------------
[INFO ] 24-10-27 19:46:01 [MyInterceptor:63] - [Client] 0:0:0:0:0:0:0:1, Other, Windows 10, Chrome 129.0
[INFO ] 24-10-27 19:46:01 [MyInterceptor:81] - [GET] http://localhost:8080/professor
[INFO ] 24-10-27 19:46:01 [MyInterceptor:97] - - REFERER : time=725, url=http://localhost:8080/department
[DEBUG] 24-10-27 19:46:01 [selectList:135] - ==>  Preparing: SELECT profno, name, userid, position, sal, hiredate, comm, deptno FROM professor ORDER BY profno;
[DEBUG] 24-10-27 19:46:01 [selectList:135] - ==> Parameters: 
[INFO ] 24-10-27 19:46:01 [sqlonly:228] - SELECT profno, name, userid, position, sal, hiredate, comm, deptno FROM professor ORDER BY profno;

[INFO ] 24-10-27 19:46:01 [resultsettable:610] - 
|-------|-----|---------|---------|----|--------------------|-------|-------|
|profno |name |userid   |position |sal |hiredate            |comm   |deptno |
|-------|-----|---------|---------|----|--------------------|-------|-------|
|9901   |김도훈  |capool   |교수       |500 |1982-06-12 00:00:00 |20     |101    |
|9902   |이재우  |sweat413 |조교수      |320 |1995-04-12 00:00:00 |[null] |201    |
|9903   |성연희  |pascal   |조교수      |360 |1993-03-17 00:00:00 |15     |101    |
|9904   |염일웅  |blue77   |전임강사     |240 |1998-10-11 00:00:00 |[null] |102    |
|9905   |권혁일  |refresh  |교수       |450 |1986-02-11 00:00:00 |25     |102    |
|9906   |이만식  |pocari   |부교수      |420 |1988-07-11 00:00:00 |[null] |101    |
|9907   |전은지  |totoro   |전임강사     |210 |2001-05-11 00:00:00 |[null] |101    |
|9908   |남은혁  |bird13   |부교수      |400 |1990-10-18 00:00:00 |17     |202    |
|-------|-----|---------|---------|----|--------------------|-------|-------|

[DEBUG] 24-10-27 19:46:01 [selectList:135] - <==      Total: 8
[INFO ] 24-10-27 19:46:01 [MyInterceptor:118] - running time : 46(ms)
[INFO ] 24-10-27 19:46:01 [MyInterceptor:45] - -------------- new client connect --------------
[INFO ] 24-10-27 19:46:01 [MyInterceptor:63] - [Client] 0:0:0:0:0:0:0:1, Other, Windows 10, Chrome 129.0
[INFO ] 24-10-27 19:46:01 [MyInterceptor:81] - [GET] http://localhost:8080/student
[INFO ] 24-10-27 19:46:01 [MyInterceptor:97] - - REFERER : time=448, url=http://localhost:8080/professor
[DEBUG] 24-10-27 19:46:01 [selectList:135] - ==>  Preparing: SELECT studno, name, userid, grade, idnum, birthdate, tel, height, weight, deptno, profno FROM student ORDER BY studno;
[DEBUG] 24-10-27 19:46:01 [selectList:135] - ==> Parameters: 
[INFO ] 24-10-27 19:46:01 [sqlonly:228] - SELECT studno, name, userid, grade, idnum, birthdate, tel, height, weight, deptno, profno FROM student ORDER BY studno;

[INFO ] 24-10-27 19:46:01 [resultsettable:610] - 
|-------|-----|---------|------|--------------|--------------------|-------------|-------|-------|-------|-------|
|studno |name |userid   |grade |idnum         |birthdate           |tel          |height |weight |deptno |profno |
|-------|-----|---------|------|--------------|--------------------|-------------|-------|-------|-------|-------|
|10101  |전인하  |jun123   |4     |7907021369824 |1979-07-02 00:00:00 |051)781-2158 |176    |72     |101    |9903   |
|10102  |박미경  |ansel414 |1     |8405162123648 |1984-05-16 00:00:00 |055)261-8947 |168    |52     |101    |[null] |
|10103  |김영균  |mandu    |3     |8103211063421 |1981-03-21 00:00:00 |051)824-9637 |170    |88     |101    |9906   |
|10104  |지은경  |gomo00   |2     |8004122298371 |1980-04-12 00:00:00 |055)418-9627 |161    |42     |101    |9907   |
|10105  |임유진  |youjin12 |2     |8301212196482 |1983-01-21 00:00:00 |02)312-9838  |171    |54     |101    |9907   |
|10106  |서재진  |seolly   |1     |8511291186273 |1985-11-29 00:00:00 |051)239-4861 |186    |72     |101    |[null] |
|10107  |이광훈  |huriky   |4     |8109131276431 |1981-09-13 00:00:00 |055)736-4981 |175    |92     |101    |9903   |
|10108  |류민정  |cleansky |2     |8108192157498 |1981-08-19 00:00:00 |055)248-3679 |162    |72     |101    |9907   |
|10201  |김진영  |simply   |2     |8206062186327 |1982-06-06 00:00:00 |055)419-6328 |164    |48     |102    |9905   |
|10202  |오유석  |yousuk   |4     |7709121128379 |1977-09-12 00:00:00 |051)724-9618 |177    |92     |102    |9905   |
|10203  |하나리  |hanal    |1     |8501092378641 |1985-01-09 00:00:00 |055)296-3784 |160    |68     |102    |[null] |
|10204  |윤진욱  |samba7   |3     |7904021358671 |1979-04-02 00:00:00 |053)487-2698 |171    |70     |102    |9905   |
|20101  |이동훈  |dals     |1     |8312101128467 |1983-12-10 00:00:00 |055)426-1752 |172    |64     |201    |[null] |
|20102  |박동진  |ping2    |1     |8511241639826 |1985-11-24 00:00:00 |051)742-6384 |182    |70     |201    |[null] |
|20103  |김진경  |lovely   |2     |8302282169387 |1983-02-28 00:00:00 |052)175-3941 |166    |51     |201    |9902   |
|20104  |조명훈  |rader214 |1     |8412141254963 |1984-12-14 00:00:00 |02)785-6984  |184    |62     |201    |[null] |
|-------|-----|---------|------|--------------|--------------------|-------------|-------|-------|-------|-------|

[DEBUG] 24-10-27 19:46:01 [selectList:135] - <==      Total: 16
[INFO ] 24-10-27 19:46:01 [MyInterceptor:118] - running time : 105(ms)
[INFO ] 24-10-27 19:46:10 [MyInterceptor:45] - -------------- new client connect --------------
[INFO ] 24-10-27 19:46:10 [MyInterceptor:63] - [Client] 0:0:0:0:0:0:0:1, Other, Windows 10, Chrome 129.0
[INFO ] 24-10-27 19:46:10 [MyInterceptor:81] - [GET] http://localhost:8080/department
[INFO ] 24-10-27 19:46:10 [MyInterceptor:97] - - REFERER : time=8906, url=http://localhost:8080/student
[DEBUG] 24-10-27 19:46:10 [selectList:135] - ==>  Preparing: SELECT deptno, dname, loc FROM department ORDER BY deptno;
[DEBUG] 24-10-27 19:46:10 [selectList:135] - ==> Parameters: 
[INFO ] 24-10-27 19:46:10 [sqlonly:228] - SELECT deptno, dname, loc FROM department ORDER BY deptno;

[INFO ] 24-10-27 19:46:10 [resultsettable:610] - 
|-------|--------|----|
|deptno |dname   |loc |
|-------|--------|----|
|101    |컴퓨터공학과  |1호관 |
|102    |멀티미디어학과 |2호관 |
|201    |전자공학과   |3호관 |
|202    |기계공학과   |4호관 |
|-------|--------|----|

[DEBUG] 24-10-27 19:46:10 [selectList:135] - <==      Total: 4
[INFO ] 24-10-27 19:46:10 [MyInterceptor:118] - running time : 83(ms)
[INFO ] 24-10-27 19:46:11 [MyInterceptor:45] - -------------- new client connect --------------
[INFO ] 24-10-27 19:46:11 [MyInterceptor:63] - [Client] 0:0:0:0:0:0:0:1, Other, Windows 10, Chrome 129.0
[INFO ] 24-10-27 19:46:11 [MyInterceptor:81] - [GET] http://localhost:8080/professor
[INFO ] 24-10-27 19:46:11 [MyInterceptor:97] - - REFERER : time=514, url=http://localhost:8080/department
[DEBUG] 24-10-27 19:46:11 [selectList:135] - ==>  Preparing: SELECT profno, name, userid, position, sal, hiredate, comm, deptno FROM professor ORDER BY profno;
[DEBUG] 24-10-27 19:46:11 [selectList:135] - ==> Parameters: 
[INFO ] 24-10-27 19:46:11 [sqlonly:228] - SELECT profno, name, userid, position, sal, hiredate, comm, deptno FROM professor ORDER BY profno;

[INFO ] 24-10-27 19:46:11 [resultsettable:610] - 
|-------|-----|---------|---------|----|--------------------|-------|-------|
|profno |name |userid   |position |sal |hiredate            |comm   |deptno |
|-------|-----|---------|---------|----|--------------------|-------|-------|
|9901   |김도훈  |capool   |교수       |500 |1982-06-12 00:00:00 |20     |101    |
|9902   |이재우  |sweat413 |조교수      |320 |1995-04-12 00:00:00 |[null] |201    |
|9903   |성연희  |pascal   |조교수      |360 |1993-03-17 00:00:00 |15     |101    |
|9904   |염일웅  |blue77   |전임강사     |240 |1998-10-11 00:00:00 |[null] |102    |
|9905   |권혁일  |refresh  |교수       |450 |1986-02-11 00:00:00 |25     |102    |
|9906   |이만식  |pocari   |부교수      |420 |1988-07-11 00:00:00 |[null] |101    |
|9907   |전은지  |totoro   |전임강사     |210 |2001-05-11 00:00:00 |[null] |101    |
|9908   |남은혁  |bird13   |부교수      |400 |1990-10-18 00:00:00 |17     |202    |
|-------|-----|---------|---------|----|--------------------|-------|-------|

[DEBUG] 24-10-27 19:46:11 [selectList:135] - <==      Total: 8
[INFO ] 24-10-27 19:46:11 [MyInterceptor:118] - running time : 71(ms)
[INFO ] 24-10-27 19:46:54 [DatabaseApplication:50] - Starting DatabaseApplication using Java 17.0.2 with PID 11720 (D:\jinju\07_SpringBoot\08-database\build\classes\java\main started by tlawl in D:\jinju\07_SpringBoot\08-database)
[DEBUG] 24-10-27 19:46:54 [DatabaseApplication:51] - Running with Spring Boot v3.3.5, Spring v6.1.14
[INFO ] 24-10-27 19:46:54 [DatabaseApplication:654] - No active profile set, falling back to 1 default profile: "default"
[INFO ] 24-10-27 19:46:55 [DatabaseApplication:56] - Started DatabaseApplication in 1.273 seconds (process running for 85.459)
[INFO ] 24-10-27 19:47:21 [DatabaseApplication:50] - Starting DatabaseApplication using Java 17.0.2 with PID 11720 (D:\jinju\07_SpringBoot\08-database\build\classes\java\main started by tlawl in D:\jinju\07_SpringBoot\08-database)
[DEBUG] 24-10-27 19:47:21 [DatabaseApplication:51] - Running with Spring Boot v3.3.5, Spring v6.1.14
[INFO ] 24-10-27 19:47:21 [DatabaseApplication:654] - No active profile set, falling back to 1 default profile: "default"
[INFO ] 24-10-27 19:47:22 [DatabaseApplication:56] - Started DatabaseApplication in 1.139 seconds (process running for 112.49)
[INFO ] 24-10-27 19:49:05 [DatabaseApplication:50] - Starting DatabaseApplication using Java 17.0.2 with PID 11720 (D:\jinju\07_SpringBoot\08-database\build\classes\java\main started by tlawl in D:\jinju\07_SpringBoot\08-database)
[DEBUG] 24-10-27 19:49:05 [DatabaseApplication:51] - Running with Spring Boot v3.3.5, Spring v6.1.14
[INFO ] 24-10-27 19:49:05 [DatabaseApplication:654] - No active profile set, falling back to 1 default profile: "default"
[INFO ] 24-10-27 19:49:06 [DatabaseApplication:56] - Started DatabaseApplication in 1.082 seconds (process running for 216.232)
[INFO ] 24-10-27 19:49:31 [MyInterceptor:45] - -------------- new client connect --------------
[INFO ] 24-10-27 19:49:31 [MyInterceptor:63] - [Client] 0:0:0:0:0:0:0:1, Other, Windows 10, Chrome 129.0
[INFO ] 24-10-27 19:49:31 [MyInterceptor:81] - [GET] http://localhost:8080/professor
[DEBUG] 24-10-27 19:49:31 [selectList:135] - ==>  Preparing: SELECT profno, name, userid, position, sal, hiredate, comm, deptno FROM professor ORDER BY profno;
[DEBUG] 24-10-27 19:49:31 [selectList:135] - ==> Parameters: 
[INFO ] 24-10-27 19:49:31 [sqlonly:228] - SELECT profno, name, userid, position, sal, hiredate, comm, deptno FROM professor ORDER BY profno;

[INFO ] 24-10-27 19:49:31 [resultsettable:610] - 
|-------|-----|---------|---------|----|--------------------|-------|-------|
|profno |name |userid   |position |sal |hiredate            |comm   |deptno |
|-------|-----|---------|---------|----|--------------------|-------|-------|
|9901   |김도훈  |capool   |교수       |500 |1982-06-12 00:00:00 |20     |101    |
|9902   |이재우  |sweat413 |조교수      |320 |1995-04-12 00:00:00 |[null] |201    |
|9903   |성연희  |pascal   |조교수      |360 |1993-03-17 00:00:00 |15     |101    |
|9904   |염일웅  |blue77   |전임강사     |240 |1998-10-11 00:00:00 |[null] |102    |
|9905   |권혁일  |refresh  |교수       |450 |1986-02-11 00:00:00 |25     |102    |
|9906   |이만식  |pocari   |부교수      |420 |1988-07-11 00:00:00 |[null] |101    |
|9907   |전은지  |totoro   |전임강사     |210 |2001-05-11 00:00:00 |[null] |101    |
|9908   |남은혁  |bird13   |부교수      |400 |1990-10-18 00:00:00 |17     |202    |
|-------|-----|---------|---------|----|--------------------|-------|-------|

[DEBUG] 24-10-27 19:49:31 [selectList:135] - <==      Total: 8
[INFO ] 24-10-27 19:49:31 [MyInterceptor:118] - running time : 176(ms)
[INFO ] 24-10-27 19:49:32 [MyInterceptor:45] - -------------- new client connect --------------
[INFO ] 24-10-27 19:49:32 [MyInterceptor:63] - [Client] 0:0:0:0:0:0:0:1, Other, Windows 10, Chrome 129.0
[INFO ] 24-10-27 19:49:32 [MyInterceptor:81] - [GET] http://localhost:8080/student
[INFO ] 24-10-27 19:49:32 [MyInterceptor:97] - - REFERER : time=1396, url=http://localhost:8080/professor
[DEBUG] 24-10-27 19:49:32 [selectList:135] - ==>  Preparing: SELECT studno, name, userid, grade, idnum, birthdate, tel, height, weight, deptno, profno FROM student ORDER BY studno;
[DEBUG] 24-10-27 19:49:32 [selectList:135] - ==> Parameters: 
[INFO ] 24-10-27 19:49:32 [sqlonly:228] - SELECT studno, name, userid, grade, idnum, birthdate, tel, height, weight, deptno, profno FROM student ORDER BY studno;

[INFO ] 24-10-27 19:49:32 [resultsettable:610] - 
|-------|-----|---------|------|--------------|--------------------|-------------|-------|-------|-------|-------|
|studno |name |userid   |grade |idnum         |birthdate           |tel          |height |weight |deptno |profno |
|-------|-----|---------|------|--------------|--------------------|-------------|-------|-------|-------|-------|
|10101  |전인하  |jun123   |4     |7907021369824 |1979-07-02 00:00:00 |051)781-2158 |176    |72     |101    |9903   |
|10102  |박미경  |ansel414 |1     |8405162123648 |1984-05-16 00:00:00 |055)261-8947 |168    |52     |101    |[null] |
|10103  |김영균  |mandu    |3     |8103211063421 |1981-03-21 00:00:00 |051)824-9637 |170    |88     |101    |9906   |
|10104  |지은경  |gomo00   |2     |8004122298371 |1980-04-12 00:00:00 |055)418-9627 |161    |42     |101    |9907   |
|10105  |임유진  |youjin12 |2     |8301212196482 |1983-01-21 00:00:00 |02)312-9838  |171    |54     |101    |9907   |
|10106  |서재진  |seolly   |1     |8511291186273 |1985-11-29 00:00:00 |051)239-4861 |186    |72     |101    |[null] |
|10107  |이광훈  |huriky   |4     |8109131276431 |1981-09-13 00:00:00 |055)736-4981 |175    |92     |101    |9903   |
|10108  |류민정  |cleansky |2     |8108192157498 |1981-08-19 00:00:00 |055)248-3679 |162    |72     |101    |9907   |
|10201  |김진영  |simply   |2     |8206062186327 |1982-06-06 00:00:00 |055)419-6328 |164    |48     |102    |9905   |
|10202  |오유석  |yousuk   |4     |7709121128379 |1977-09-12 00:00:00 |051)724-9618 |177    |92     |102    |9905   |
|10203  |하나리  |hanal    |1     |8501092378641 |1985-01-09 00:00:00 |055)296-3784 |160    |68     |102    |[null] |
|10204  |윤진욱  |samba7   |3     |7904021358671 |1979-04-02 00:00:00 |053)487-2698 |171    |70     |102    |9905   |
|20101  |이동훈  |dals     |1     |8312101128467 |1983-12-10 00:00:00 |055)426-1752 |172    |64     |201    |[null] |
|20102  |박동진  |ping2    |1     |8511241639826 |1985-11-24 00:00:00 |051)742-6384 |182    |70     |201    |[null] |
|20103  |김진경  |lovely   |2     |8302282169387 |1983-02-28 00:00:00 |052)175-3941 |166    |51     |201    |9902   |
|20104  |조명훈  |rader214 |1     |8412141254963 |1984-12-14 00:00:00 |02)785-6984  |184    |62     |201    |[null] |
|-------|-----|---------|------|--------------|--------------------|-------------|-------|-------|-------|-------|

[DEBUG] 24-10-27 19:49:32 [selectList:135] - <==      Total: 16
[INFO ] 24-10-27 19:49:32 [MyInterceptor:118] - running time : 96(ms)
[INFO ] 24-10-27 19:49:36 [MyInterceptor:45] - -------------- new client connect --------------
[INFO ] 24-10-27 19:49:36 [MyInterceptor:63] - [Client] 0:0:0:0:0:0:0:1, Other, Windows 10, Chrome 129.0
[INFO ] 24-10-27 19:49:36 [MyInterceptor:81] - [GET] http://localhost:8080/professor
[INFO ] 24-10-27 19:49:36 [MyInterceptor:97] - - REFERER : time=3873, url=http://localhost:8080/student
[DEBUG] 24-10-27 19:49:36 [selectList:135] - ==>  Preparing: SELECT profno, name, userid, position, sal, hiredate, comm, deptno FROM professor ORDER BY profno;
[DEBUG] 24-10-27 19:49:36 [selectList:135] - ==> Parameters: 
[INFO ] 24-10-27 19:49:36 [sqlonly:228] - SELECT profno, name, userid, position, sal, hiredate, comm, deptno FROM professor ORDER BY profno;

[INFO ] 24-10-27 19:49:36 [resultsettable:610] - 
|-------|-----|---------|---------|----|--------------------|-------|-------|
|profno |name |userid   |position |sal |hiredate            |comm   |deptno |
|-------|-----|---------|---------|----|--------------------|-------|-------|
|9901   |김도훈  |capool   |교수       |500 |1982-06-12 00:00:00 |20     |101    |
|9902   |이재우  |sweat413 |조교수      |320 |1995-04-12 00:00:00 |[null] |201    |
|9903   |성연희  |pascal   |조교수      |360 |1993-03-17 00:00:00 |15     |101    |
|9904   |염일웅  |blue77   |전임강사     |240 |1998-10-11 00:00:00 |[null] |102    |
|9905   |권혁일  |refresh  |교수       |450 |1986-02-11 00:00:00 |25     |102    |
|9906   |이만식  |pocari   |부교수      |420 |1988-07-11 00:00:00 |[null] |101    |
|9907   |전은지  |totoro   |전임강사     |210 |2001-05-11 00:00:00 |[null] |101    |
|9908   |남은혁  |bird13   |부교수      |400 |1990-10-18 00:00:00 |17     |202    |
|-------|-----|---------|---------|----|--------------------|-------|-------|

[DEBUG] 24-10-27 19:49:36 [selectList:135] - <==      Total: 8
[INFO ] 24-10-27 19:49:36 [MyInterceptor:118] - running time : 26(ms)
[INFO ] 24-10-27 19:49:38 [MyInterceptor:45] - -------------- new client connect --------------
[INFO ] 24-10-27 19:49:38 [MyInterceptor:63] - [Client] 0:0:0:0:0:0:0:1, Other, Windows 10, Chrome 129.0
[INFO ] 24-10-27 19:49:38 [MyInterceptor:81] - [GET] http://localhost:8080/department
[INFO ] 24-10-27 19:49:38 [MyInterceptor:97] - - REFERER : time=1451, url=http://localhost:8080/professor
[DEBUG] 24-10-27 19:49:38 [selectList:135] - ==>  Preparing: SELECT deptno, dname, loc FROM department ORDER BY deptno;
[DEBUG] 24-10-27 19:49:38 [selectList:135] - ==> Parameters: 
[INFO ] 24-10-27 19:49:38 [sqlonly:228] - SELECT deptno, dname, loc FROM department ORDER BY deptno;

[INFO ] 24-10-27 19:49:38 [resultsettable:610] - 
|-------|--------|----|
|deptno |dname   |loc |
|-------|--------|----|
|101    |컴퓨터공학과  |1호관 |
|102    |멀티미디어학과 |2호관 |
|201    |전자공학과   |3호관 |
|202    |기계공학과   |4호관 |
|-------|--------|----|

[DEBUG] 24-10-27 19:49:38 [selectList:135] - <==      Total: 4
[INFO ] 24-10-27 19:49:38 [MyInterceptor:118] - running time : 48(ms)
[INFO ] 24-10-27 19:49:39 [MyInterceptor:45] - -------------- new client connect --------------
[INFO ] 24-10-27 19:49:39 [MyInterceptor:63] - [Client] 0:0:0:0:0:0:0:1, Other, Windows 10, Chrome 129.0
[INFO ] 24-10-27 19:49:39 [MyInterceptor:81] - [GET] http://localhost:8080/student
[INFO ] 24-10-27 19:49:39 [MyInterceptor:97] - - REFERER : time=968, url=http://localhost:8080/department
[DEBUG] 24-10-27 19:49:39 [selectList:135] - ==>  Preparing: SELECT studno, name, userid, grade, idnum, birthdate, tel, height, weight, deptno, profno FROM student ORDER BY studno;
[DEBUG] 24-10-27 19:49:39 [selectList:135] - ==> Parameters: 
[INFO ] 24-10-27 19:49:39 [sqlonly:228] - SELECT studno, name, userid, grade, idnum, birthdate, tel, height, weight, deptno, profno FROM student ORDER BY studno;

[INFO ] 24-10-27 19:49:39 [resultsettable:610] - 
|-------|-----|---------|------|--------------|--------------------|-------------|-------|-------|-------|-------|
|studno |name |userid   |grade |idnum         |birthdate           |tel          |height |weight |deptno |profno |
|-------|-----|---------|------|--------------|--------------------|-------------|-------|-------|-------|-------|
|10101  |전인하  |jun123   |4     |7907021369824 |1979-07-02 00:00:00 |051)781-2158 |176    |72     |101    |9903   |
|10102  |박미경  |ansel414 |1     |8405162123648 |1984-05-16 00:00:00 |055)261-8947 |168    |52     |101    |[null] |
|10103  |김영균  |mandu    |3     |8103211063421 |1981-03-21 00:00:00 |051)824-9637 |170    |88     |101    |9906   |
|10104  |지은경  |gomo00   |2     |8004122298371 |1980-04-12 00:00:00 |055)418-9627 |161    |42     |101    |9907   |
|10105  |임유진  |youjin12 |2     |8301212196482 |1983-01-21 00:00:00 |02)312-9838  |171    |54     |101    |9907   |
|10106  |서재진  |seolly   |1     |8511291186273 |1985-11-29 00:00:00 |051)239-4861 |186    |72     |101    |[null] |
|10107  |이광훈  |huriky   |4     |8109131276431 |1981-09-13 00:00:00 |055)736-4981 |175    |92     |101    |9903   |
|10108  |류민정  |cleansky |2     |8108192157498 |1981-08-19 00:00:00 |055)248-3679 |162    |72     |101    |9907   |
|10201  |김진영  |simply   |2     |8206062186327 |1982-06-06 00:00:00 |055)419-6328 |164    |48     |102    |9905   |
|10202  |오유석  |yousuk   |4     |7709121128379 |1977-09-12 00:00:00 |051)724-9618 |177    |92     |102    |9905   |
|10203  |하나리  |hanal    |1     |8501092378641 |1985-01-09 00:00:00 |055)296-3784 |160    |68     |102    |[null] |
|10204  |윤진욱  |samba7   |3     |7904021358671 |1979-04-02 00:00:00 |053)487-2698 |171    |70     |102    |9905   |
|20101  |이동훈  |dals     |1     |8312101128467 |1983-12-10 00:00:00 |055)426-1752 |172    |64     |201    |[null] |
|20102  |박동진  |ping2    |1     |8511241639826 |1985-11-24 00:00:00 |051)742-6384 |182    |70     |201    |[null] |
|20103  |김진경  |lovely   |2     |8302282169387 |1983-02-28 00:00:00 |052)175-3941 |166    |51     |201    |9902   |
|20104  |조명훈  |rader214 |1     |8412141254963 |1984-12-14 00:00:00 |02)785-6984  |184    |62     |201    |[null] |
|-------|-----|---------|------|--------------|--------------------|-------------|-------|-------|-------|-------|

[DEBUG] 24-10-27 19:49:39 [selectList:135] - <==      Total: 16
[INFO ] 24-10-27 19:49:39 [MyInterceptor:118] - running time : 60(ms)
[INFO ] 24-10-27 19:50:31 [DatabaseApplication:50] - Starting DatabaseApplication using Java 17.0.2 with PID 11720 (D:\jinju\07_SpringBoot\08-database\build\classes\java\main started by tlawl in D:\jinju\07_SpringBoot\08-database)
[DEBUG] 24-10-27 19:50:31 [DatabaseApplication:51] - Running with Spring Boot v3.3.5, Spring v6.1.14
[INFO ] 24-10-27 19:50:31 [DatabaseApplication:654] - No active profile set, falling back to 1 default profile: "default"
[INFO ] 24-10-27 19:50:32 [DatabaseApplication:56] - Started DatabaseApplication in 1.403 seconds (process running for 302.622)
[INFO ] 24-10-27 19:50:34 [DatabaseApplication:50] - Starting DatabaseApplication using Java 17.0.2 with PID 11720 (D:\jinju\07_SpringBoot\08-database\build\classes\java\main started by tlawl in D:\jinju\07_SpringBoot\08-database)
[DEBUG] 24-10-27 19:50:34 [DatabaseApplication:51] - Running with Spring Boot v3.3.5, Spring v6.1.14
[INFO ] 24-10-27 19:50:34 [DatabaseApplication:654] - No active profile set, falling back to 1 default profile: "default"
[INFO ] 24-10-27 19:50:35 [DatabaseApplication:56] - Started DatabaseApplication in 1.295 seconds (process running for 305.505)
[INFO ] 24-10-27 19:50:45 [DatabaseApplication:50] - Starting DatabaseApplication using Java 17.0.2 with PID 11720 (D:\jinju\07_SpringBoot\08-database\build\classes\java\main started by tlawl in D:\jinju\07_SpringBoot\08-database)
[DEBUG] 24-10-27 19:50:45 [DatabaseApplication:51] - Running with Spring Boot v3.3.5, Spring v6.1.14
[INFO ] 24-10-27 19:50:45 [DatabaseApplication:654] - No active profile set, falling back to 1 default profile: "default"
[INFO ] 24-10-27 19:50:49 [DatabaseApplication:56] - Started DatabaseApplication in 5.098 seconds (process running for 319.708)
[INFO ] 24-10-27 19:50:51 [DatabaseApplication:50] - Starting DatabaseApplication using Java 17.0.2 with PID 11720 (D:\jinju\07_SpringBoot\08-database\build\classes\java\main started by tlawl in D:\jinju\07_SpringBoot\08-database)
[DEBUG] 24-10-27 19:50:51 [DatabaseApplication:51] - Running with Spring Boot v3.3.5, Spring v6.1.14
[INFO ] 24-10-27 19:50:51 [DatabaseApplication:654] - No active profile set, falling back to 1 default profile: "default"
[INFO ] 24-10-27 19:50:54 [DatabaseApplication:56] - Started DatabaseApplication in 2.468 seconds (process running for 323.813)
[INFO ] 24-10-27 19:50:56 [DatabaseApplication:50] - Starting DatabaseApplication using Java 17.0.2 with PID 11720 (D:\jinju\07_SpringBoot\08-database\build\classes\java\main started by tlawl in D:\jinju\07_SpringBoot\08-database)
[DEBUG] 24-10-27 19:50:56 [DatabaseApplication:51] - Running with Spring Boot v3.3.5, Spring v6.1.14
[INFO ] 24-10-27 19:50:56 [DatabaseApplication:654] - No active profile set, falling back to 1 default profile: "default"
[INFO ] 24-10-27 19:50:57 [DatabaseApplication:56] - Started DatabaseApplication in 1.653 seconds (process running for 327.366)
[INFO ] 24-10-27 19:58:24 [DatabaseApplication:50] - Starting DatabaseApplication using Java 17.0.2 with PID 11720 (D:\jinju\07_SpringBoot\08-database\build\classes\java\main started by tlawl in D:\jinju\07_SpringBoot\08-database)
[DEBUG] 24-10-27 19:58:24 [DatabaseApplication:51] - Running with Spring Boot v3.3.5, Spring v6.1.14
[INFO ] 24-10-27 19:58:24 [DatabaseApplication:654] - No active profile set, falling back to 1 default profile: "default"
[WARN ] 24-10-27 19:58:26 [AnnotationConfigServletWebServerApplicationContext:633] - Exception encountered during context initialization - cancelling refresh attempt: org.springframework.beans.factory.UnsatisfiedDependencyException: Error creating bean with name 'departmentController': Unsatisfied dependency expressed through field 'departmentService': No qualifying bean of type 'kr.jinju.database.services.DepartmentService' available: expected at least 1 bean which qualifies as autowire candidate. Dependency annotations: {@org.springframework.beans.factory.annotation.Autowired(required=true)}
[ERROR] 24-10-27 19:58:26 [LoggingFailureAnalysisReporter:40] - 

***************************
APPLICATION FAILED TO START
***************************

Description:

Field departmentService in kr.jinju.database.controllers.DepartmentController required a bean of type 'kr.jinju.database.services.DepartmentService' that could not be found.

The injection point has the following annotations:
	- @org.springframework.beans.factory.annotation.Autowired(required=true)


Action:

Consider defining a bean of type 'kr.jinju.database.services.DepartmentService' in your configuration.

[INFO ] 24-10-27 19:58:27 [DatabaseApplication:50] - Starting DatabaseApplication using Java 17.0.2 with PID 11720 (D:\jinju\07_SpringBoot\08-database\build\classes\java\main started by tlawl in D:\jinju\07_SpringBoot\08-database)
[DEBUG] 24-10-27 19:58:27 [DatabaseApplication:51] - Running with Spring Boot v3.3.5, Spring v6.1.14
[INFO ] 24-10-27 19:58:27 [DatabaseApplication:654] - No active profile set, falling back to 1 default profile: "default"
[INFO ] 24-10-27 19:58:28 [DatabaseApplication:56] - Started DatabaseApplication in 1.19 seconds (process running for 778.75)
[INFO ] 24-10-27 20:54:30 [DatabaseApplication:50] - Starting DatabaseApplication using Java 17.0.2 with PID 40480 (D:\jinju\07_SpringBoot\08-database\build\classes\java\main started by tlawl in D:\jinju\07_SpringBoot\08-database)
[DEBUG] 24-10-27 20:54:30 [DatabaseApplication:51] - Running with Spring Boot v3.3.5, Spring v6.1.14
[INFO ] 24-10-27 20:54:30 [DatabaseApplication:654] - No active profile set, falling back to 1 default profile: "default"
[DEBUG] 24-10-27 20:54:31 [LogFactory:109] - Logging initialized using 'class org.apache.ibatis.logging.slf4j.Slf4jImpl' adapter.
[INFO ] 24-10-27 20:54:33 [DatabaseApplication:56] - Started DatabaseApplication in 3.334 seconds (process running for 3.936)
[INFO ] 24-10-27 20:54:49 [MyInterceptor:45] - -------------- new client connect --------------
[INFO ] 24-10-27 20:54:49 [MyInterceptor:63] - [Client] 0:0:0:0:0:0:0:1, Other, Windows 10, Chrome 129.0
[INFO ] 24-10-27 20:54:49 [MyInterceptor:81] - [GET] http://localhost:8080/department
[DEBUG] 24-10-27 20:54:49 [selectList:135] - ==>  Preparing: SELECT deptno, dname, loc FROM department ORDER BY deptno;
[DEBUG] 24-10-27 20:54:49 [selectList:135] - ==> Parameters: 
[INFO ] 24-10-27 20:54:49 [sqlonly:228] - SELECT deptno, dname, loc FROM department ORDER BY deptno;

[INFO ] 24-10-27 20:54:49 [resultsettable:610] - 
|-------|--------|----|
|deptno |dname   |loc |
|-------|--------|----|
|101    |컴퓨터공학과  |1호관 |
|102    |멀티미디어학과 |2호관 |
|201    |전자공학과   |3호관 |
|202    |기계공학과   |4호관 |
|-------|--------|----|

[DEBUG] 24-10-27 20:54:49 [selectList:135] - <==      Total: 4
[INFO ] 24-10-27 20:54:49 [MyInterceptor:118] - running time : 632(ms)
[INFO ] 24-10-27 20:54:52 [MyInterceptor:45] - -------------- new client connect --------------
[INFO ] 24-10-27 20:54:52 [MyInterceptor:63] - [Client] 0:0:0:0:0:0:0:1, Other, Windows 10, Chrome 129.0
[INFO ] 24-10-27 20:54:52 [MyInterceptor:81] - [GET] http://localhost:8080/student
[INFO ] 24-10-27 20:54:52 [MyInterceptor:97] - - REFERER : time=2606, url=http://localhost:8080/department
[DEBUG] 24-10-27 20:54:52 [selectList:135] - ==>  Preparing: SELECT studno, name, userid, grade, idnum, birthdate, tel, height, weight, deptno, profno FROM student ORDER BY studno;
[DEBUG] 24-10-27 20:54:52 [selectList:135] - ==> Parameters: 
[INFO ] 24-10-27 20:54:52 [sqlonly:228] - SELECT studno, name, userid, grade, idnum, birthdate, tel, height, weight, deptno, profno FROM student ORDER BY studno;

[INFO ] 24-10-27 20:54:52 [resultsettable:610] - 
|-------|-----|---------|------|--------------|--------------------|-------------|-------|-------|-------|-------|
|studno |name |userid   |grade |idnum         |birthdate           |tel          |height |weight |deptno |profno |
|-------|-----|---------|------|--------------|--------------------|-------------|-------|-------|-------|-------|
|10101  |전인하  |jun123   |4     |7907021369824 |1979-07-02 00:00:00 |051)781-2158 |176    |72     |101    |9903   |
|10102  |박미경  |ansel414 |1     |8405162123648 |1984-05-16 00:00:00 |055)261-8947 |168    |52     |101    |[null] |
|10103  |김영균  |mandu    |3     |8103211063421 |1981-03-21 00:00:00 |051)824-9637 |170    |88     |101    |9906   |
|10104  |지은경  |gomo00   |2     |8004122298371 |1980-04-12 00:00:00 |055)418-9627 |161    |42     |101    |9907   |
|10105  |임유진  |youjin12 |2     |8301212196482 |1983-01-21 00:00:00 |02)312-9838  |171    |54     |101    |9907   |
|10106  |서재진  |seolly   |1     |8511291186273 |1985-11-29 00:00:00 |051)239-4861 |186    |72     |101    |[null] |
|10107  |이광훈  |huriky   |4     |8109131276431 |1981-09-13 00:00:00 |055)736-4981 |175    |92     |101    |9903   |
|10108  |류민정  |cleansky |2     |8108192157498 |1981-08-19 00:00:00 |055)248-3679 |162    |72     |101    |9907   |
|10201  |김진영  |simply   |2     |8206062186327 |1982-06-06 00:00:00 |055)419-6328 |164    |48     |102    |9905   |
|10202  |오유석  |yousuk   |4     |7709121128379 |1977-09-12 00:00:00 |051)724-9618 |177    |92     |102    |9905   |
|10203  |하나리  |hanal    |1     |8501092378641 |1985-01-09 00:00:00 |055)296-3784 |160    |68     |102    |[null] |
|10204  |윤진욱  |samba7   |3     |7904021358671 |1979-04-02 00:00:00 |053)487-2698 |171    |70     |102    |9905   |
|20101  |이동훈  |dals     |1     |8312101128467 |1983-12-10 00:00:00 |055)426-1752 |172    |64     |201    |[null] |
|20102  |박동진  |ping2    |1     |8511241639826 |1985-11-24 00:00:00 |051)742-6384 |182    |70     |201    |[null] |
|20103  |김진경  |lovely   |2     |8302282169387 |1983-02-28 00:00:00 |052)175-3941 |166    |51     |201    |9902   |
|20104  |조명훈  |rader214 |1     |8412141254963 |1984-12-14 00:00:00 |02)785-6984  |184    |62     |201    |[null] |
|-------|-----|---------|------|--------------|--------------------|-------------|-------|-------|-------|-------|

[DEBUG] 24-10-27 20:54:52 [selectList:135] - <==      Total: 16
[INFO ] 24-10-27 20:54:52 [MyInterceptor:118] - running time : 78(ms)
[INFO ] 24-10-27 20:56:32 [MyInterceptor:45] - -------------- new client connect --------------
[INFO ] 24-10-27 20:56:32 [MyInterceptor:63] - [Client] 0:0:0:0:0:0:0:1, Other, Windows 10, Chrome 129.0
[INFO ] 24-10-27 20:56:32 [MyInterceptor:81] - [GET] http://localhost:8080/student/add
[INFO ] 24-10-27 20:56:32 [MyInterceptor:97] - - REFERER : time=100002, url=http://localhost:8080/student
[INFO ] 24-10-27 20:56:32 [MyInterceptor:118] - running time : 49(ms)
[INFO ] 24-10-27 20:57:46 [MyInterceptor:45] - -------------- new client connect --------------
[INFO ] 24-10-27 20:57:46 [MyInterceptor:63] - [Client] 0:0:0:0:0:0:0:1, Other, Windows 10, Chrome 129.0
[INFO ] 24-10-27 20:57:46 [MyInterceptor:81] - [POST] http://localhost:8080/student/add_ok
[INFO ] 24-10-27 20:57:46 [MyInterceptor:88] - param <-- name = 학생Test
[INFO ] 24-10-27 20:57:46 [MyInterceptor:88] - param <-- userId = id
[INFO ] 24-10-27 20:57:46 [MyInterceptor:88] - param <-- grade = 1
[INFO ] 24-10-27 20:57:46 [MyInterceptor:88] - param <-- idNum = 1112223333444
[INFO ] 24-10-27 20:57:46 [MyInterceptor:88] - param <-- birthDate = 2024-10-01
[INFO ] 24-10-27 20:57:46 [MyInterceptor:88] - param <-- tel = 02)1234-5678
[INFO ] 24-10-27 20:57:46 [MyInterceptor:88] - param <-- height = 170
[INFO ] 24-10-27 20:57:46 [MyInterceptor:88] - param <-- weight = 70
[INFO ] 24-10-27 20:57:46 [MyInterceptor:88] - param <-- deptNo = 201
[INFO ] 24-10-27 20:57:46 [MyInterceptor:88] - param <-- profNo = 9903
[INFO ] 24-10-27 20:57:46 [MyInterceptor:97] - - REFERER : time=73813, url=http://localhost:8080/student/add
[DEBUG] 24-10-27 20:57:46 [insert:135] - ==>  Preparing: INSERT INTO student (name, userid, grade, idnum, birthdate, tel, height, weight, deptno, profno) VALUES (?, ?, ?, ?, ?, ?, ?, ?, ?, ?);
[DEBUG] 24-10-27 20:57:46 [insert:135] - ==> Parameters: 학생Test(String), id(String), 1(Integer), 1112223333444(String), 2024-10-01(String), 02)1234-5678(String), 170(Integer), 70(Integer), 201(Integer), 9903(Integer)
[INFO ] 24-10-27 20:57:46 [sqlonly:228] - INSERT INTO student (name, userid, grade, idnum, birthdate, tel, height, weight, deptno, profno) VALUES ('학생Test', 'id', 1, '1112223333444', '2024-10-01', '02)1234-5678', 170, 70, 201, 9903);

[DEBUG] 24-10-27 20:57:46 [insert:135] - <==    Updates: 1
[INFO ] 24-10-27 20:57:46 [resultsettable:610] - 
|--------------|
|generated_key |
|--------------|
|20105         |
|--------------|

[DEBUG] 24-10-27 20:57:46 [selectItem:135] - ==>  Preparing: SELECT studno, name, userid, grade, idnum, birthdate, tel, height, weight, deptno, profno FROM student WHERE studno=?;
[DEBUG] 24-10-27 20:57:46 [selectItem:135] - ==> Parameters: 20105(Integer)
[INFO ] 24-10-27 20:57:46 [sqlonly:228] - SELECT studno, name, userid, grade, idnum, birthdate, tel, height, weight, deptno, profno FROM student WHERE studno=20105;

[INFO ] 24-10-27 20:57:46 [resultsettable:610] - 
|-------|-------|-------|------|--------------|--------------------|-------------|-------|-------|-------|-------|
|studno |name   |userid |grade |idnum         |birthdate           |tel          |height |weight |deptno |profno |
|-------|-------|-------|------|--------------|--------------------|-------------|-------|-------|-------|-------|
|20105  |학생Test |id     |1     |1112223333444 |2024-10-01 00:00:00 |02)1234-5678 |170    |70     |201    |9903   |
|-------|-------|-------|------|--------------|--------------------|-------------|-------|-------|-------|-------|

[DEBUG] 24-10-27 20:57:46 [selectItem:135] - <==      Total: 1
[INFO ] 24-10-27 20:57:46 [MyInterceptor:118] - running time : 120(ms)
[INFO ] 24-10-27 20:57:48 [MyInterceptor:45] - -------------- new client connect --------------
[INFO ] 24-10-27 20:57:48 [MyInterceptor:63] - [Client] 0:0:0:0:0:0:0:1, Other, Windows 10, Chrome 129.0
[INFO ] 24-10-27 20:57:48 [MyInterceptor:81] - [GET] http://localhost:8080/student/detail/20105
[INFO ] 24-10-27 20:57:48 [MyInterceptor:97] - - REFERER : time=2341, url=http://localhost:8080/student/add_ok
[DEBUG] 24-10-27 20:57:48 [selectItem:135] - ==>  Preparing: SELECT studno, name, userid, grade, idnum, birthdate, tel, height, weight, deptno, profno FROM student WHERE studno=?;
[DEBUG] 24-10-27 20:57:48 [selectItem:135] - ==> Parameters: 20105(Integer)
[INFO ] 24-10-27 20:57:48 [sqlonly:228] - SELECT studno, name, userid, grade, idnum, birthdate, tel, height, weight, deptno, profno FROM student WHERE studno=20105;

[INFO ] 24-10-27 20:57:48 [resultsettable:610] - 
|-------|-------|-------|------|--------------|--------------------|-------------|-------|-------|-------|-------|
|studno |name   |userid |grade |idnum         |birthdate           |tel          |height |weight |deptno |profno |
|-------|-------|-------|------|--------------|--------------------|-------------|-------|-------|-------|-------|
|20105  |학생Test |id     |1     |1112223333444 |2024-10-01 00:00:00 |02)1234-5678 |170    |70     |201    |9903   |
|-------|-------|-------|------|--------------|--------------------|-------------|-------|-------|-------|-------|

[DEBUG] 24-10-27 20:57:48 [selectItem:135] - <==      Total: 1
[INFO ] 24-10-27 20:57:48 [MyInterceptor:118] - running time : 43(ms)
[INFO ] 24-10-27 20:58:08 [MyInterceptor:45] - -------------- new client connect --------------
[INFO ] 24-10-27 20:58:08 [MyInterceptor:63] - [Client] 0:0:0:0:0:0:0:1, Other, Windows 10, Chrome 129.0
[INFO ] 24-10-27 20:58:08 [MyInterceptor:81] - [GET] http://localhost:8080/student/edit/20105
[INFO ] 24-10-27 20:58:08 [MyInterceptor:97] - - REFERER : time=19514, url=http://localhost:8080/student/detail/20105
[DEBUG] 24-10-27 20:58:08 [selectItem:135] - ==>  Preparing: SELECT studno, name, userid, grade, idnum, birthdate, tel, height, weight, deptno, profno FROM student WHERE studno=?;
[DEBUG] 24-10-27 20:58:08 [selectItem:135] - ==> Parameters: 20105(Integer)
[INFO ] 24-10-27 20:58:08 [sqlonly:228] - SELECT studno, name, userid, grade, idnum, birthdate, tel, height, weight, deptno, profno FROM student WHERE studno=20105;

[INFO ] 24-10-27 20:58:08 [resultsettable:610] - 
|-------|-------|-------|------|--------------|--------------------|-------------|-------|-------|-------|-------|
|studno |name   |userid |grade |idnum         |birthdate           |tel          |height |weight |deptno |profno |
|-------|-------|-------|------|--------------|--------------------|-------------|-------|-------|-------|-------|
|20105  |학생Test |id     |1     |1112223333444 |2024-10-01 00:00:00 |02)1234-5678 |170    |70     |201    |9903   |
|-------|-------|-------|------|--------------|--------------------|-------------|-------|-------|-------|-------|

[DEBUG] 24-10-27 20:58:08 [selectItem:135] - <==      Total: 1
[INFO ] 24-10-27 20:58:08 [MyInterceptor:118] - running time : 32(ms)
[INFO ] 24-10-27 20:58:34 [MyInterceptor:45] - -------------- new client connect --------------
[INFO ] 24-10-27 20:58:34 [MyInterceptor:63] - [Client] 0:0:0:0:0:0:0:1, Other, Windows 10, Chrome 129.0
[INFO ] 24-10-27 20:58:34 [MyInterceptor:81] - [GET] http://localhost:8080/student/edit/20105
[INFO ] 24-10-27 20:58:34 [MyInterceptor:97] - - REFERER : time=26039, url=http://localhost:8080/student/detail/20105
[DEBUG] 24-10-27 20:58:34 [selectItem:135] - ==>  Preparing: SELECT studno, name, userid, grade, idnum, birthdate, tel, height, weight, deptno, profno FROM student WHERE studno=?;
[DEBUG] 24-10-27 20:58:34 [selectItem:135] - ==> Parameters: 20105(Integer)
[INFO ] 24-10-27 20:58:34 [sqlonly:228] - SELECT studno, name, userid, grade, idnum, birthdate, tel, height, weight, deptno, profno FROM student WHERE studno=20105;

[INFO ] 24-10-27 20:58:34 [resultsettable:610] - 
|-------|-------|-------|------|--------------|--------------------|-------------|-------|-------|-------|-------|
|studno |name   |userid |grade |idnum         |birthdate           |tel          |height |weight |deptno |profno |
|-------|-------|-------|------|--------------|--------------------|-------------|-------|-------|-------|-------|
|20105  |학생Test |id     |1     |1112223333444 |2024-10-01 00:00:00 |02)1234-5678 |170    |70     |201    |9903   |
|-------|-------|-------|------|--------------|--------------------|-------------|-------|-------|-------|-------|

[DEBUG] 24-10-27 20:58:34 [selectItem:135] - <==      Total: 1
[INFO ] 24-10-27 20:58:34 [MyInterceptor:118] - running time : 40(ms)
[INFO ] 24-10-27 21:00:08 [MyInterceptor:45] - -------------- new client connect --------------
[INFO ] 24-10-27 21:00:08 [MyInterceptor:63] - [Client] 0:0:0:0:0:0:0:1, Other, Windows 10, Chrome 129.0
[INFO ] 24-10-27 21:00:08 [MyInterceptor:81] - [POST] http://localhost:8080/student/edit_ok/20105
[INFO ] 24-10-27 21:00:08 [MyInterceptor:88] - param <-- name = 학생Edit
[INFO ] 24-10-27 21:00:08 [MyInterceptor:88] - param <-- userId = idEdit
[INFO ] 24-10-27 21:00:08 [MyInterceptor:88] - param <-- grade = 2
[INFO ] 24-10-27 21:00:08 [MyInterceptor:88] - param <-- idNum = 2024-10-02
[INFO ] 24-10-27 21:00:08 [MyInterceptor:88] - param <-- birthDate = 2024-10-01 00:00:00
[INFO ] 24-10-27 21:00:08 [MyInterceptor:88] - param <-- tel = 02)7777-777
[INFO ] 24-10-27 21:00:08 [MyInterceptor:88] - param <-- height = 150
[INFO ] 24-10-27 21:00:08 [MyInterceptor:88] - param <-- weight = 50
[INFO ] 24-10-27 21:00:08 [MyInterceptor:88] - param <-- deptNo = 201
[INFO ] 24-10-27 21:00:08 [MyInterceptor:88] - param <-- profNo = 
[INFO ] 24-10-27 21:00:08 [MyInterceptor:97] - - REFERER : time=93883, url=http://localhost:8080/student/edit/20105
[DEBUG] 24-10-27 21:00:08 [update:135] - ==>  Preparing: UPDATE student SET name=?, userid=?, grade=?, idnum=?, birthdate=?, tel=?, height=?, weight=?, deptno=?, profno=? WHERE studno=?;
[DEBUG] 24-10-27 21:00:08 [update:135] - ==> Parameters: 학생Edit(String), idEdit(String), 2(Integer), 2024-10-02(String), 2024-10-01 00:00:00(String), 02)7777-777(String), 150(Integer), 50(Integer), 201(Integer), null, 20105(Integer)
[INFO ] 24-10-27 21:00:08 [sqlonly:228] - UPDATE student SET name='학생Edit', userid='idEdit', grade=2, idnum='2024-10-02', birthdate='2024-10-01 00:00:00', tel='02)7777-777', height=150, weight=50, deptno=201, profno=NULL WHERE studno=20105;

[DEBUG] 24-10-27 21:00:08 [update:135] - <==    Updates: 1
[DEBUG] 24-10-27 21:00:08 [selectItem:135] - ==>  Preparing: SELECT studno, name, userid, grade, idnum, birthdate, tel, height, weight, deptno, profno FROM student WHERE studno=?;
[DEBUG] 24-10-27 21:00:08 [selectItem:135] - ==> Parameters: 20105(Integer)
[INFO ] 24-10-27 21:00:08 [sqlonly:228] - SELECT studno, name, userid, grade, idnum, birthdate, tel, height, weight, deptno, profno FROM student WHERE studno=20105;

[INFO ] 24-10-27 21:00:08 [resultsettable:610] - 
|-------|-------|-------|------|-----------|--------------------|------------|-------|-------|-------|-------|
|studno |name   |userid |grade |idnum      |birthdate           |tel         |height |weight |deptno |profno |
|-------|-------|-------|------|-----------|--------------------|------------|-------|-------|-------|-------|
|20105  |학생Edit |idEdit |2     |2024-10-02 |2024-10-01 00:00:00 |02)7777-777 |150    |50     |201    |[null] |
|-------|-------|-------|------|-----------|--------------------|------------|-------|-------|-------|-------|

[DEBUG] 24-10-27 21:00:08 [selectItem:135] - <==      Total: 1
[INFO ] 24-10-27 21:00:08 [MyInterceptor:118] - running time : 49(ms)
[INFO ] 24-10-27 21:00:09 [MyInterceptor:45] - -------------- new client connect --------------
[INFO ] 24-10-27 21:00:09 [MyInterceptor:63] - [Client] 0:0:0:0:0:0:0:1, Other, Windows 10, Chrome 129.0
[INFO ] 24-10-27 21:00:09 [MyInterceptor:81] - [GET] http://localhost:8080/student/detail/20105
[INFO ] 24-10-27 21:00:09 [MyInterceptor:97] - - REFERER : time=1196, url=http://localhost:8080/student/edit_ok/20105
[DEBUG] 24-10-27 21:00:09 [selectItem:135] - ==>  Preparing: SELECT studno, name, userid, grade, idnum, birthdate, tel, height, weight, deptno, profno FROM student WHERE studno=?;
[DEBUG] 24-10-27 21:00:09 [selectItem:135] - ==> Parameters: 20105(Integer)
[INFO ] 24-10-27 21:00:09 [sqlonly:228] - SELECT studno, name, userid, grade, idnum, birthdate, tel, height, weight, deptno, profno FROM student WHERE studno=20105;

[INFO ] 24-10-27 21:00:09 [resultsettable:610] - 
|-------|-------|-------|------|-----------|--------------------|------------|-------|-------|-------|-------|
|studno |name   |userid |grade |idnum      |birthdate           |tel         |height |weight |deptno |profno |
|-------|-------|-------|------|-----------|--------------------|------------|-------|-------|-------|-------|
|20105  |학생Edit |idEdit |2     |2024-10-02 |2024-10-01 00:00:00 |02)7777-777 |150    |50     |201    |[null] |
|-------|-------|-------|------|-----------|--------------------|------------|-------|-------|-------|-------|

[DEBUG] 24-10-27 21:00:09 [selectItem:135] - <==      Total: 1
[INFO ] 24-10-27 21:00:09 [MyInterceptor:118] - running time : 28(ms)
