[INFO ] 24-10-29 15:16:32 [RestfulapiApplication:50] - Starting RestfulapiApplication using Java 17.0.2 with PID 8044 (D:\jinju\07_SpringBoot\09_restfulapi\bin\main started by user in D:\jinju\07_SpringBoot\09_restfulapi)
[DEBUG] 24-10-29 15:16:32 [RestfulapiApplication:51] - Running with Spring Boot v3.3.5, Spring v6.1.14
[INFO ] 24-10-29 15:16:32 [RestfulapiApplication:654] - No active profile set, falling back to 1 default profile: "default"
[DEBUG] 24-10-29 15:16:33 [LogFactory:109] - Logging initialized using 'class org.apache.ibatis.logging.slf4j.Slf4jImpl' adapter.
[WARN ] 24-10-29 15:16:33 [ClassPathMapperScanner:44] - No MyBatis mapper was found in '[kr.jinju.restfulapi]' package. Please check your configuration.
[INFO ] 24-10-29 15:16:35 [RestfulapiApplication:56] - Started RestfulapiApplication in 3.51 seconds (process running for 4.281)
[INFO ] 24-10-29 15:16:40 [MyInterceptor:45] - -------------- new client connect --------------
[INFO ] 24-10-29 15:16:40 [MyInterceptor:63] - [Client] 0:0:0:0:0:0:0:1, Other, Windows 10, Chrome 130.0
[INFO ] 24-10-29 15:16:40 [MyInterceptor:81] - [GET] http://localhost:8080/simple_department
[INFO ] 24-10-29 15:16:40 [MyInterceptor:118] - running time : 214(ms)
[INFO ] 24-10-29 15:21:52 [RestfulapiApplication:50] - Starting RestfulapiApplication using Java 17.0.2 with PID 4348 (D:\jinju\07_SpringBoot\09_restfulapi\bin\main started by user in D:\jinju\07_SpringBoot\09_restfulapi)
[DEBUG] 24-10-29 15:21:52 [RestfulapiApplication:51] - Running with Spring Boot v3.3.5, Spring v6.1.14
[INFO ] 24-10-29 15:21:52 [RestfulapiApplication:654] - No active profile set, falling back to 1 default profile: "default"
[DEBUG] 24-10-29 15:21:53 [LogFactory:109] - Logging initialized using 'class org.apache.ibatis.logging.slf4j.Slf4jImpl' adapter.
[WARN ] 24-10-29 15:21:53 [ClassPathMapperScanner:44] - No MyBatis mapper was found in '[kr.jinju.restfulapi]' package. Please check your configuration.
[INFO ] 24-10-29 15:21:55 [RestfulapiApplication:56] - Started RestfulapiApplication in 3.276 seconds (process running for 3.922)
[INFO ] 24-10-29 15:22:44 [MyInterceptor:45] - -------------- new client connect --------------
[INFO ] 24-10-29 15:22:44 [MyInterceptor:63] - [Client] 0:0:0:0:0:0:0:1, Other, Windows 10, Chrome 130.0
[INFO ] 24-10-29 15:22:44 [MyInterceptor:81] - [GET] http://localhost:8080/simple_department_list
[INFO ] 24-10-29 15:22:44 [MyInterceptor:118] - running time : 219(ms)
[INFO ] 24-10-29 15:24:22 [RestfulapiApplication:50] - Starting RestfulapiApplication using Java 17.0.2 with PID 4348 (D:\jinju\07_SpringBoot\09_restfulapi\bin\main started by user in D:\jinju\07_SpringBoot\09_restfulapi)
[DEBUG] 24-10-29 15:24:22 [RestfulapiApplication:51] - Running with Spring Boot v3.3.5, Spring v6.1.14
[INFO ] 24-10-29 15:24:22 [RestfulapiApplication:654] - No active profile set, falling back to 1 default profile: "default"
[WARN ] 24-10-29 15:24:23 [ClassPathMapperScanner:44] - No MyBatis mapper was found in '[kr.jinju.restfulapi]' package. Please check your configuration.
[WARN ] 24-10-29 15:24:23 [AnnotationConfigServletWebServerApplicationContext:633] - Exception encountered during context initialization - cancelling refresh attempt: org.springframework.beans.factory.BeanCreationException: Error creating bean with name 'simpleRestfulController' defined in file [D:\jinju\07_SpringBoot\09_restfulapi\bin\main\kr\jinju\restfulapi\controllers\SimpleRestfulController.class]: Failed to instantiate [kr.jinju.restfulapi.controllers.SimpleRestfulController]: Constructor threw exception
[ERROR] 24-10-29 15:24:23 [SpringApplication:859] - Application run failed
org.springframework.beans.factory.BeanCreationException: Error creating bean with name 'simpleRestfulController' defined in file [D:\jinju\07_SpringBoot\09_restfulapi\bin\main\kr\jinju\restfulapi\controllers\SimpleRestfulController.class]: Failed to instantiate [kr.jinju.restfulapi.controllers.SimpleRestfulController]: Constructor threw exception
	at org.springframework.beans.factory.support.AbstractAutowireCapableBeanFactory.instantiateBean(AbstractAutowireCapableBeanFactory.java:1337)
	at org.springframework.beans.factory.support.AbstractAutowireCapableBeanFactory.createBeanInstance(AbstractAutowireCapableBeanFactory.java:1222)
	at org.springframework.beans.factory.support.AbstractAutowireCapableBeanFactory.doCreateBean(AbstractAutowireCapableBeanFactory.java:562)
	at org.springframework.beans.factory.support.AbstractAutowireCapableBeanFactory.createBean(AbstractAutowireCapableBeanFactory.java:522)
	at org.springframework.beans.factory.support.AbstractBeanFactory.lambda$doGetBean$0(AbstractBeanFactory.java:337)
	at org.springframework.beans.factory.support.DefaultSingletonBeanRegistry.getSingleton(DefaultSingletonBeanRegistry.java:234)
	at org.springframework.beans.factory.support.AbstractBeanFactory.doGetBean(AbstractBeanFactory.java:335)
	at org.springframework.beans.factory.support.AbstractBeanFactory.getBean(AbstractBeanFactory.java:200)
	at org.springframework.beans.factory.support.DefaultListableBeanFactory.preInstantiateSingletons(DefaultListableBeanFactory.java:975)
	at org.springframework.context.support.AbstractApplicationContext.finishBeanFactoryInitialization(AbstractApplicationContext.java:971)
	at org.springframework.context.support.AbstractApplicationContext.refresh(AbstractApplicationContext.java:625)
	at org.springframework.boot.web.servlet.context.ServletWebServerApplicationContext.refresh(ServletWebServerApplicationContext.java:146)
	at org.springframework.boot.SpringApplication.refresh(SpringApplication.java:754)
	at org.springframework.boot.SpringApplication.refreshContext(SpringApplication.java:456)
	at org.springframework.boot.SpringApplication.run(SpringApplication.java:335)
	at org.springframework.boot.SpringApplication.run(SpringApplication.java:1363)
	at org.springframework.boot.SpringApplication.run(SpringApplication.java:1352)
	at kr.jinju.restfulapi.RestfulapiApplication.main(RestfulapiApplication.java:10)
	at java.base/jdk.internal.reflect.NativeMethodAccessorImpl.invoke0(Native Method)
	at java.base/jdk.internal.reflect.NativeMethodAccessorImpl.invoke(NativeMethodAccessorImpl.java:77)
	at java.base/jdk.internal.reflect.DelegatingMethodAccessorImpl.invoke(DelegatingMethodAccessorImpl.java:43)
	at java.base/java.lang.reflect.Method.invoke(Method.java:568)
	at org.springframework.boot.devtools.restart.RestartLauncher.run(RestartLauncher.java:50)
Caused by: org.springframework.beans.BeanInstantiationException: Failed to instantiate [kr.jinju.restfulapi.controllers.SimpleRestfulController]: Constructor threw exception
	at org.springframework.beans.BeanUtils.instantiateClass(BeanUtils.java:221)
	at org.springframework.beans.factory.support.SimpleInstantiationStrategy.instantiate(SimpleInstantiationStrategy.java:94)
	at org.springframework.beans.factory.support.AbstractAutowireCapableBeanFactory.instantiateBean(AbstractAutowireCapableBeanFactory.java:1331)
	... 22 common frames omitted
Caused by: java.lang.Error: Unresolved compilation problems: 
	Syntax error, insert "}" to complete ClassBody
	Syntax error on token ",", FormalParameter expected after this token
	Syntax error on token "}", delete this token

	at kr.jinju.restfulapi.controllers.SimpleRestfulController.<init>(SimpleRestfulController.java:88)
	at java.base/jdk.internal.reflect.NativeConstructorAccessorImpl.newInstance0(Native Method)
	at java.base/jdk.internal.reflect.NativeConstructorAccessorImpl.newInstance(NativeConstructorAccessorImpl.java:77)
	at java.base/jdk.internal.reflect.DelegatingConstructorAccessorImpl.newInstance(DelegatingConstructorAccessorImpl.java:45)
	at java.base/java.lang.reflect.Constructor.newInstanceWithCaller(Constructor.java:499)
	at java.base/java.lang.reflect.Constructor.newInstance(Constructor.java:480)
	at org.springframework.beans.BeanUtils.instantiateClass(BeanUtils.java:195)
	... 24 common frames omitted
[INFO ] 24-10-29 15:25:07 [RestfulapiApplication:50] - Starting RestfulapiApplication using Java 17.0.2 with PID 4348 (D:\jinju\07_SpringBoot\09_restfulapi\bin\main started by user in D:\jinju\07_SpringBoot\09_restfulapi)
[DEBUG] 24-10-29 15:25:07 [RestfulapiApplication:51] - Running with Spring Boot v3.3.5, Spring v6.1.14
[INFO ] 24-10-29 15:25:07 [RestfulapiApplication:654] - No active profile set, falling back to 1 default profile: "default"
[WARN ] 24-10-29 15:25:07 [ClassPathMapperScanner:44] - No MyBatis mapper was found in '[kr.jinju.restfulapi]' package. Please check your configuration.
[WARN ] 24-10-29 15:25:07 [AnnotationConfigServletWebServerApplicationContext:633] - Exception encountered during context initialization - cancelling refresh attempt: org.springframework.beans.factory.BeanCreationException: Error creating bean with name 'simpleRestfulController' defined in file [D:\jinju\07_SpringBoot\09_restfulapi\bin\main\kr\jinju\restfulapi\controllers\SimpleRestfulController.class]: Failed to instantiate [kr.jinju.restfulapi.controllers.SimpleRestfulController]: Constructor threw exception
[ERROR] 24-10-29 15:25:07 [SpringApplication:859] - Application run failed
org.springframework.beans.factory.BeanCreationException: Error creating bean with name 'simpleRestfulController' defined in file [D:\jinju\07_SpringBoot\09_restfulapi\bin\main\kr\jinju\restfulapi\controllers\SimpleRestfulController.class]: Failed to instantiate [kr.jinju.restfulapi.controllers.SimpleRestfulController]: Constructor threw exception
	at org.springframework.beans.factory.support.AbstractAutowireCapableBeanFactory.instantiateBean(AbstractAutowireCapableBeanFactory.java:1337)
	at org.springframework.beans.factory.support.AbstractAutowireCapableBeanFactory.createBeanInstance(AbstractAutowireCapableBeanFactory.java:1222)
	at org.springframework.beans.factory.support.AbstractAutowireCapableBeanFactory.doCreateBean(AbstractAutowireCapableBeanFactory.java:562)
	at org.springframework.beans.factory.support.AbstractAutowireCapableBeanFactory.createBean(AbstractAutowireCapableBeanFactory.java:522)
	at org.springframework.beans.factory.support.AbstractBeanFactory.lambda$doGetBean$0(AbstractBeanFactory.java:337)
	at org.springframework.beans.factory.support.DefaultSingletonBeanRegistry.getSingleton(DefaultSingletonBeanRegistry.java:234)
	at org.springframework.beans.factory.support.AbstractBeanFactory.doGetBean(AbstractBeanFactory.java:335)
	at org.springframework.beans.factory.support.AbstractBeanFactory.getBean(AbstractBeanFactory.java:200)
	at org.springframework.beans.factory.support.DefaultListableBeanFactory.preInstantiateSingletons(DefaultListableBeanFactory.java:975)
	at org.springframework.context.support.AbstractApplicationContext.finishBeanFactoryInitialization(AbstractApplicationContext.java:971)
	at org.springframework.context.support.AbstractApplicationContext.refresh(AbstractApplicationContext.java:625)
	at org.springframework.boot.web.servlet.context.ServletWebServerApplicationContext.refresh(ServletWebServerApplicationContext.java:146)
	at org.springframework.boot.SpringApplication.refresh(SpringApplication.java:754)
	at org.springframework.boot.SpringApplication.refreshContext(SpringApplication.java:456)
	at org.springframework.boot.SpringApplication.run(SpringApplication.java:335)
	at org.springframework.boot.SpringApplication.run(SpringApplication.java:1363)
	at org.springframework.boot.SpringApplication.run(SpringApplication.java:1352)
	at kr.jinju.restfulapi.RestfulapiApplication.main(RestfulapiApplication.java:10)
	at java.base/jdk.internal.reflect.NativeMethodAccessorImpl.invoke0(Native Method)
	at java.base/jdk.internal.reflect.NativeMethodAccessorImpl.invoke(NativeMethodAccessorImpl.java:77)
	at java.base/jdk.internal.reflect.DelegatingMethodAccessorImpl.invoke(DelegatingMethodAccessorImpl.java:43)
	at java.base/java.lang.reflect.Method.invoke(Method.java:568)
	at org.springframework.boot.devtools.restart.RestartLauncher.run(RestartLauncher.java:50)
Caused by: org.springframework.beans.BeanInstantiationException: Failed to instantiate [kr.jinju.restfulapi.controllers.SimpleRestfulController]: Constructor threw exception
	at org.springframework.beans.BeanUtils.instantiateClass(BeanUtils.java:221)
	at org.springframework.beans.factory.support.SimpleInstantiationStrategy.instantiate(SimpleInstantiationStrategy.java:94)
	at org.springframework.beans.factory.support.AbstractAutowireCapableBeanFactory.instantiateBean(AbstractAutowireCapableBeanFactory.java:1331)
	... 22 common frames omitted
Caused by: java.lang.Error: Unresolved compilation problems: 
	Syntax error, insert "}" to complete ClassBody
	Syntax error on token ",", FormalParameter expected after this token
	Syntax error on token "}", delete this token

	at kr.jinju.restfulapi.controllers.SimpleRestfulController.<init>(SimpleRestfulController.java:88)
	at java.base/jdk.internal.reflect.NativeConstructorAccessorImpl.newInstance0(Native Method)
	at java.base/jdk.internal.reflect.NativeConstructorAccessorImpl.newInstance(NativeConstructorAccessorImpl.java:77)
	at java.base/jdk.internal.reflect.DelegatingConstructorAccessorImpl.newInstance(DelegatingConstructorAccessorImpl.java:45)
	at java.base/java.lang.reflect.Constructor.newInstanceWithCaller(Constructor.java:499)
	at java.base/java.lang.reflect.Constructor.newInstance(Constructor.java:480)
	at org.springframework.beans.BeanUtils.instantiateClass(BeanUtils.java:195)
	... 24 common frames omitted
[INFO ] 24-10-29 15:25:30 [RestfulapiApplication:50] - Starting RestfulapiApplication using Java 17.0.2 with PID 4348 (D:\jinju\07_SpringBoot\09_restfulapi\bin\main started by user in D:\jinju\07_SpringBoot\09_restfulapi)
[DEBUG] 24-10-29 15:25:30 [RestfulapiApplication:51] - Running with Spring Boot v3.3.5, Spring v6.1.14
[INFO ] 24-10-29 15:25:30 [RestfulapiApplication:654] - No active profile set, falling back to 1 default profile: "default"
[WARN ] 24-10-29 15:25:30 [ClassPathMapperScanner:44] - No MyBatis mapper was found in '[kr.jinju.restfulapi]' package. Please check your configuration.
[INFO ] 24-10-29 15:25:31 [RestfulapiApplication:56] - Started RestfulapiApplication in 0.701 seconds (process running for 219.934)
[INFO ] 24-10-29 15:25:34 [RestfulapiApplication:50] - Starting RestfulapiApplication using Java 17.0.2 with PID 988 (D:\jinju\07_SpringBoot\09_restfulapi\bin\main started by user in D:\jinju\07_SpringBoot\09_restfulapi)
[DEBUG] 24-10-29 15:25:34 [RestfulapiApplication:51] - Running with Spring Boot v3.3.5, Spring v6.1.14
[INFO ] 24-10-29 15:25:34 [RestfulapiApplication:654] - No active profile set, falling back to 1 default profile: "default"
[DEBUG] 24-10-29 15:25:35 [LogFactory:109] - Logging initialized using 'class org.apache.ibatis.logging.slf4j.Slf4jImpl' adapter.
[WARN ] 24-10-29 15:25:35 [ClassPathMapperScanner:44] - No MyBatis mapper was found in '[kr.jinju.restfulapi]' package. Please check your configuration.
[INFO ] 24-10-29 15:25:36 [RestfulapiApplication:56] - Started RestfulapiApplication in 3.331 seconds (process running for 3.985)
[INFO ] 24-10-29 15:27:49 [RestfulapiApplication:50] - Starting RestfulapiApplication using Java 17.0.2 with PID 988 (D:\jinju\07_SpringBoot\09_restfulapi\bin\main started by user in D:\jinju\07_SpringBoot\09_restfulapi)
[DEBUG] 24-10-29 15:27:49 [RestfulapiApplication:51] - Running with Spring Boot v3.3.5, Spring v6.1.14
[INFO ] 24-10-29 15:27:49 [RestfulapiApplication:654] - No active profile set, falling back to 1 default profile: "default"
[WARN ] 24-10-29 15:27:49 [ClassPathMapperScanner:44] - No MyBatis mapper was found in '[kr.jinju.restfulapi]' package. Please check your configuration.
[INFO ] 24-10-29 15:27:50 [RestfulapiApplication:56] - Started RestfulapiApplication in 0.828 seconds (process running for 137.141)
[INFO ] 24-10-29 15:30:05 [RestfulapiApplication:50] - Starting RestfulapiApplication using Java 17.0.2 with PID 988 (D:\jinju\07_SpringBoot\09_restfulapi\bin\main started by user in D:\jinju\07_SpringBoot\09_restfulapi)
[DEBUG] 24-10-29 15:30:05 [RestfulapiApplication:51] - Running with Spring Boot v3.3.5, Spring v6.1.14
[INFO ] 24-10-29 15:30:05 [RestfulapiApplication:654] - No active profile set, falling back to 1 default profile: "default"
[WARN ] 24-10-29 15:30:06 [ClassPathMapperScanner:44] - No MyBatis mapper was found in '[kr.jinju.restfulapi]' package. Please check your configuration.
[INFO ] 24-10-29 15:30:06 [RestfulapiApplication:56] - Started RestfulapiApplication in 0.652 seconds (process running for 273.36)
[INFO ] 24-10-29 15:31:18 [RestfulapiApplication:50] - Starting RestfulapiApplication using Java 17.0.2 with PID 988 (D:\jinju\07_SpringBoot\09_restfulapi\bin\main started by user in D:\jinju\07_SpringBoot\09_restfulapi)
[DEBUG] 24-10-29 15:31:18 [RestfulapiApplication:51] - Running with Spring Boot v3.3.5, Spring v6.1.14
[INFO ] 24-10-29 15:31:18 [RestfulapiApplication:654] - No active profile set, falling back to 1 default profile: "default"
[WARN ] 24-10-29 15:31:19 [ClassPathMapperScanner:44] - No MyBatis mapper was found in '[kr.jinju.restfulapi]' package. Please check your configuration.
[INFO ] 24-10-29 15:31:19 [RestfulapiApplication:56] - Started RestfulapiApplication in 0.625 seconds (process running for 346.434)
[INFO ] 24-10-29 15:31:24 [RestfulapiApplication:50] - Starting RestfulapiApplication using Java 17.0.2 with PID 988 (D:\jinju\07_SpringBoot\09_restfulapi\bin\main started by user in D:\jinju\07_SpringBoot\09_restfulapi)
[DEBUG] 24-10-29 15:31:24 [RestfulapiApplication:51] - Running with Spring Boot v3.3.5, Spring v6.1.14
[INFO ] 24-10-29 15:31:24 [RestfulapiApplication:654] - No active profile set, falling back to 1 default profile: "default"
[WARN ] 24-10-29 15:31:24 [ClassPathMapperScanner:44] - No MyBatis mapper was found in '[kr.jinju.restfulapi]' package. Please check your configuration.
[INFO ] 24-10-29 15:31:24 [RestfulapiApplication:56] - Started RestfulapiApplication in 0.58 seconds (process running for 351.579)
[INFO ] 24-10-29 15:32:38 [RestfulapiApplication:50] - Starting RestfulapiApplication using Java 17.0.2 with PID 988 (D:\jinju\07_SpringBoot\09_restfulapi\bin\main started by user in D:\jinju\07_SpringBoot\09_restfulapi)
[DEBUG] 24-10-29 15:32:38 [RestfulapiApplication:51] - Running with Spring Boot v3.3.5, Spring v6.1.14
[INFO ] 24-10-29 15:32:38 [RestfulapiApplication:654] - No active profile set, falling back to 1 default profile: "default"
[WARN ] 24-10-29 15:32:38 [ClassPathMapperScanner:44] - No MyBatis mapper was found in '[kr.jinju.restfulapi]' package. Please check your configuration.
[INFO ] 24-10-29 15:32:38 [RestfulapiApplication:56] - Started RestfulapiApplication in 0.743 seconds (process running for 425.863)
[INFO ] 24-10-29 15:33:15 [RestfulapiApplication:50] - Starting RestfulapiApplication using Java 17.0.2 with PID 988 (D:\jinju\07_SpringBoot\09_restfulapi\bin\main started by user in D:\jinju\07_SpringBoot\09_restfulapi)
[DEBUG] 24-10-29 15:33:15 [RestfulapiApplication:51] - Running with Spring Boot v3.3.5, Spring v6.1.14
[INFO ] 24-10-29 15:33:15 [RestfulapiApplication:654] - No active profile set, falling back to 1 default profile: "default"
[WARN ] 24-10-29 15:33:16 [ClassPathMapperScanner:44] - No MyBatis mapper was found in '[kr.jinju.restfulapi]' package. Please check your configuration.
[INFO ] 24-10-29 15:33:16 [RestfulapiApplication:56] - Started RestfulapiApplication in 0.539 seconds (process running for 463.379)
[INFO ] 24-10-29 15:33:19 [RestfulapiApplication:50] - Starting RestfulapiApplication using Java 17.0.2 with PID 988 (D:\jinju\07_SpringBoot\09_restfulapi\bin\main started by user in D:\jinju\07_SpringBoot\09_restfulapi)
[DEBUG] 24-10-29 15:33:19 [RestfulapiApplication:51] - Running with Spring Boot v3.3.5, Spring v6.1.14
[INFO ] 24-10-29 15:33:19 [RestfulapiApplication:654] - No active profile set, falling back to 1 default profile: "default"
[WARN ] 24-10-29 15:33:20 [ClassPathMapperScanner:44] - No MyBatis mapper was found in '[kr.jinju.restfulapi]' package. Please check your configuration.
[INFO ] 24-10-29 15:33:20 [RestfulapiApplication:56] - Started RestfulapiApplication in 0.517 seconds (process running for 467.43)
[INFO ] 24-10-29 15:33:23 [RestfulapiApplication:50] - Starting RestfulapiApplication using Java 17.0.2 with PID 988 (D:\jinju\07_SpringBoot\09_restfulapi\bin\main started by user in D:\jinju\07_SpringBoot\09_restfulapi)
[DEBUG] 24-10-29 15:33:23 [RestfulapiApplication:51] - Running with Spring Boot v3.3.5, Spring v6.1.14
[INFO ] 24-10-29 15:33:23 [RestfulapiApplication:654] - No active profile set, falling back to 1 default profile: "default"
[WARN ] 24-10-29 15:33:24 [ClassPathMapperScanner:44] - No MyBatis mapper was found in '[kr.jinju.restfulapi]' package. Please check your configuration.
[INFO ] 24-10-29 15:33:24 [RestfulapiApplication:56] - Started RestfulapiApplication in 0.511 seconds (process running for 471.441)
[INFO ] 24-10-29 15:35:01 [RestfulapiApplication:50] - Starting RestfulapiApplication using Java 17.0.2 with PID 988 (D:\jinju\07_SpringBoot\09_restfulapi\bin\main started by user in D:\jinju\07_SpringBoot\09_restfulapi)
[DEBUG] 24-10-29 15:35:01 [RestfulapiApplication:51] - Running with Spring Boot v3.3.5, Spring v6.1.14
[INFO ] 24-10-29 15:35:01 [RestfulapiApplication:654] - No active profile set, falling back to 1 default profile: "default"
[WARN ] 24-10-29 15:35:01 [ClassPathMapperScanner:44] - No MyBatis mapper was found in '[kr.jinju.restfulapi]' package. Please check your configuration.
[INFO ] 24-10-29 15:35:01 [RestfulapiApplication:56] - Started RestfulapiApplication in 0.501 seconds (process running for 568.853)
[INFO ] 24-10-29 15:35:15 [MyInterceptor:45] - -------------- new client connect --------------
[INFO ] 24-10-29 15:35:16 [MyInterceptor:63] - [Client] 0:0:0:0:0:0:0:1, Other, Windows 10, Chrome 130.0
[INFO ] 24-10-29 15:35:16 [MyInterceptor:81] - [GET] http://localhost:8080/mail_form
[INFO ] 24-10-29 15:35:16 [MyInterceptor:118] - running time : 166(ms)
[ERROR] 24-10-29 15:35:16 [TemplateEngine:1141] - [THYMELEAF][http-nio-8080-exec-1] Exception processing template "mail_form.html": Error resolving template [mail_form.html], template might not exist or might not be accessible by any of the configured Template Resolvers
org.thymeleaf.exceptions.TemplateInputException: Error resolving template [mail_form.html], template might not exist or might not be accessible by any of the configured Template Resolvers
	at org.thymeleaf.engine.TemplateManager.resolveTemplate(TemplateManager.java:869)
	at org.thymeleaf.engine.TemplateManager.parseAndProcess(TemplateManager.java:607)
	at org.thymeleaf.TemplateEngine.process(TemplateEngine.java:1103)
	at org.thymeleaf.TemplateEngine.process(TemplateEngine.java:1077)
	at org.thymeleaf.spring6.view.ThymeleafView.renderFragment(ThymeleafView.java:372)
	at org.thymeleaf.spring6.view.ThymeleafView.render(ThymeleafView.java:192)
	at org.springframework.web.servlet.DispatcherServlet.render(DispatcherServlet.java:1432)
	at org.springframework.web.servlet.DispatcherServlet.processDispatchResult(DispatcherServlet.java:1168)
	at org.springframework.web.servlet.DispatcherServlet.doDispatch(DispatcherServlet.java:1106)
	at org.springframework.web.servlet.DispatcherServlet.doService(DispatcherServlet.java:979)
	at org.springframework.web.servlet.FrameworkServlet.processRequest(FrameworkServlet.java:1014)
	at org.springframework.web.servlet.FrameworkServlet.doGet(FrameworkServlet.java:903)
	at jakarta.servlet.http.HttpServlet.service(HttpServlet.java:564)
	at org.springframework.web.servlet.FrameworkServlet.service(FrameworkServlet.java:885)
	at jakarta.servlet.http.HttpServlet.service(HttpServlet.java:658)
	at org.apache.catalina.core.ApplicationFilterChain.internalDoFilter(ApplicationFilterChain.java:195)
	at org.apache.catalina.core.ApplicationFilterChain.doFilter(ApplicationFilterChain.java:140)
	at org.apache.tomcat.websocket.server.WsFilter.doFilter(WsFilter.java:51)
	at org.apache.catalina.core.ApplicationFilterChain.internalDoFilter(ApplicationFilterChain.java:164)
	at org.apache.catalina.core.ApplicationFilterChain.doFilter(ApplicationFilterChain.java:140)
	at org.springframework.web.filter.RequestContextFilter.doFilterInternal(RequestContextFilter.java:100)
	at org.springframework.web.filter.OncePerRequestFilter.doFilter(OncePerRequestFilter.java:116)
	at org.apache.catalina.core.ApplicationFilterChain.internalDoFilter(ApplicationFilterChain.java:164)
	at org.apache.catalina.core.ApplicationFilterChain.doFilter(ApplicationFilterChain.java:140)
	at org.springframework.web.filter.FormContentFilter.doFilterInternal(FormContentFilter.java:93)
	at org.springframework.web.filter.OncePerRequestFilter.doFilter(OncePerRequestFilter.java:116)
	at org.apache.catalina.core.ApplicationFilterChain.internalDoFilter(ApplicationFilterChain.java:164)
	at org.apache.catalina.core.ApplicationFilterChain.doFilter(ApplicationFilterChain.java:140)
	at org.springframework.web.filter.ServerHttpObservationFilter.doFilterInternal(ServerHttpObservationFilter.java:113)
	at org.springframework.web.filter.OncePerRequestFilter.doFilter(OncePerRequestFilter.java:116)
	at org.apache.catalina.core.ApplicationFilterChain.internalDoFilter(ApplicationFilterChain.java:164)
	at org.apache.catalina.core.ApplicationFilterChain.doFilter(ApplicationFilterChain.java:140)
	at org.springframework.web.filter.CharacterEncodingFilter.doFilterInternal(CharacterEncodingFilter.java:201)
	at org.springframework.web.filter.OncePerRequestFilter.doFilter(OncePerRequestFilter.java:116)
	at org.apache.catalina.core.ApplicationFilterChain.internalDoFilter(ApplicationFilterChain.java:164)
	at org.apache.catalina.core.ApplicationFilterChain.doFilter(ApplicationFilterChain.java:140)
	at org.apache.catalina.core.StandardWrapperValve.invoke(StandardWrapperValve.java:167)
	at org.apache.catalina.core.StandardContextValve.invoke(StandardContextValve.java:90)
	at org.apache.catalina.authenticator.AuthenticatorBase.invoke(AuthenticatorBase.java:483)
	at org.apache.catalina.core.StandardHostValve.invoke(StandardHostValve.java:115)
	at org.apache.catalina.valves.ErrorReportValve.invoke(ErrorReportValve.java:93)
	at org.apache.catalina.core.StandardEngineValve.invoke(StandardEngineValve.java:74)
	at org.apache.catalina.connector.CoyoteAdapter.service(CoyoteAdapter.java:344)
	at org.apache.coyote.http11.Http11Processor.service(Http11Processor.java:384)
	at org.apache.coyote.AbstractProcessorLight.process(AbstractProcessorLight.java:63)
	at org.apache.coyote.AbstractProtocol$ConnectionHandler.process(AbstractProtocol.java:905)
	at org.apache.tomcat.util.net.NioEndpoint$SocketProcessor.doRun(NioEndpoint.java:1741)
	at org.apache.tomcat.util.net.SocketProcessorBase.run(SocketProcessorBase.java:52)
	at org.apache.tomcat.util.threads.ThreadPoolExecutor.runWorker(ThreadPoolExecutor.java:1190)
	at org.apache.tomcat.util.threads.ThreadPoolExecutor$Worker.run(ThreadPoolExecutor.java:659)
	at org.apache.tomcat.util.threads.TaskThread$WrappingRunnable.run(TaskThread.java:63)
	at java.base/java.lang.Thread.run(Thread.java:833)
[ERROR] 24-10-29 15:35:16 [[dispatcherServlet]:175] - Servlet.service() for servlet [dispatcherServlet] in context with path [] threw exception [Request processing failed: org.thymeleaf.exceptions.TemplateInputException: Error resolving template [mail_form.html], template might not exist or might not be accessible by any of the configured Template Resolvers] with root cause
org.thymeleaf.exceptions.TemplateInputException: Error resolving template [mail_form.html], template might not exist or might not be accessible by any of the configured Template Resolvers
	at org.thymeleaf.engine.TemplateManager.resolveTemplate(TemplateManager.java:869)
	at org.thymeleaf.engine.TemplateManager.parseAndProcess(TemplateManager.java:607)
	at org.thymeleaf.TemplateEngine.process(TemplateEngine.java:1103)
	at org.thymeleaf.TemplateEngine.process(TemplateEngine.java:1077)
	at org.thymeleaf.spring6.view.ThymeleafView.renderFragment(ThymeleafView.java:372)
	at org.thymeleaf.spring6.view.ThymeleafView.render(ThymeleafView.java:192)
	at org.springframework.web.servlet.DispatcherServlet.render(DispatcherServlet.java:1432)
	at org.springframework.web.servlet.DispatcherServlet.processDispatchResult(DispatcherServlet.java:1168)
	at org.springframework.web.servlet.DispatcherServlet.doDispatch(DispatcherServlet.java:1106)
	at org.springframework.web.servlet.DispatcherServlet.doService(DispatcherServlet.java:979)
	at org.springframework.web.servlet.FrameworkServlet.processRequest(FrameworkServlet.java:1014)
	at org.springframework.web.servlet.FrameworkServlet.doGet(FrameworkServlet.java:903)
	at jakarta.servlet.http.HttpServlet.service(HttpServlet.java:564)
	at org.springframework.web.servlet.FrameworkServlet.service(FrameworkServlet.java:885)
	at jakarta.servlet.http.HttpServlet.service(HttpServlet.java:658)
	at org.apache.catalina.core.ApplicationFilterChain.internalDoFilter(ApplicationFilterChain.java:195)
	at org.apache.catalina.core.ApplicationFilterChain.doFilter(ApplicationFilterChain.java:140)
	at org.apache.tomcat.websocket.server.WsFilter.doFilter(WsFilter.java:51)
	at org.apache.catalina.core.ApplicationFilterChain.internalDoFilter(ApplicationFilterChain.java:164)
	at org.apache.catalina.core.ApplicationFilterChain.doFilter(ApplicationFilterChain.java:140)
	at org.springframework.web.filter.RequestContextFilter.doFilterInternal(RequestContextFilter.java:100)
	at org.springframework.web.filter.OncePerRequestFilter.doFilter(OncePerRequestFilter.java:116)
	at org.apache.catalina.core.ApplicationFilterChain.internalDoFilter(ApplicationFilterChain.java:164)
	at org.apache.catalina.core.ApplicationFilterChain.doFilter(ApplicationFilterChain.java:140)
	at org.springframework.web.filter.FormContentFilter.doFilterInternal(FormContentFilter.java:93)
	at org.springframework.web.filter.OncePerRequestFilter.doFilter(OncePerRequestFilter.java:116)
	at org.apache.catalina.core.ApplicationFilterChain.internalDoFilter(ApplicationFilterChain.java:164)
	at org.apache.catalina.core.ApplicationFilterChain.doFilter(ApplicationFilterChain.java:140)
	at org.springframework.web.filter.ServerHttpObservationFilter.doFilterInternal(ServerHttpObservationFilter.java:113)
	at org.springframework.web.filter.OncePerRequestFilter.doFilter(OncePerRequestFilter.java:116)
	at org.apache.catalina.core.ApplicationFilterChain.internalDoFilter(ApplicationFilterChain.java:164)
	at org.apache.catalina.core.ApplicationFilterChain.doFilter(ApplicationFilterChain.java:140)
	at org.springframework.web.filter.CharacterEncodingFilter.doFilterInternal(CharacterEncodingFilter.java:201)
	at org.springframework.web.filter.OncePerRequestFilter.doFilter(OncePerRequestFilter.java:116)
	at org.apache.catalina.core.ApplicationFilterChain.internalDoFilter(ApplicationFilterChain.java:164)
	at org.apache.catalina.core.ApplicationFilterChain.doFilter(ApplicationFilterChain.java:140)
	at org.apache.catalina.core.StandardWrapperValve.invoke(StandardWrapperValve.java:167)
	at org.apache.catalina.core.StandardContextValve.invoke(StandardContextValve.java:90)
	at org.apache.catalina.authenticator.AuthenticatorBase.invoke(AuthenticatorBase.java:483)
	at org.apache.catalina.core.StandardHostValve.invoke(StandardHostValve.java:115)
	at org.apache.catalina.valves.ErrorReportValve.invoke(ErrorReportValve.java:93)
	at org.apache.catalina.core.StandardEngineValve.invoke(StandardEngineValve.java:74)
	at org.apache.catalina.connector.CoyoteAdapter.service(CoyoteAdapter.java:344)
	at org.apache.coyote.http11.Http11Processor.service(Http11Processor.java:384)
	at org.apache.coyote.AbstractProcessorLight.process(AbstractProcessorLight.java:63)
	at org.apache.coyote.AbstractProtocol$ConnectionHandler.process(AbstractProtocol.java:905)
	at org.apache.tomcat.util.net.NioEndpoint$SocketProcessor.doRun(NioEndpoint.java:1741)
	at org.apache.tomcat.util.net.SocketProcessorBase.run(SocketProcessorBase.java:52)
	at org.apache.tomcat.util.threads.ThreadPoolExecutor.runWorker(ThreadPoolExecutor.java:1190)
	at org.apache.tomcat.util.threads.ThreadPoolExecutor$Worker.run(ThreadPoolExecutor.java:659)
	at org.apache.tomcat.util.threads.TaskThread$WrappingRunnable.run(TaskThread.java:63)
	at java.base/java.lang.Thread.run(Thread.java:833)
[INFO ] 24-10-29 15:43:50 [MyInterceptor:45] - -------------- new client connect --------------
[INFO ] 24-10-29 15:43:50 [MyInterceptor:63] - [Client] 0:0:0:0:0:0:0:1, Other, Windows 10, Chrome 130.0
[INFO ] 24-10-29 15:43:50 [MyInterceptor:81] - [GET] http://localhost:8080/mail_form
[INFO ] 24-10-29 15:43:50 [MyInterceptor:118] - running time : 51(ms)
[INFO ] 24-10-29 15:44:21 [MyInterceptor:45] - -------------- new client connect --------------
[INFO ] 24-10-29 15:44:21 [MyInterceptor:63] - [Client] 0:0:0:0:0:0:0:1, Other, Windows 10, Chrome 130.0
[INFO ] 24-10-29 15:44:21 [MyInterceptor:81] - [POST] http://localhost:8080/sendmail
[INFO ] 24-10-29 15:44:21 [MyInterceptor:88] - param <-- sender-name = 심진주
[INFO ] 24-10-29 15:44:21 [MyInterceptor:88] - param <-- sender-email = tlawlswn28@naver.com
[INFO ] 24-10-29 15:44:21 [MyInterceptor:88] - param <-- receiver-name = 심진주
[INFO ] 24-10-29 15:44:21 [MyInterceptor:88] - param <-- receiver-email = tlawlswn28@naver.com
[INFO ] 24-10-29 15:44:21 [MyInterceptor:88] - param <-- subject = 메일발송연습
[INFO ] 24-10-29 15:44:21 [MyInterceptor:88] - param <-- content = <p>메일발송연습</p>
[INFO ] 24-10-29 15:44:21 [MyInterceptor:97] - - REFERER : time=30890, url=http://localhost:8080/mail_form
[DEBUG] 24-10-29 15:44:21 [SimpleRestfulController:129] - ----------------------------------------------
[DEBUG] 24-10-29 15:44:21 [SimpleRestfulController:130] - SenderName: 심진주
[DEBUG] 24-10-29 15:44:21 [SimpleRestfulController:131] - SenderEmail: tlawlswn28@naver.com
[DEBUG] 24-10-29 15:44:21 [SimpleRestfulController:132] - ReceiverName: 심진주
[DEBUG] 24-10-29 15:44:21 [SimpleRestfulController:133] - ReceiverEmail: tlawlswn28@naver.com
[DEBUG] 24-10-29 15:44:21 [SimpleRestfulController:134] - subject: 메일발송연습
[DEBUG] 24-10-29 15:44:21 [SimpleRestfulController:135] - content: <p>메일발송연습</p>
[DEBUG] 24-10-29 15:44:21 [SimpleRestfulController:136] - ----------------------------------------------
[INFO ] 24-10-29 15:44:22 [MyInterceptor:118] - running time : 670(ms)
[INFO ] 24-10-29 15:46:11 [MyInterceptor:45] - -------------- new client connect --------------
[INFO ] 24-10-29 15:46:11 [MyInterceptor:63] - [Client] 0:0:0:0:0:0:0:1, Other, Windows 10, Chrome 130.0
[INFO ] 24-10-29 15:46:11 [MyInterceptor:81] - [POST] http://localhost:8080/sendmail
[INFO ] 24-10-29 15:46:11 [MyInterceptor:88] - param <-- sender-name = 심진주
[INFO ] 24-10-29 15:46:11 [MyInterceptor:88] - param <-- sender-email = tlawlswn28@naver.com
[INFO ] 24-10-29 15:46:11 [MyInterceptor:88] - param <-- receiver-name = 심진주
[INFO ] 24-10-29 15:46:11 [MyInterceptor:88] - param <-- receiver-email = tlawlswn28@naver.com
[INFO ] 24-10-29 15:46:11 [MyInterceptor:88] - param <-- subject = 메일발송연습
[INFO ] 24-10-29 15:46:11 [MyInterceptor:88] - param <-- content = <p>메일발송연습</p>
[INFO ] 24-10-29 15:46:11 [MyInterceptor:97] - - REFERER : time=109032, url=http://localhost:8080/mail_form
[DEBUG] 24-10-29 15:46:11 [SimpleRestfulController:129] - ----------------------------------------------
[DEBUG] 24-10-29 15:46:11 [SimpleRestfulController:130] - SenderName: 심진주
[DEBUG] 24-10-29 15:46:11 [SimpleRestfulController:131] - SenderEmail: tlawlswn28@naver.com
[DEBUG] 24-10-29 15:46:11 [SimpleRestfulController:132] - ReceiverName: 심진주
[DEBUG] 24-10-29 15:46:11 [SimpleRestfulController:133] - ReceiverEmail: tlawlswn28@naver.com
[DEBUG] 24-10-29 15:46:11 [SimpleRestfulController:134] - subject: 메일발송연습
[DEBUG] 24-10-29 15:46:11 [SimpleRestfulController:135] - content: <p>메일발송연습</p>
[DEBUG] 24-10-29 15:46:11 [SimpleRestfulController:136] - ----------------------------------------------
[INFO ] 24-10-29 15:46:11 [MyInterceptor:118] - running time : 420(ms)
[INFO ] 24-10-29 15:46:37 [MyInterceptor:45] - -------------- new client connect --------------
[INFO ] 24-10-29 15:46:37 [MyInterceptor:63] - [Client] 0:0:0:0:0:0:0:1, Other, Windows 10, Chrome 130.0
[INFO ] 24-10-29 15:46:37 [MyInterceptor:81] - [GET] http://localhost:8080/mail_form
[INFO ] 24-10-29 15:46:37 [MyInterceptor:118] - running time : 34(ms)
[INFO ] 24-10-29 15:46:54 [MyInterceptor:45] - -------------- new client connect --------------
[INFO ] 24-10-29 15:46:54 [MyInterceptor:63] - [Client] 0:0:0:0:0:0:0:1, Other, Windows 10, Chrome 130.0
[INFO ] 24-10-29 15:46:54 [MyInterceptor:81] - [POST] http://localhost:8080/sendmail
[INFO ] 24-10-29 15:46:54 [MyInterceptor:88] - param <-- sender-name = 심진주
[INFO ] 24-10-29 15:46:54 [MyInterceptor:88] - param <-- sender-email = tlawlswn28@naver.com
[INFO ] 24-10-29 15:46:54 [MyInterceptor:88] - param <-- receiver-name = 심진주
[INFO ] 24-10-29 15:46:54 [MyInterceptor:88] - param <-- receiver-email = tlawlswn28@naver.com
[INFO ] 24-10-29 15:46:54 [MyInterceptor:88] - param <-- subject = 심진주
[INFO ] 24-10-29 15:46:54 [MyInterceptor:88] - param <-- content = <p>심진주</p>
[INFO ] 24-10-29 15:46:54 [MyInterceptor:97] - - REFERER : time=17042, url=http://localhost:8080/mail_form
[DEBUG] 24-10-29 15:46:54 [SimpleRestfulController:129] - ----------------------------------------------
[DEBUG] 24-10-29 15:46:54 [SimpleRestfulController:130] - SenderName: 심진주
[DEBUG] 24-10-29 15:46:54 [SimpleRestfulController:131] - SenderEmail: tlawlswn28@naver.com
[DEBUG] 24-10-29 15:46:54 [SimpleRestfulController:132] - ReceiverName: 심진주
[DEBUG] 24-10-29 15:46:54 [SimpleRestfulController:133] - ReceiverEmail: tlawlswn28@naver.com
[DEBUG] 24-10-29 15:46:54 [SimpleRestfulController:134] - subject: 심진주
[DEBUG] 24-10-29 15:46:54 [SimpleRestfulController:135] - content: <p>심진주</p>
[DEBUG] 24-10-29 15:46:54 [SimpleRestfulController:136] - ----------------------------------------------
[INFO ] 24-10-29 15:46:54 [MyInterceptor:118] - running time : 306(ms)
[INFO ] 24-10-29 16:25:57 [RestfulapiApplication:50] - Starting RestfulapiApplication using Java 17.0.2 with PID 600 (D:\jinju\07_SpringBoot\09_restfulapi\bin\main started by user in D:\jinju\07_SpringBoot\09_restfulapi)
[DEBUG] 24-10-29 16:25:57 [RestfulapiApplication:51] - Running with Spring Boot v3.3.5, Spring v6.1.14
[INFO ] 24-10-29 16:25:57 [RestfulapiApplication:654] - No active profile set, falling back to 1 default profile: "default"
[DEBUG] 24-10-29 16:25:58 [LogFactory:109] - Logging initialized using 'class org.apache.ibatis.logging.slf4j.Slf4jImpl' adapter.
[WARN ] 24-10-29 16:25:58 [ClassPathMapperScanner:44] - No MyBatis mapper was found in '[kr.jinju.restfulapi]' package. Please check your configuration.
[INFO ] 24-10-29 16:26:00 [RestfulapiApplication:56] - Started RestfulapiApplication in 3.121 seconds (process running for 3.757)
[INFO ] 24-10-29 16:26:06 [MyInterceptor:45] - -------------- new client connect --------------
[INFO ] 24-10-29 16:26:06 [MyInterceptor:63] - [Client] 0:0:0:0:0:0:0:1, Other, Windows 10, Chrome 130.0
[INFO ] 24-10-29 16:26:06 [MyInterceptor:81] - [GET] http://localhost:8080/my_calc
[INFO ] 24-10-29 16:26:06 [MyInterceptor:118] - running time : 227(ms)
[INFO ] 24-10-29 16:27:16 [MyInterceptor:45] - -------------- new client connect --------------
[INFO ] 24-10-29 16:27:16 [MyInterceptor:63] - [Client] 0:0:0:0:0:0:0:1, Other, Windows 10, Chrome 130.0
[INFO ] 24-10-29 16:27:16 [MyInterceptor:81] - [GET] http://localhost:8080/my_calc
[INFO ] 24-10-29 16:27:16 [MyInterceptor:118] - running time : 58(ms)
[INFO ] 24-10-29 16:27:25 [MyInterceptor:45] - -------------- new client connect --------------
[INFO ] 24-10-29 16:27:25 [MyInterceptor:63] - [Client] 127.0.0.1, Other, Other null, Other null
[INFO ] 24-10-29 16:27:25 [MyInterceptor:81] - [GET] http://localhost:8080/my_calc
[INFO ] 24-10-29 16:27:25 [MyInterceptor:118] - running time : 40(ms)
[INFO ] 24-10-29 16:30:42 [RestfulapiApplication:50] - Starting RestfulapiApplication using Java 17.0.2 with PID 600 (D:\jinju\07_SpringBoot\09_restfulapi\bin\main started by user in D:\jinju\07_SpringBoot\09_restfulapi)
[DEBUG] 24-10-29 16:30:42 [RestfulapiApplication:51] - Running with Spring Boot v3.3.5, Spring v6.1.14
[INFO ] 24-10-29 16:30:42 [RestfulapiApplication:654] - No active profile set, falling back to 1 default profile: "default"
[WARN ] 24-10-29 16:30:42 [ClassPathMapperScanner:44] - No MyBatis mapper was found in '[kr.jinju.restfulapi]' package. Please check your configuration.
[INFO ] 24-10-29 16:30:42 [RestfulapiApplication:56] - Started RestfulapiApplication in 0.805 seconds (process running for 286.183)
[INFO ] 24-10-29 16:30:47 [RestfulapiApplication:50] - Starting RestfulapiApplication using Java 17.0.2 with PID 600 (D:\jinju\07_SpringBoot\09_restfulapi\bin\main started by user in D:\jinju\07_SpringBoot\09_restfulapi)
[DEBUG] 24-10-29 16:30:47 [RestfulapiApplication:51] - Running with Spring Boot v3.3.5, Spring v6.1.14
[INFO ] 24-10-29 16:30:47 [RestfulapiApplication:654] - No active profile set, falling back to 1 default profile: "default"
[WARN ] 24-10-29 16:30:48 [ClassPathMapperScanner:44] - No MyBatis mapper was found in '[kr.jinju.restfulapi]' package. Please check your configuration.
[INFO ] 24-10-29 16:30:50 [RestfulapiApplication:50] - Starting RestfulapiApplication using Java 17.0.2 with PID 10408 (D:\jinju\07_SpringBoot\09_restfulapi\bin\main started by user in D:\jinju\07_SpringBoot\09_restfulapi)
[DEBUG] 24-10-29 16:30:50 [RestfulapiApplication:51] - Running with Spring Boot v3.3.5, Spring v6.1.14
[INFO ] 24-10-29 16:30:50 [RestfulapiApplication:654] - No active profile set, falling back to 1 default profile: "default"
[DEBUG] 24-10-29 16:30:52 [LogFactory:109] - Logging initialized using 'class org.apache.ibatis.logging.slf4j.Slf4jImpl' adapter.
[WARN ] 24-10-29 16:30:52 [ClassPathMapperScanner:44] - No MyBatis mapper was found in '[kr.jinju.restfulapi]' package. Please check your configuration.
[INFO ] 24-10-29 16:30:54 [RestfulapiApplication:56] - Started RestfulapiApplication in 4.379 seconds (process running for 5.364)
[INFO ] 24-10-29 16:31:38 [MyInterceptor:45] - -------------- new client connect --------------
[INFO ] 24-10-29 16:31:38 [MyInterceptor:63] - [Client] 127.0.0.1, Other, Other null, Other null
[INFO ] 24-10-29 16:31:38 [MyInterceptor:81] - [POST] http://localhost:8080/my_calc
[INFO ] 24-10-29 16:31:38 [MyInterceptor:118] - running time : 197(ms)
[INFO ] 24-10-29 16:32:30 [RestfulapiApplication:50] - Starting RestfulapiApplication using Java 17.0.2 with PID 10408 (D:\jinju\07_SpringBoot\09_restfulapi\bin\main started by user in D:\jinju\07_SpringBoot\09_restfulapi)
[DEBUG] 24-10-29 16:32:30 [RestfulapiApplication:51] - Running with Spring Boot v3.3.5, Spring v6.1.14
[INFO ] 24-10-29 16:32:30 [RestfulapiApplication:654] - No active profile set, falling back to 1 default profile: "default"
[WARN ] 24-10-29 16:32:31 [ClassPathMapperScanner:44] - No MyBatis mapper was found in '[kr.jinju.restfulapi]' package. Please check your configuration.
[INFO ] 24-10-29 16:32:33 [RestfulapiApplication:50] - Starting RestfulapiApplication using Java 17.0.2 with PID 2152 (D:\jinju\07_SpringBoot\09_restfulapi\bin\main started by user in D:\jinju\07_SpringBoot\09_restfulapi)
[DEBUG] 24-10-29 16:32:33 [RestfulapiApplication:51] - Running with Spring Boot v3.3.5, Spring v6.1.14
[INFO ] 24-10-29 16:32:33 [RestfulapiApplication:654] - No active profile set, falling back to 1 default profile: "default"
[DEBUG] 24-10-29 16:32:34 [LogFactory:109] - Logging initialized using 'class org.apache.ibatis.logging.slf4j.Slf4jImpl' adapter.
[WARN ] 24-10-29 16:32:34 [ClassPathMapperScanner:44] - No MyBatis mapper was found in '[kr.jinju.restfulapi]' package. Please check your configuration.
[INFO ] 24-10-29 16:32:35 [RestfulapiApplication:56] - Started RestfulapiApplication in 2.993 seconds (process running for 3.585)
[INFO ] 24-10-29 16:34:56 [MyInterceptor:45] - -------------- new client connect --------------
[INFO ] 24-10-29 16:34:56 [MyInterceptor:63] - [Client] 127.0.0.1, Other, Other null, Other null
[INFO ] 24-10-29 16:34:56 [MyInterceptor:81] - [PUT] http://localhost:8080/my_calc
[INFO ] 24-10-29 16:34:56 [MyInterceptor:118] - running time : 186(ms)
[INFO ] 24-10-29 16:35:33 [MyInterceptor:45] - -------------- new client connect --------------
[INFO ] 24-10-29 16:35:33 [MyInterceptor:63] - [Client] 127.0.0.1, Other, Other null, Other null
[INFO ] 24-10-29 16:35:33 [MyInterceptor:81] - [PUT] http://localhost:8080/my_calc
[INFO ] 24-10-29 16:35:33 [MyInterceptor:88] - param <-- x = 321
[INFO ] 24-10-29 16:35:33 [MyInterceptor:88] - param <-- y = 45
[INFO ] 24-10-29 16:35:33 [MyInterceptor:118] - running time : 47(ms)
[INFO ] 24-10-29 16:35:51 [MyInterceptor:45] - -------------- new client connect --------------
[INFO ] 24-10-29 16:35:51 [MyInterceptor:63] - [Client] 127.0.0.1, Other, Other null, Other null
[INFO ] 24-10-29 16:35:51 [MyInterceptor:81] - [POST] http://localhost:8080/my_calc
[INFO ] 24-10-29 16:35:51 [MyInterceptor:88] - param <-- x = 321
[INFO ] 24-10-29 16:35:51 [MyInterceptor:88] - param <-- y = 45
[INFO ] 24-10-29 16:35:51 [MyInterceptor:118] - running time : 33(ms)
[INFO ] 24-10-29 16:36:27 [RestfulapiApplication:50] - Starting RestfulapiApplication using Java 17.0.2 with PID 2152 (D:\jinju\07_SpringBoot\09_restfulapi\bin\main started by user in D:\jinju\07_SpringBoot\09_restfulapi)
[DEBUG] 24-10-29 16:36:27 [RestfulapiApplication:51] - Running with Spring Boot v3.3.5, Spring v6.1.14
[INFO ] 24-10-29 16:36:27 [RestfulapiApplication:654] - No active profile set, falling back to 1 default profile: "default"
[WARN ] 24-10-29 16:36:28 [ClassPathMapperScanner:44] - No MyBatis mapper was found in '[kr.jinju.restfulapi]' package. Please check your configuration.
[INFO ] 24-10-29 16:36:28 [RestfulapiApplication:56] - Started RestfulapiApplication in 0.752 seconds (process running for 236.536)
[INFO ] 24-10-29 16:36:37 [RestfulapiApplication:50] - Starting RestfulapiApplication using Java 17.0.2 with PID 2152 (D:\jinju\07_SpringBoot\09_restfulapi\bin\main started by user in D:\jinju\07_SpringBoot\09_restfulapi)
[DEBUG] 24-10-29 16:36:37 [RestfulapiApplication:51] - Running with Spring Boot v3.3.5, Spring v6.1.14
[INFO ] 24-10-29 16:36:37 [RestfulapiApplication:654] - No active profile set, falling back to 1 default profile: "default"
[WARN ] 24-10-29 16:36:37 [ClassPathMapperScanner:44] - No MyBatis mapper was found in '[kr.jinju.restfulapi]' package. Please check your configuration.
[INFO ] 24-10-29 16:36:37 [RestfulapiApplication:56] - Started RestfulapiApplication in 0.678 seconds (process running for 245.795)
[INFO ] 24-10-29 16:39:22 [RestfulapiApplication:50] - Starting RestfulapiApplication using Java 17.0.2 with PID 2152 (D:\jinju\07_SpringBoot\09_restfulapi\bin\main started by user in D:\jinju\07_SpringBoot\09_restfulapi)
[DEBUG] 24-10-29 16:39:22 [RestfulapiApplication:51] - Running with Spring Boot v3.3.5, Spring v6.1.14
[INFO ] 24-10-29 16:39:22 [RestfulapiApplication:654] - No active profile set, falling back to 1 default profile: "default"
[WARN ] 24-10-29 16:39:22 [ClassPathMapperScanner:44] - No MyBatis mapper was found in '[kr.jinju.restfulapi]' package. Please check your configuration.
[INFO ] 24-10-29 16:39:22 [RestfulapiApplication:56] - Started RestfulapiApplication in 0.757 seconds (process running for 410.957)
[INFO ] 24-10-29 16:39:24 [RestfulapiApplication:50] - Starting RestfulapiApplication using Java 17.0.2 with PID 2152 (D:\jinju\07_SpringBoot\09_restfulapi\bin\main started by user in D:\jinju\07_SpringBoot\09_restfulapi)
[DEBUG] 24-10-29 16:39:24 [RestfulapiApplication:51] - Running with Spring Boot v3.3.5, Spring v6.1.14
[INFO ] 24-10-29 16:39:24 [RestfulapiApplication:654] - No active profile set, falling back to 1 default profile: "default"
[WARN ] 24-10-29 16:39:24 [ClassPathMapperScanner:44] - No MyBatis mapper was found in '[kr.jinju.restfulapi]' package. Please check your configuration.
[INFO ] 24-10-29 16:39:24 [RestfulapiApplication:56] - Started RestfulapiApplication in 0.574 seconds (process running for 413.004)
[INFO ] 24-10-29 16:39:48 [RestfulapiApplication:50] - Starting RestfulapiApplication using Java 17.0.2 with PID 2152 (D:\jinju\07_SpringBoot\09_restfulapi\bin\main started by user in D:\jinju\07_SpringBoot\09_restfulapi)
[DEBUG] 24-10-29 16:39:48 [RestfulapiApplication:51] - Running with Spring Boot v3.3.5, Spring v6.1.14
[INFO ] 24-10-29 16:39:48 [RestfulapiApplication:654] - No active profile set, falling back to 1 default profile: "default"
[WARN ] 24-10-29 16:39:49 [ClassPathMapperScanner:44] - No MyBatis mapper was found in '[kr.jinju.restfulapi]' package. Please check your configuration.
[INFO ] 24-10-29 16:39:49 [RestfulapiApplication:56] - Started RestfulapiApplication in 0.667 seconds (process running for 437.454)
[INFO ] 24-10-29 16:40:18 [RestfulapiApplication:50] - Starting RestfulapiApplication using Java 17.0.2 with PID 2152 (D:\jinju\07_SpringBoot\09_restfulapi\bin\main started by user in D:\jinju\07_SpringBoot\09_restfulapi)
[DEBUG] 24-10-29 16:40:18 [RestfulapiApplication:51] - Running with Spring Boot v3.3.5, Spring v6.1.14
[INFO ] 24-10-29 16:40:18 [RestfulapiApplication:654] - No active profile set, falling back to 1 default profile: "default"
[WARN ] 24-10-29 16:40:18 [ClassPathMapperScanner:44] - No MyBatis mapper was found in '[kr.jinju.restfulapi]' package. Please check your configuration.
[INFO ] 24-10-29 16:40:18 [RestfulapiApplication:56] - Started RestfulapiApplication in 0.546 seconds (process running for 466.782)
[INFO ] 24-10-29 16:55:19 [RestfulapiApplication:50] - Starting RestfulapiApplication using Java 17.0.2 with PID 11124 (D:\jinju\07_SpringBoot\09_restfulapi\bin\main started by user in D:\jinju\07_SpringBoot\09_restfulapi)
[DEBUG] 24-10-29 16:55:19 [RestfulapiApplication:51] - Running with Spring Boot v3.3.5, Spring v6.1.14
[INFO ] 24-10-29 16:55:19 [RestfulapiApplication:654] - No active profile set, falling back to 1 default profile: "default"
[DEBUG] 24-10-29 16:55:20 [LogFactory:109] - Logging initialized using 'class org.apache.ibatis.logging.slf4j.Slf4jImpl' adapter.
[WARN ] 24-10-29 16:55:20 [ClassPathMapperScanner:44] - No MyBatis mapper was found in '[kr.jinju.restfulapi]' package. Please check your configuration.
[INFO ] 24-10-29 16:55:22 [RestfulapiApplication:56] - Started RestfulapiApplication in 3.168 seconds (process running for 3.795)
[INFO ] 24-10-29 16:55:33 [MyInterceptor:45] - -------------- new client connect --------------
[INFO ] 24-10-29 16:55:33 [MyInterceptor:63] - [Client] 0:0:0:0:0:0:0:1, Other, Windows 10, Chrome 130.0
[INFO ] 24-10-29 16:55:33 [MyInterceptor:81] - [GET] http://localhost:8080/my_calc
[ERROR] 24-10-29 16:55:33 [[dispatcherServlet]:175] - Servlet.service() for servlet [dispatcherServlet] in context with path [] threw exception [Request processing failed: java.lang.IllegalArgumentException: Name for argument of type [int] not specified, and parameter name information not available via reflection. Ensure that the compiler uses the '-parameters' flag.] with root cause
java.lang.IllegalArgumentException: Name for argument of type [int] not specified, and parameter name information not available via reflection. Ensure that the compiler uses the '-parameters' flag.
	at org.springframework.web.method.annotation.AbstractNamedValueMethodArgumentResolver.updateNamedValueInfo(AbstractNamedValueMethodArgumentResolver.java:186)
	at org.springframework.web.method.annotation.AbstractNamedValueMethodArgumentResolver.getNamedValueInfo(AbstractNamedValueMethodArgumentResolver.java:161)
	at org.springframework.web.method.annotation.AbstractNamedValueMethodArgumentResolver.resolveArgument(AbstractNamedValueMethodArgumentResolver.java:107)
	at org.springframework.web.method.support.HandlerMethodArgumentResolverComposite.resolveArgument(HandlerMethodArgumentResolverComposite.java:122)
	at org.springframework.web.method.support.InvocableHandlerMethod.getMethodArgumentValues(InvocableHandlerMethod.java:224)
	at org.springframework.web.method.support.InvocableHandlerMethod.invokeForRequest(InvocableHandlerMethod.java:178)
	at org.springframework.web.servlet.mvc.method.annotation.ServletInvocableHandlerMethod.invokeAndHandle(ServletInvocableHandlerMethod.java:118)
	at org.springframework.web.servlet.mvc.method.annotation.RequestMappingHandlerAdapter.invokeHandlerMethod(RequestMappingHandlerAdapter.java:926)
	at org.springframework.web.servlet.mvc.method.annotation.RequestMappingHandlerAdapter.handleInternal(RequestMappingHandlerAdapter.java:831)
	at org.springframework.web.servlet.mvc.method.AbstractHandlerMethodAdapter.handle(AbstractHandlerMethodAdapter.java:87)
	at org.springframework.web.servlet.DispatcherServlet.doDispatch(DispatcherServlet.java:1089)
	at org.springframework.web.servlet.DispatcherServlet.doService(DispatcherServlet.java:979)
	at org.springframework.web.servlet.FrameworkServlet.processRequest(FrameworkServlet.java:1014)
	at org.springframework.web.servlet.FrameworkServlet.doGet(FrameworkServlet.java:903)
	at jakarta.servlet.http.HttpServlet.service(HttpServlet.java:564)
	at org.springframework.web.servlet.FrameworkServlet.service(FrameworkServlet.java:885)
	at jakarta.servlet.http.HttpServlet.service(HttpServlet.java:658)
	at org.apache.catalina.core.ApplicationFilterChain.internalDoFilter(ApplicationFilterChain.java:195)
	at org.apache.catalina.core.ApplicationFilterChain.doFilter(ApplicationFilterChain.java:140)
	at org.apache.tomcat.websocket.server.WsFilter.doFilter(WsFilter.java:51)
	at org.apache.catalina.core.ApplicationFilterChain.internalDoFilter(ApplicationFilterChain.java:164)
	at org.apache.catalina.core.ApplicationFilterChain.doFilter(ApplicationFilterChain.java:140)
	at org.springframework.web.filter.RequestContextFilter.doFilterInternal(RequestContextFilter.java:100)
	at org.springframework.web.filter.OncePerRequestFilter.doFilter(OncePerRequestFilter.java:116)
	at org.apache.catalina.core.ApplicationFilterChain.internalDoFilter(ApplicationFilterChain.java:164)
	at org.apache.catalina.core.ApplicationFilterChain.doFilter(ApplicationFilterChain.java:140)
	at org.springframework.web.filter.FormContentFilter.doFilterInternal(FormContentFilter.java:93)
	at org.springframework.web.filter.OncePerRequestFilter.doFilter(OncePerRequestFilter.java:116)
	at org.apache.catalina.core.ApplicationFilterChain.internalDoFilter(ApplicationFilterChain.java:164)
	at org.apache.catalina.core.ApplicationFilterChain.doFilter(ApplicationFilterChain.java:140)
	at org.springframework.web.filter.ServerHttpObservationFilter.doFilterInternal(ServerHttpObservationFilter.java:113)
	at org.springframework.web.filter.OncePerRequestFilter.doFilter(OncePerRequestFilter.java:116)
	at org.apache.catalina.core.ApplicationFilterChain.internalDoFilter(ApplicationFilterChain.java:164)
	at org.apache.catalina.core.ApplicationFilterChain.doFilter(ApplicationFilterChain.java:140)
	at org.springframework.web.filter.CharacterEncodingFilter.doFilterInternal(CharacterEncodingFilter.java:201)
	at org.springframework.web.filter.OncePerRequestFilter.doFilter(OncePerRequestFilter.java:116)
	at org.apache.catalina.core.ApplicationFilterChain.internalDoFilter(ApplicationFilterChain.java:164)
	at org.apache.catalina.core.ApplicationFilterChain.doFilter(ApplicationFilterChain.java:140)
	at org.apache.catalina.core.StandardWrapperValve.invoke(StandardWrapperValve.java:167)
	at org.apache.catalina.core.StandardContextValve.invoke(StandardContextValve.java:90)
	at org.apache.catalina.authenticator.AuthenticatorBase.invoke(AuthenticatorBase.java:483)
	at org.apache.catalina.core.StandardHostValve.invoke(StandardHostValve.java:115)
	at org.apache.catalina.valves.ErrorReportValve.invoke(ErrorReportValve.java:93)
	at org.apache.catalina.core.StandardEngineValve.invoke(StandardEngineValve.java:74)
	at org.apache.catalina.connector.CoyoteAdapter.service(CoyoteAdapter.java:344)
	at org.apache.coyote.http11.Http11Processor.service(Http11Processor.java:384)
	at org.apache.coyote.AbstractProcessorLight.process(AbstractProcessorLight.java:63)
	at org.apache.coyote.AbstractProtocol$ConnectionHandler.process(AbstractProtocol.java:905)
	at org.apache.tomcat.util.net.NioEndpoint$SocketProcessor.doRun(NioEndpoint.java:1741)
	at org.apache.tomcat.util.net.SocketProcessorBase.run(SocketProcessorBase.java:52)
	at org.apache.tomcat.util.threads.ThreadPoolExecutor.runWorker(ThreadPoolExecutor.java:1190)
	at org.apache.tomcat.util.threads.ThreadPoolExecutor$Worker.run(ThreadPoolExecutor.java:659)
	at org.apache.tomcat.util.threads.TaskThread$WrappingRunnable.run(TaskThread.java:63)
	at java.base/java.lang.Thread.run(Thread.java:833)
[INFO ] 24-10-29 16:57:52 [MyInterceptor:45] - -------------- new client connect --------------
[INFO ] 24-10-29 16:57:52 [MyInterceptor:63] - [Client] 127.0.0.1, Other, Other null, Other null
[INFO ] 24-10-29 16:57:52 [MyInterceptor:81] - [GET] http://localhost:8080/my_calc
[INFO ] 24-10-29 16:57:52 [MyInterceptor:88] - param <-- x = 321
[INFO ] 24-10-29 16:57:52 [MyInterceptor:88] - param <-- y = 45
[ERROR] 24-10-29 16:57:52 [[dispatcherServlet]:175] - Servlet.service() for servlet [dispatcherServlet] in context with path [] threw exception [Request processing failed: java.lang.IllegalArgumentException: Name for argument of type [int] not specified, and parameter name information not available via reflection. Ensure that the compiler uses the '-parameters' flag.] with root cause
java.lang.IllegalArgumentException: Name for argument of type [int] not specified, and parameter name information not available via reflection. Ensure that the compiler uses the '-parameters' flag.
	at org.springframework.web.method.annotation.AbstractNamedValueMethodArgumentResolver.updateNamedValueInfo(AbstractNamedValueMethodArgumentResolver.java:186)
	at org.springframework.web.method.annotation.AbstractNamedValueMethodArgumentResolver.getNamedValueInfo(AbstractNamedValueMethodArgumentResolver.java:161)
	at org.springframework.web.method.annotation.AbstractNamedValueMethodArgumentResolver.resolveArgument(AbstractNamedValueMethodArgumentResolver.java:107)
	at org.springframework.web.method.support.HandlerMethodArgumentResolverComposite.resolveArgument(HandlerMethodArgumentResolverComposite.java:122)
	at org.springframework.web.method.support.InvocableHandlerMethod.getMethodArgumentValues(InvocableHandlerMethod.java:224)
	at org.springframework.web.method.support.InvocableHandlerMethod.invokeForRequest(InvocableHandlerMethod.java:178)
	at org.springframework.web.servlet.mvc.method.annotation.ServletInvocableHandlerMethod.invokeAndHandle(ServletInvocableHandlerMethod.java:118)
	at org.springframework.web.servlet.mvc.method.annotation.RequestMappingHandlerAdapter.invokeHandlerMethod(RequestMappingHandlerAdapter.java:926)
	at org.springframework.web.servlet.mvc.method.annotation.RequestMappingHandlerAdapter.handleInternal(RequestMappingHandlerAdapter.java:831)
	at org.springframework.web.servlet.mvc.method.AbstractHandlerMethodAdapter.handle(AbstractHandlerMethodAdapter.java:87)
	at org.springframework.web.servlet.DispatcherServlet.doDispatch(DispatcherServlet.java:1089)
	at org.springframework.web.servlet.DispatcherServlet.doService(DispatcherServlet.java:979)
	at org.springframework.web.servlet.FrameworkServlet.processRequest(FrameworkServlet.java:1014)
	at org.springframework.web.servlet.FrameworkServlet.doGet(FrameworkServlet.java:903)
	at jakarta.servlet.http.HttpServlet.service(HttpServlet.java:564)
	at org.springframework.web.servlet.FrameworkServlet.service(FrameworkServlet.java:885)
	at jakarta.servlet.http.HttpServlet.service(HttpServlet.java:658)
	at org.apache.catalina.core.ApplicationFilterChain.internalDoFilter(ApplicationFilterChain.java:195)
	at org.apache.catalina.core.ApplicationFilterChain.doFilter(ApplicationFilterChain.java:140)
	at org.apache.tomcat.websocket.server.WsFilter.doFilter(WsFilter.java:51)
	at org.apache.catalina.core.ApplicationFilterChain.internalDoFilter(ApplicationFilterChain.java:164)
	at org.apache.catalina.core.ApplicationFilterChain.doFilter(ApplicationFilterChain.java:140)
	at org.springframework.web.filter.RequestContextFilter.doFilterInternal(RequestContextFilter.java:100)
	at org.springframework.web.filter.OncePerRequestFilter.doFilter(OncePerRequestFilter.java:116)
	at org.apache.catalina.core.ApplicationFilterChain.internalDoFilter(ApplicationFilterChain.java:164)
	at org.apache.catalina.core.ApplicationFilterChain.doFilter(ApplicationFilterChain.java:140)
	at org.springframework.web.filter.FormContentFilter.doFilterInternal(FormContentFilter.java:93)
	at org.springframework.web.filter.OncePerRequestFilter.doFilter(OncePerRequestFilter.java:116)
	at org.apache.catalina.core.ApplicationFilterChain.internalDoFilter(ApplicationFilterChain.java:164)
	at org.apache.catalina.core.ApplicationFilterChain.doFilter(ApplicationFilterChain.java:140)
	at org.springframework.web.filter.ServerHttpObservationFilter.doFilterInternal(ServerHttpObservationFilter.java:113)
	at org.springframework.web.filter.OncePerRequestFilter.doFilter(OncePerRequestFilter.java:116)
	at org.apache.catalina.core.ApplicationFilterChain.internalDoFilter(ApplicationFilterChain.java:164)
	at org.apache.catalina.core.ApplicationFilterChain.doFilter(ApplicationFilterChain.java:140)
	at org.springframework.web.filter.CharacterEncodingFilter.doFilterInternal(CharacterEncodingFilter.java:201)
	at org.springframework.web.filter.OncePerRequestFilter.doFilter(OncePerRequestFilter.java:116)
	at org.apache.catalina.core.ApplicationFilterChain.internalDoFilter(ApplicationFilterChain.java:164)
	at org.apache.catalina.core.ApplicationFilterChain.doFilter(ApplicationFilterChain.java:140)
	at org.apache.catalina.core.StandardWrapperValve.invoke(StandardWrapperValve.java:167)
	at org.apache.catalina.core.StandardContextValve.invoke(StandardContextValve.java:90)
	at org.apache.catalina.authenticator.AuthenticatorBase.invoke(AuthenticatorBase.java:483)
	at org.apache.catalina.core.StandardHostValve.invoke(StandardHostValve.java:115)
	at org.apache.catalina.valves.ErrorReportValve.invoke(ErrorReportValve.java:93)
	at org.apache.catalina.core.StandardEngineValve.invoke(StandardEngineValve.java:74)
	at org.apache.catalina.connector.CoyoteAdapter.service(CoyoteAdapter.java:344)
	at org.apache.coyote.http11.Http11Processor.service(Http11Processor.java:384)
	at org.apache.coyote.AbstractProcessorLight.process(AbstractProcessorLight.java:63)
	at org.apache.coyote.AbstractProtocol$ConnectionHandler.process(AbstractProtocol.java:905)
	at org.apache.tomcat.util.net.NioEndpoint$SocketProcessor.doRun(NioEndpoint.java:1741)
	at org.apache.tomcat.util.net.SocketProcessorBase.run(SocketProcessorBase.java:52)
	at org.apache.tomcat.util.threads.ThreadPoolExecutor.runWorker(ThreadPoolExecutor.java:1190)
	at org.apache.tomcat.util.threads.ThreadPoolExecutor$Worker.run(ThreadPoolExecutor.java:659)
	at org.apache.tomcat.util.threads.TaskThread$WrappingRunnable.run(TaskThread.java:63)
	at java.base/java.lang.Thread.run(Thread.java:833)
[INFO ] 24-10-29 16:58:19 [RestfulapiApplication:50] - Starting RestfulapiApplication using Java 17.0.2 with PID 11124 (D:\jinju\07_SpringBoot\09_restfulapi\bin\main started by user in D:\jinju\07_SpringBoot\09_restfulapi)
[DEBUG] 24-10-29 16:58:19 [RestfulapiApplication:51] - Running with Spring Boot v3.3.5, Spring v6.1.14
[INFO ] 24-10-29 16:58:19 [RestfulapiApplication:654] - No active profile set, falling back to 1 default profile: "default"
[WARN ] 24-10-29 16:58:19 [ClassPathMapperScanner:44] - No MyBatis mapper was found in '[kr.jinju.restfulapi]' package. Please check your configuration.
[INFO ] 24-10-29 16:58:20 [RestfulapiApplication:56] - Started RestfulapiApplication in 0.768 seconds (process running for 182.004)
[INFO ] 24-10-29 16:58:24 [RestfulapiApplication:50] - Starting RestfulapiApplication using Java 17.0.2 with PID 11124 (D:\jinju\07_SpringBoot\09_restfulapi\bin\main started by user in D:\jinju\07_SpringBoot\09_restfulapi)
[DEBUG] 24-10-29 16:58:24 [RestfulapiApplication:51] - Running with Spring Boot v3.3.5, Spring v6.1.14
[INFO ] 24-10-29 16:58:24 [RestfulapiApplication:654] - No active profile set, falling back to 1 default profile: "default"
[WARN ] 24-10-29 16:58:25 [ClassPathMapperScanner:44] - No MyBatis mapper was found in '[kr.jinju.restfulapi]' package. Please check your configuration.
[INFO ] 24-10-29 16:58:25 [RestfulapiApplication:56] - Started RestfulapiApplication in 0.724 seconds (process running for 187.312)
[INFO ] 24-10-29 17:00:21 [RestfulapiApplication:50] - Starting RestfulapiApplication using Java 17.0.2 with PID 11124 (D:\jinju\07_SpringBoot\09_restfulapi\bin\main started by user in D:\jinju\07_SpringBoot\09_restfulapi)
[DEBUG] 24-10-29 17:00:21 [RestfulapiApplication:51] - Running with Spring Boot v3.3.5, Spring v6.1.14
[INFO ] 24-10-29 17:00:21 [RestfulapiApplication:654] - No active profile set, falling back to 1 default profile: "default"
[INFO ] 24-10-29 17:00:23 [RestfulapiApplication:50] - Starting RestfulapiApplication using Java 17.0.2 with PID 2384 (D:\jinju\07_SpringBoot\09_restfulapi\bin\main started by user in D:\jinju\07_SpringBoot\09_restfulapi)
[DEBUG] 24-10-29 17:00:23 [RestfulapiApplication:51] - Running with Spring Boot v3.3.5, Spring v6.1.14
[INFO ] 24-10-29 17:00:23 [RestfulapiApplication:654] - No active profile set, falling back to 1 default profile: "default"
[DEBUG] 24-10-29 17:00:24 [LogFactory:109] - Logging initialized using 'class org.apache.ibatis.logging.slf4j.Slf4jImpl' adapter.
[WARN ] 24-10-29 17:00:24 [ClassPathMapperScanner:44] - No MyBatis mapper was found in '[kr.jinju.restfulapi]' package. Please check your configuration.
[INFO ] 24-10-29 17:00:25 [RestfulapiApplication:56] - Started RestfulapiApplication in 2.988 seconds (process running for 3.62)
[INFO ] 24-10-29 17:00:43 [RestfulapiApplication:50] - Starting RestfulapiApplication using Java 17.0.2 with PID 2384 (D:\jinju\07_SpringBoot\09_restfulapi\bin\main started by user in D:\jinju\07_SpringBoot\09_restfulapi)
[DEBUG] 24-10-29 17:00:43 [RestfulapiApplication:51] - Running with Spring Boot v3.3.5, Spring v6.1.14
[INFO ] 24-10-29 17:00:43 [RestfulapiApplication:654] - No active profile set, falling back to 1 default profile: "default"
[WARN ] 24-10-29 17:00:43 [ClassPathMapperScanner:44] - No MyBatis mapper was found in '[kr.jinju.restfulapi]' package. Please check your configuration.
[INFO ] 24-10-29 17:00:44 [RestfulapiApplication:56] - Started RestfulapiApplication in 0.777 seconds (process running for 22.047)
[INFO ] 24-10-29 17:00:56 [RestfulapiApplication:50] - Starting RestfulapiApplication using Java 17.0.2 with PID 2384 (D:\jinju\07_SpringBoot\09_restfulapi\bin\main started by user in D:\jinju\07_SpringBoot\09_restfulapi)
[DEBUG] 24-10-29 17:00:56 [RestfulapiApplication:51] - Running with Spring Boot v3.3.5, Spring v6.1.14
[INFO ] 24-10-29 17:00:56 [RestfulapiApplication:654] - No active profile set, falling back to 1 default profile: "default"
[WARN ] 24-10-29 17:00:57 [ClassPathMapperScanner:44] - No MyBatis mapper was found in '[kr.jinju.restfulapi]' package. Please check your configuration.
[INFO ] 24-10-29 17:00:57 [RestfulapiApplication:56] - Started RestfulapiApplication in 0.802 seconds (process running for 35.532)
[INFO ] 24-10-29 17:01:12 [RestfulapiApplication:50] - Starting RestfulapiApplication using Java 17.0.2 with PID 2384 (D:\jinju\07_SpringBoot\09_restfulapi\bin\main started by user in D:\jinju\07_SpringBoot\09_restfulapi)
[DEBUG] 24-10-29 17:01:12 [RestfulapiApplication:51] - Running with Spring Boot v3.3.5, Spring v6.1.14
[INFO ] 24-10-29 17:01:12 [RestfulapiApplication:654] - No active profile set, falling back to 1 default profile: "default"
[WARN ] 24-10-29 17:01:12 [ClassPathMapperScanner:44] - No MyBatis mapper was found in '[kr.jinju.restfulapi]' package. Please check your configuration.
[INFO ] 24-10-29 17:01:12 [RestfulapiApplication:56] - Started RestfulapiApplication in 0.669 seconds (process running for 50.931)
[INFO ] 24-10-29 17:01:34 [RestfulapiApplication:50] - Starting RestfulapiApplication using Java 17.0.2 with PID 2384 (D:\jinju\07_SpringBoot\09_restfulapi\bin\main started by user in D:\jinju\07_SpringBoot\09_restfulapi)
[DEBUG] 24-10-29 17:01:34 [RestfulapiApplication:51] - Running with Spring Boot v3.3.5, Spring v6.1.14
[INFO ] 24-10-29 17:01:34 [RestfulapiApplication:654] - No active profile set, falling back to 1 default profile: "default"
[WARN ] 24-10-29 17:01:35 [ClassPathMapperScanner:44] - No MyBatis mapper was found in '[kr.jinju.restfulapi]' package. Please check your configuration.
[INFO ] 24-10-29 17:01:35 [RestfulapiApplication:56] - Started RestfulapiApplication in 0.613 seconds (process running for 73.279)
[INFO ] 24-10-29 17:01:44 [MyInterceptor:45] - -------------- new client connect --------------
[INFO ] 24-10-29 17:01:44 [MyInterceptor:63] - [Client] 0:0:0:0:0:0:0:1, Other, Windows 10, Chrome 130.0
[INFO ] 24-10-29 17:01:44 [MyInterceptor:81] - [GET] http://localhost:8080/my_calc
[WARN ] 24-10-29 17:01:44 [DefaultHandlerExceptionResolver:247] - Resolved [org.springframework.web.bind.MissingServletRequestParameterException: Required request parameter 'x' for method parameter type int is not present]
[INFO ] 24-10-29 17:01:55 [RestfulapiApplication:50] - Starting RestfulapiApplication using Java 17.0.2 with PID 2384 (D:\jinju\07_SpringBoot\09_restfulapi\bin\main started by user in D:\jinju\07_SpringBoot\09_restfulapi)
[DEBUG] 24-10-29 17:01:55 [RestfulapiApplication:51] - Running with Spring Boot v3.3.5, Spring v6.1.14
[INFO ] 24-10-29 17:01:55 [RestfulapiApplication:654] - No active profile set, falling back to 1 default profile: "default"
[WARN ] 24-10-29 17:01:55 [ClassPathMapperScanner:44] - No MyBatis mapper was found in '[kr.jinju.restfulapi]' package. Please check your configuration.
[INFO ] 24-10-29 17:01:55 [RestfulapiApplication:56] - Started RestfulapiApplication in 0.645 seconds (process running for 93.658)
[INFO ] 24-10-29 17:07:14 [RestfulapiApplication:50] - Starting RestfulapiApplication using Java 17.0.2 with PID 2384 (D:\jinju\07_SpringBoot\09_restfulapi\bin\main started by user in D:\jinju\07_SpringBoot\09_restfulapi)
[DEBUG] 24-10-29 17:07:14 [RestfulapiApplication:51] - Running with Spring Boot v3.3.5, Spring v6.1.14
[INFO ] 24-10-29 17:07:14 [RestfulapiApplication:654] - No active profile set, falling back to 1 default profile: "default"
[WARN ] 24-10-29 17:07:14 [ClassPathMapperScanner:44] - No MyBatis mapper was found in '[kr.jinju.restfulapi]' package. Please check your configuration.
[INFO ] 24-10-29 17:07:14 [RestfulapiApplication:56] - Started RestfulapiApplication in 0.55 seconds (process running for 412.587)
[INFO ] 24-10-29 17:07:37 [RestfulapiApplication:50] - Starting RestfulapiApplication using Java 17.0.2 with PID 2384 (D:\jinju\07_SpringBoot\09_restfulapi\bin\main started by user in D:\jinju\07_SpringBoot\09_restfulapi)
[DEBUG] 24-10-29 17:07:37 [RestfulapiApplication:51] - Running with Spring Boot v3.3.5, Spring v6.1.14
[INFO ] 24-10-29 17:07:37 [RestfulapiApplication:654] - No active profile set, falling back to 1 default profile: "default"
[WARN ] 24-10-29 17:07:37 [ClassPathMapperScanner:44] - No MyBatis mapper was found in '[kr.jinju.restfulapi]' package. Please check your configuration.
[INFO ] 24-10-29 17:07:37 [RestfulapiApplication:56] - Started RestfulapiApplication in 0.552 seconds (process running for 435.932)
[INFO ] 24-10-29 17:07:48 [MyInterceptor:45] - -------------- new client connect --------------
[INFO ] 24-10-29 17:07:48 [MyInterceptor:63] - [Client] 0:0:0:0:0:0:0:1, Other, Windows 10, Chrome 130.0
[INFO ] 24-10-29 17:07:48 [MyInterceptor:81] - [GET] http://localhost:8080/my_calc
[WARN ] 24-10-29 17:07:48 [DefaultHandlerExceptionResolver:247] - Resolved [org.springframework.web.bind.MissingServletRequestParameterException: Required request parameter 'x' for method parameter type int is not present]
[INFO ] 24-10-29 17:08:12 [RestfulapiApplication:50] - Starting RestfulapiApplication using Java 17.0.2 with PID 2384 (D:\jinju\07_SpringBoot\09_restfulapi\bin\main started by user in D:\jinju\07_SpringBoot\09_restfulapi)
[DEBUG] 24-10-29 17:08:12 [RestfulapiApplication:51] - Running with Spring Boot v3.3.5, Spring v6.1.14
[INFO ] 24-10-29 17:08:12 [RestfulapiApplication:654] - No active profile set, falling back to 1 default profile: "default"
[WARN ] 24-10-29 17:08:13 [ClassPathMapperScanner:44] - No MyBatis mapper was found in '[kr.jinju.restfulapi]' package. Please check your configuration.
[INFO ] 24-10-29 17:08:13 [RestfulapiApplication:56] - Started RestfulapiApplication in 0.578 seconds (process running for 471.385)
[INFO ] 24-10-29 17:08:21 [RestfulapiApplication:50] - Starting RestfulapiApplication using Java 17.0.2 with PID 2384 (D:\jinju\07_SpringBoot\09_restfulapi\bin\main started by user in D:\jinju\07_SpringBoot\09_restfulapi)
[DEBUG] 24-10-29 17:08:21 [RestfulapiApplication:51] - Running with Spring Boot v3.3.5, Spring v6.1.14
[INFO ] 24-10-29 17:08:21 [RestfulapiApplication:654] - No active profile set, falling back to 1 default profile: "default"
[WARN ] 24-10-29 17:08:21 [ClassPathMapperScanner:44] - No MyBatis mapper was found in '[kr.jinju.restfulapi]' package. Please check your configuration.
[INFO ] 24-10-29 17:08:21 [RestfulapiApplication:56] - Started RestfulapiApplication in 0.568 seconds (process running for 479.497)
[INFO ] 24-10-29 17:08:40 [RestfulapiApplication:50] - Starting RestfulapiApplication using Java 17.0.2 with PID 2384 (D:\jinju\07_SpringBoot\09_restfulapi\bin\main started by user in D:\jinju\07_SpringBoot\09_restfulapi)
[DEBUG] 24-10-29 17:08:40 [RestfulapiApplication:51] - Running with Spring Boot v3.3.5, Spring v6.1.14
[INFO ] 24-10-29 17:08:40 [RestfulapiApplication:654] - No active profile set, falling back to 1 default profile: "default"
[WARN ] 24-10-29 17:08:40 [ClassPathMapperScanner:44] - No MyBatis mapper was found in '[kr.jinju.restfulapi]' package. Please check your configuration.
[INFO ] 24-10-29 17:08:40 [RestfulapiApplication:56] - Started RestfulapiApplication in 0.547 seconds (process running for 498.726)
[INFO ] 24-10-29 17:08:47 [MyInterceptor:45] - -------------- new client connect --------------
[INFO ] 24-10-29 17:08:47 [MyInterceptor:63] - [Client] 0:0:0:0:0:0:0:1, Other, Windows 10, Chrome 130.0
[INFO ] 24-10-29 17:08:47 [MyInterceptor:81] - [GET] http://localhost:8080/my_calc
[WARN ] 24-10-29 17:08:47 [DefaultHandlerExceptionResolver:247] - Resolved [org.springframework.web.bind.MissingServletRequestParameterException: Required request parameter 'x' for method parameter type int is not present]
[INFO ] 24-10-29 17:09:02 [RestfulapiApplication:50] - Starting RestfulapiApplication using Java 17.0.2 with PID 2384 (D:\jinju\07_SpringBoot\09_restfulapi\bin\main started by user in D:\jinju\07_SpringBoot\09_restfulapi)
[DEBUG] 24-10-29 17:09:02 [RestfulapiApplication:51] - Running with Spring Boot v3.3.5, Spring v6.1.14
[INFO ] 24-10-29 17:09:02 [RestfulapiApplication:654] - No active profile set, falling back to 1 default profile: "default"
[INFO ] 24-10-29 17:09:04 [RestfulapiApplication:50] - Starting RestfulapiApplication using Java 17.0.2 with PID 8032 (D:\jinju\07_SpringBoot\09_restfulapi\bin\main started by user in D:\jinju\07_SpringBoot\09_restfulapi)
[DEBUG] 24-10-29 17:09:04 [RestfulapiApplication:51] - Running with Spring Boot v3.3.5, Spring v6.1.14
[INFO ] 24-10-29 17:09:04 [RestfulapiApplication:654] - No active profile set, falling back to 1 default profile: "default"
[DEBUG] 24-10-29 17:09:05 [LogFactory:109] - Logging initialized using 'class org.apache.ibatis.logging.slf4j.Slf4jImpl' adapter.
[WARN ] 24-10-29 17:09:05 [ClassPathMapperScanner:44] - No MyBatis mapper was found in '[kr.jinju.restfulapi]' package. Please check your configuration.
[INFO ] 24-10-29 17:09:07 [RestfulapiApplication:56] - Started RestfulapiApplication in 3.205 seconds (process running for 3.913)
[INFO ] 24-10-29 17:09:13 [MyInterceptor:45] - -------------- new client connect --------------
[INFO ] 24-10-29 17:09:13 [MyInterceptor:63] - [Client] 0:0:0:0:0:0:0:1, Other, Windows 10, Chrome 130.0
[INFO ] 24-10-29 17:09:13 [MyInterceptor:81] - [GET] http://localhost:8080/my_calc
[WARN ] 24-10-29 17:09:13 [DefaultHandlerExceptionResolver:247] - Resolved [org.springframework.web.bind.MissingServletRequestParameterException: Required request parameter 'x' for method parameter type int is not present]
[INFO ] 24-10-29 17:10:49 [MyInterceptor:45] - -------------- new client connect --------------
[INFO ] 24-10-29 17:10:49 [MyInterceptor:63] - [Client] 0:0:0:0:0:0:0:1, Other, Windows 10, Chrome 130.0
[INFO ] 24-10-29 17:10:49 [MyInterceptor:81] - [GET] http://localhost:8080/my_calc
[WARN ] 24-10-29 17:10:49 [DefaultHandlerExceptionResolver:247] - Resolved [org.springframework.web.bind.MissingServletRequestParameterException: Required request parameter 'x' for method parameter type int is not present]
[INFO ] 24-10-29 17:12:17 [RestfulapiApplication:50] - Starting RestfulapiApplication using Java 17.0.2 with PID 8032 (D:\jinju\07_SpringBoot\09_restfulapi\bin\main started by user in D:\jinju\07_SpringBoot\09_restfulapi)
[DEBUG] 24-10-29 17:12:17 [RestfulapiApplication:51] - Running with Spring Boot v3.3.5, Spring v6.1.14
[INFO ] 24-10-29 17:12:17 [RestfulapiApplication:654] - No active profile set, falling back to 1 default profile: "default"
[WARN ] 24-10-29 17:12:18 [ClassPathMapperScanner:44] - No MyBatis mapper was found in '[kr.jinju.restfulapi]' package. Please check your configuration.
[INFO ] 24-10-29 17:12:18 [RestfulapiApplication:56] - Started RestfulapiApplication in 0.88 seconds (process running for 195.413)
[INFO ] 24-10-29 17:12:25 [MyInterceptor:45] - -------------- new client connect --------------
[INFO ] 24-10-29 17:12:25 [MyInterceptor:63] - [Client] 0:0:0:0:0:0:0:1, Other, Windows 10, Chrome 130.0
[INFO ] 24-10-29 17:12:25 [MyInterceptor:81] - [GET] http://localhost:8080/my_calc
[WARN ] 24-10-29 17:12:25 [DefaultHandlerExceptionResolver:247] - Resolved [org.springframework.web.bind.MissingServletRequestParameterException: Required request parameter 'x' for method parameter type int is not present]
[INFO ] 24-10-29 17:14:59 [MyInterceptor:45] - -------------- new client connect --------------
[INFO ] 24-10-29 17:14:59 [MyInterceptor:63] - [Client] 127.0.0.1, Other, Other null, Other null
[INFO ] 24-10-29 17:14:59 [MyInterceptor:81] - [GET] http://localhost:8080/my_calc
[INFO ] 24-10-29 17:14:59 [MyInterceptor:88] - param <-- x = 321
[INFO ] 24-10-29 17:14:59 [MyInterceptor:88] - param <-- y = 44
[INFO ] 24-10-29 17:14:59 [MyInterceptor:118] - running time : 56(ms)
[INFO ] 24-10-29 17:15:07 [MyInterceptor:45] - -------------- new client connect --------------
[INFO ] 24-10-29 17:15:07 [MyInterceptor:63] - [Client] 0:0:0:0:0:0:0:1, Other, Windows 10, Chrome 130.0
[INFO ] 24-10-29 17:15:07 [MyInterceptor:81] - [GET] http://localhost:8080/my_calc
[WARN ] 24-10-29 17:15:07 [DefaultHandlerExceptionResolver:247] - Resolved [org.springframework.web.bind.MissingServletRequestParameterException: Required request parameter 'x' for method parameter type int is not present]
[INFO ] 24-10-29 17:16:39 [RestfulapiApplication:50] - Starting RestfulapiApplication using Java 17.0.2 with PID 8032 (D:\jinju\07_SpringBoot\09_restfulapi\bin\main started by user in D:\jinju\07_SpringBoot\09_restfulapi)
[DEBUG] 24-10-29 17:16:39 [RestfulapiApplication:51] - Running with Spring Boot v3.3.5, Spring v6.1.14
[INFO ] 24-10-29 17:16:39 [RestfulapiApplication:654] - No active profile set, falling back to 1 default profile: "default"
[WARN ] 24-10-29 17:16:39 [ClassPathMapperScanner:44] - No MyBatis mapper was found in '[kr.jinju.restfulapi]' package. Please check your configuration.
[INFO ] 24-10-29 17:16:41 [RestfulapiApplication:50] - Starting RestfulapiApplication using Java 17.0.2 with PID 15036 (D:\jinju\07_SpringBoot\09_restfulapi\bin\main started by user in D:\jinju\07_SpringBoot\09_restfulapi)
[DEBUG] 24-10-29 17:16:41 [RestfulapiApplication:51] - Running with Spring Boot v3.3.5, Spring v6.1.14
[INFO ] 24-10-29 17:16:41 [RestfulapiApplication:654] - No active profile set, falling back to 1 default profile: "default"
[DEBUG] 24-10-29 17:16:42 [LogFactory:109] - Logging initialized using 'class org.apache.ibatis.logging.slf4j.Slf4jImpl' adapter.
[WARN ] 24-10-29 17:16:42 [ClassPathMapperScanner:44] - No MyBatis mapper was found in '[kr.jinju.restfulapi]' package. Please check your configuration.
[INFO ] 24-10-29 17:16:44 [RestfulapiApplication:56] - Started RestfulapiApplication in 3.1 seconds (process running for 3.693)
[INFO ] 24-10-29 17:17:09 [MyInterceptor:45] - -------------- new client connect --------------
[INFO ] 24-10-29 17:17:09 [MyInterceptor:63] - [Client] 127.0.0.1, Other, Other null, Other null
[INFO ] 24-10-29 17:17:09 [MyInterceptor:81] - [POST] http://localhost:8080/my_calc
[INFO ] 24-10-29 17:17:09 [MyInterceptor:88] - param <-- x = 321
[INFO ] 24-10-29 17:17:09 [MyInterceptor:88] - param <-- y = 44
[INFO ] 24-10-29 17:17:09 [MyInterceptor:118] - running time : 185(ms)
[INFO ] 24-10-29 17:18:02 [RestfulapiApplication:50] - Starting RestfulapiApplication using Java 17.0.2 with PID 15036 (D:\jinju\07_SpringBoot\09_restfulapi\bin\main started by user in D:\jinju\07_SpringBoot\09_restfulapi)
[DEBUG] 24-10-29 17:18:02 [RestfulapiApplication:51] - Running with Spring Boot v3.3.5, Spring v6.1.14
[INFO ] 24-10-29 17:18:02 [RestfulapiApplication:654] - No active profile set, falling back to 1 default profile: "default"
[WARN ] 24-10-29 17:18:03 [ClassPathMapperScanner:44] - No MyBatis mapper was found in '[kr.jinju.restfulapi]' package. Please check your configuration.
[INFO ] 24-10-29 17:18:03 [RestfulapiApplication:56] - Started RestfulapiApplication in 0.925 seconds (process running for 82.981)
[INFO ] 24-10-29 17:18:44 [MyInterceptor:45] - -------------- new client connect --------------
[INFO ] 24-10-29 17:18:44 [MyInterceptor:63] - [Client] 127.0.0.1, Other, Other null, Other null
[INFO ] 24-10-29 17:18:44 [MyInterceptor:81] - [PUT] http://localhost:8080/my_calc
[INFO ] 24-10-29 17:18:44 [MyInterceptor:88] - param <-- x = 321
[INFO ] 24-10-29 17:18:44 [MyInterceptor:88] - param <-- y = 44
[INFO ] 24-10-29 17:18:44 [MyInterceptor:118] - running time : 53(ms)
[INFO ] 24-10-29 17:20:19 [RestfulapiApplication:50] - Starting RestfulapiApplication using Java 17.0.2 with PID 15036 (D:\jinju\07_SpringBoot\09_restfulapi\bin\main started by user in D:\jinju\07_SpringBoot\09_restfulapi)
[DEBUG] 24-10-29 17:20:19 [RestfulapiApplication:51] - Running with Spring Boot v3.3.5, Spring v6.1.14
[INFO ] 24-10-29 17:20:19 [RestfulapiApplication:654] - No active profile set, falling back to 1 default profile: "default"
[WARN ] 24-10-29 17:20:20 [ClassPathMapperScanner:44] - No MyBatis mapper was found in '[kr.jinju.restfulapi]' package. Please check your configuration.
[INFO ] 24-10-29 17:20:20 [RestfulapiApplication:56] - Started RestfulapiApplication in 0.708 seconds (process running for 219.794)
[INFO ] 24-10-29 17:20:38 [RestfulapiApplication:50] - Starting RestfulapiApplication using Java 17.0.2 with PID 6716 (D:\jinju\07_SpringBoot\09_restfulapi\bin\main started by user in D:\jinju\07_SpringBoot\09_restfulapi)
[DEBUG] 24-10-29 17:20:38 [RestfulapiApplication:51] - Running with Spring Boot v3.3.5, Spring v6.1.14
[INFO ] 24-10-29 17:20:38 [RestfulapiApplication:654] - No active profile set, falling back to 1 default profile: "default"
[DEBUG] 24-10-29 17:20:39 [LogFactory:109] - Logging initialized using 'class org.apache.ibatis.logging.slf4j.Slf4jImpl' adapter.
[WARN ] 24-10-29 17:20:39 [ClassPathMapperScanner:44] - No MyBatis mapper was found in '[kr.jinju.restfulapi]' package. Please check your configuration.
[INFO ] 24-10-29 17:20:40 [RestfulapiApplication:56] - Started RestfulapiApplication in 3.108 seconds (process running for 3.73)
[INFO ] 24-10-29 17:20:46 [RestfulapiApplication:50] - Starting RestfulapiApplication using Java 17.0.2 with PID 6716 (D:\jinju\07_SpringBoot\09_restfulapi\bin\main started by user in D:\jinju\07_SpringBoot\09_restfulapi)
[DEBUG] 24-10-29 17:20:46 [RestfulapiApplication:51] - Running with Spring Boot v3.3.5, Spring v6.1.14
[INFO ] 24-10-29 17:20:46 [RestfulapiApplication:654] - No active profile set, falling back to 1 default profile: "default"
[WARN ] 24-10-29 17:20:46 [ClassPathMapperScanner:44] - No MyBatis mapper was found in '[kr.jinju.restfulapi]' package. Please check your configuration.
[INFO ] 24-10-29 17:20:47 [RestfulapiApplication:56] - Started RestfulapiApplication in 0.807 seconds (process running for 10.013)
[INFO ] 24-10-29 17:21:05 [MyInterceptor:45] - -------------- new client connect --------------
[INFO ] 24-10-29 17:21:05 [MyInterceptor:63] - [Client] 127.0.0.1, Other, Other null, Other null
[INFO ] 24-10-29 17:21:05 [MyInterceptor:81] - [DELETE] http://localhost:8080/my_calc
[INFO ] 24-10-29 17:21:05 [MyInterceptor:88] - param <-- x = 321
[INFO ] 24-10-29 17:21:05 [MyInterceptor:88] - param <-- y = 0
[INFO ] 24-10-29 17:21:05 [MyInterceptor:118] - running time : 186(ms)
[INFO ] 24-10-29 17:24:36 [MyInterceptor:45] - -------------- new client connect --------------
[INFO ] 24-10-29 17:24:36 [MyInterceptor:63] - [Client] 127.0.0.1, Other, Other null, Other null
[INFO ] 24-10-29 17:24:36 [MyInterceptor:81] - [GET] http://localhost:8080/my_calc?x=321&y=44
[INFO ] 24-10-29 17:24:36 [MyInterceptor:88] - param <-- x = 321,321
[INFO ] 24-10-29 17:24:36 [MyInterceptor:88] - param <-- y = 44,44
[INFO ] 24-10-29 17:24:36 [MyInterceptor:118] - running time : 46(ms)
